{"time":1501793324259,"datetime":"2017-08-03T20:48:44.259Z","level":4,"component":"server","event":"log.start","info":{"logVersion":"1.0","application":"muzivisual","installId":"f3871b60-73a7-11e7-875f-470acdd35ec5"}}
{"time":1501793324283,"datetime":"2017-08-03T20:48:44.283Z","level":4,"component":"server","event":"http.listen","info":{"port":8000}}
{"time":1501793324369,"datetime":"2017-08-03T20:48:44.369Z","level":4,"component":"server","event":"git.commit","info":"67b1787b24608ab39fecb11c6852a927f6d252bc"}
{"time":1501793411354,"datetime":"2017-08-03T20:50:11.354Z","level":4,"component":"loguse","event":"loguse.client.add","info":{"clientid":"3d8acb40-737a-11e7-aab6-5bbd2ded9f8b","userid":1}}
{"time":1501793411358,"datetime":"2017-08-03T20:50:11.358Z","level":4,"component":"loguse:1","event":"loguse.client.visible","info":{"clientid":"3d8acb40-737a-11e7-aab6-5bbd2ded9f8b","userid":1,"clienttime":1501793409811}}
{"time":1501793411358,"datetime":"2017-08-03T20:50:11.358Z","level":4,"component":"loguse:1","event":"loguse.client.view","info":{"userid":1,"clienttime":1501793409812,"path":"/","info":{}}}
{"time":1501793413917,"datetime":"2017-08-03T20:50:13.917Z","level":4,"component":"loguse:1","event":"loguse.client.view","info":{"userid":1,"clienttime":1501793413879,"path":"/","info":{}}}
{"time":1501793423337,"datetime":"2017-08-03T20:50:23.337Z","level":4,"component":"loguse:1","event":"loguse.client.view","info":{"userid":1,"clienttime":1501793423303,"path":"/performance/","info":{}}}
{"time":1501793461316,"datetime":"2017-08-03T20:51:01.316Z","level":4,"component":"loguse:1","event":"loguse.client.hidden","info":{"clientid":"3d8acb40-737a-11e7-aab6-5bbd2ded9f8b","userid":1,"clienttime":1501793461282,"after":51471}}
{"time":1501793486229,"datetime":"2017-08-03T20:51:26.229Z","level":4,"component":"loguse:1","event":"loguse.client.visible","info":{"clientid":"3d8acb40-737a-11e7-aab6-5bbd2ded9f8b","userid":1,"clienttime":1501793486193,"after":24911}}
{"time":1501793487654,"datetime":"2017-08-03T20:51:27.654Z","level":4,"component":"loguse:1","event":"loguse.client.hidden","info":{"clientid":"3d8acb40-737a-11e7-aab6-5bbd2ded9f8b","userid":1,"clienttime":1501793487620,"after":1427}}
{"time":1501793488496,"datetime":"2017-08-03T20:51:28.496Z","level":4,"component":"loguse","event":"loguse.client.add","info":{"clientid":"3d8acb40-737a-11e7-aab6-5bbd2ded9f8b","userid":"1"}}
{"time":1501793488508,"datetime":"2017-08-03T20:51:28.508Z","level":4,"component":"loguse:1","event":"loguse.client.visible","info":{"clientid":"3d8acb40-737a-11e7-aab6-5bbd2ded9f8b","userid":"1","clienttime":1501793488228}}
{"time":1501793488509,"datetime":"2017-08-03T20:51:28.509Z","level":4,"component":"loguse:1","event":"loguse.client.view","info":{"userid":"1","clienttime":1501793488229,"path":"/performance/","info":{}}}
{"time":1501793491835,"datetime":"2017-08-03T20:51:31.835Z","level":4,"component":"loguse:1","event":"loguse.client.view","info":{"userid":"1","clienttime":1501793491800,"path":"/","info":{}}}
{"time":1501793492673,"datetime":"2017-08-03T20:51:32.673Z","level":4,"component":"loguse:1","event":"loguse.client.view","info":{"userid":"1","clienttime":1501793492639,"path":"/performance/","info":{}}}
{"time":1501793495009,"datetime":"2017-08-03T20:51:35.009Z","level":4,"component":"loguse:1","event":"loguse.client.hidden","info":{"clientid":"3d8acb40-737a-11e7-aab6-5bbd2ded9f8b","userid":"1","clienttime":1501793494974,"after":6746}}
{"time":1501793495824,"datetime":"2017-08-03T20:51:35.824Z","level":4,"component":"loguse","event":"loguse.client.add","info":{"clientid":"3d8acb40-737a-11e7-aab6-5bbd2ded9f8b","userid":"1"}}
{"time":1501793495834,"datetime":"2017-08-03T20:51:35.834Z","level":4,"component":"loguse:1","event":"loguse.client.visible","info":{"clientid":"3d8acb40-737a-11e7-aab6-5bbd2ded9f8b","userid":"1","clienttime":1501793495541}}
{"time":1501793495835,"datetime":"2017-08-03T20:51:35.835Z","level":4,"component":"loguse:1","event":"loguse.client.view","info":{"userid":"1","clienttime":1501793495542,"path":"/performance/","info":{}}}
{"time":1501793500012,"datetime":"2017-08-03T20:51:40.012Z","level":4,"component":"loguse:1","event":"loguse.client.view","info":{"userid":"1","clienttime":1501793499978,"path":"/","info":{}}}
{"time":1501793501844,"datetime":"2017-08-03T20:51:41.844Z","level":4,"component":"loguse:1","event":"loguse.client.hidden","info":{"clientid":"3d8acb40-737a-11e7-aab6-5bbd2ded9f8b","userid":"1","clienttime":1501793501810,"after":6269}}
{"time":1501793502508,"datetime":"2017-08-03T20:51:42.508Z","level":4,"component":"loguse","event":"loguse.client.add","info":{"clientid":"3d8acb40-737a-11e7-aab6-5bbd2ded9f8b","userid":"1"}}
{"time":1501793502526,"datetime":"2017-08-03T20:51:42.526Z","level":4,"component":"loguse:1","event":"loguse.client.visible","info":{"clientid":"3d8acb40-737a-11e7-aab6-5bbd2ded9f8b","userid":"1","clienttime":1501793502435}}
{"time":1501793502526,"datetime":"2017-08-03T20:51:42.526Z","level":4,"component":"loguse:1","event":"loguse.client.view","info":{"userid":"1","clienttime":1501793502435,"path":"/","info":{}}}
{"time":1501793504146,"datetime":"2017-08-03T20:51:44.146Z","level":4,"component":"loguse:1","event":"loguse.client.view","info":{"userid":"1","clienttime":1501793504112,"path":"/performance/","info":{}}}
{"time":1501793517511,"datetime":"2017-08-03T20:51:57.511Z","level":4,"component":"loguse:1","event":"loguse.client.hidden","info":{"clientid":"3d8acb40-737a-11e7-aab6-5bbd2ded9f8b","userid":"1","clienttime":1501793517476,"after":15041}}
{"time":1501793519750,"datetime":"2017-08-03T20:51:59.750Z","level":4,"component":"loguse:1","event":"loguse.client.visible","info":{"clientid":"3d8acb40-737a-11e7-aab6-5bbd2ded9f8b","userid":"1","clienttime":1501793519715,"after":2239}}
{"time":1501793523812,"datetime":"2017-08-03T20:52:03.812Z","level":4,"component":"loguse:1","event":"loguse.client.hidden","info":{"clientid":"3d8acb40-737a-11e7-aab6-5bbd2ded9f8b","userid":"1","clienttime":1501793523777,"after":4062}}
{"time":1501793548973,"datetime":"2017-08-03T20:52:28.973Z","level":4,"component":"loguse:1","event":"loguse.client.visible","info":{"clientid":"3d8acb40-737a-11e7-aab6-5bbd2ded9f8b","userid":"1","clienttime":1501793548938,"after":25161}}
{"time":1501793575004,"datetime":"2017-08-03T20:52:55.004Z","level":4,"component":"loguse:1","event":"loguse.client.hidden","info":{"clientid":"3d8acb40-737a-11e7-aab6-5bbd2ded9f8b","userid":"1","clienttime":1501793574969,"after":26031}}
{"time":1501793672612,"datetime":"2017-08-03T20:54:32.612Z","level":4,"component":"loguse:1","event":"loguse.client.visible","info":{"clientid":"3d8acb40-737a-11e7-aab6-5bbd2ded9f8b","userid":"1","clienttime":1501793672576,"after":97607}}
{"time":1501793674019,"datetime":"2017-08-03T20:54:34.019Z","level":4,"component":"loguse:1","event":"loguse.client.hidden","info":{"clientid":"3d8acb40-737a-11e7-aab6-5bbd2ded9f8b","userid":"1","clienttime":1501793673984,"after":1408}}
{"time":1501793674880,"datetime":"2017-08-03T20:54:34.880Z","level":4,"component":"loguse","event":"loguse.client.add","info":{"clientid":"3d8acb40-737a-11e7-aab6-5bbd2ded9f8b","userid":"1"}}
{"time":1501793674889,"datetime":"2017-08-03T20:54:34.889Z","level":4,"component":"loguse:1","event":"loguse.client.visible","info":{"clientid":"3d8acb40-737a-11e7-aab6-5bbd2ded9f8b","userid":"1","clienttime":1501793674602}}
{"time":1501793674889,"datetime":"2017-08-03T20:54:34.889Z","level":4,"component":"loguse:1","event":"loguse.client.view","info":{"userid":"1","clienttime":1501793674603,"path":"/performance/","info":{}}}
{"time":1501793676857,"datetime":"2017-08-03T20:54:36.857Z","level":4,"component":"loguse:1","event":"loguse.client.view","info":{"userid":"1","clienttime":1501793676823,"path":"/","info":{}}}
{"time":1501793678740,"datetime":"2017-08-03T20:54:38.740Z","level":4,"component":"loguse:1","event":"loguse.client.hidden","info":{"clientid":"3d8acb40-737a-11e7-aab6-5bbd2ded9f8b","userid":"1","clienttime":1501793678705,"after":4103}}
{"time":1501793679322,"datetime":"2017-08-03T20:54:39.322Z","level":4,"component":"loguse","event":"loguse.client.add","info":{"clientid":"3d8acb40-737a-11e7-aab6-5bbd2ded9f8b","userid":"1"}}
{"time":1501793679334,"datetime":"2017-08-03T20:54:39.334Z","level":4,"component":"loguse:1","event":"loguse.client.visible","info":{"clientid":"3d8acb40-737a-11e7-aab6-5bbd2ded9f8b","userid":"1","clienttime":1501793679241}}
{"time":1501793679334,"datetime":"2017-08-03T20:54:39.334Z","level":4,"component":"loguse:1","event":"loguse.client.view","info":{"userid":"1","clienttime":1501793679241,"path":"/","info":{}}}
{"time":1501793680343,"datetime":"2017-08-03T20:54:40.343Z","level":4,"component":"loguse:1","event":"loguse.client.view","info":{"userid":"1","clienttime":1501793680308,"path":"/performance/","info":{}}}
{"time":1501793683960,"datetime":"2017-08-03T20:54:43.960Z","level":4,"component":"loguse:1","event":"loguse.client.view","info":{"userid":"1","clienttime":1501793683925,"path":"/","info":{}}}
{"time":1501793685233,"datetime":"2017-08-03T20:54:45.233Z","level":4,"component":"loguse:1","event":"loguse.client.hidden","info":{"clientid":"3d8acb40-737a-11e7-aab6-5bbd2ded9f8b","userid":"1","clienttime":1501793685198,"after":5957}}
{"time":1501793685822,"datetime":"2017-08-03T20:54:45.822Z","level":4,"component":"loguse","event":"loguse.client.add","info":{"clientid":"3d8acb40-737a-11e7-aab6-5bbd2ded9f8b","userid":"1"}}
{"time":1501793685838,"datetime":"2017-08-03T20:54:45.838Z","level":4,"component":"loguse:1","event":"loguse.client.visible","info":{"clientid":"3d8acb40-737a-11e7-aab6-5bbd2ded9f8b","userid":"1","clienttime":1501793685739}}
{"time":1501793685838,"datetime":"2017-08-03T20:54:45.838Z","level":4,"component":"loguse:1","event":"loguse.client.view","info":{"userid":"1","clienttime":1501793685740,"path":"/","info":{}}}
{"time":1501793687612,"datetime":"2017-08-03T20:54:47.612Z","level":4,"component":"loguse:1","event":"loguse.client.view","info":{"userid":"1","clienttime":1501793687578,"path":"/performance/","info":{}}}
{"time":1501793730512,"datetime":"2017-08-03T20:55:30.512Z","level":4,"component":"loguse:1","event":"loguse.client.hidden","info":{"clientid":"3d8acb40-737a-11e7-aab6-5bbd2ded9f8b","userid":"1","clienttime":1501793730475,"after":44736}}
{"time":1501793827989,"datetime":"2017-08-03T20:57:07.989Z","level":4,"component":"loguse:1","event":"loguse.client.visible","info":{"clientid":"3d8acb40-737a-11e7-aab6-5bbd2ded9f8b","userid":"1","clienttime":1501793827951,"after":97476}}
{"time":1501793829719,"datetime":"2017-08-03T20:57:09.719Z","level":4,"component":"loguse:1","event":"loguse.client.hidden","info":{"clientid":"3d8acb40-737a-11e7-aab6-5bbd2ded9f8b","userid":"1","clienttime":1501793829684,"after":1733}}
{"time":1501793830537,"datetime":"2017-08-03T20:57:10.537Z","level":4,"component":"loguse","event":"loguse.client.add","info":{"clientid":"3d8acb40-737a-11e7-aab6-5bbd2ded9f8b","userid":"1"}}
{"time":1501793830546,"datetime":"2017-08-03T20:57:10.546Z","level":4,"component":"loguse:1","event":"loguse.client.visible","info":{"clientid":"3d8acb40-737a-11e7-aab6-5bbd2ded9f8b","userid":"1","clienttime":1501793830265}}
{"time":1501793830548,"datetime":"2017-08-03T20:57:10.548Z","level":4,"component":"loguse:1","event":"loguse.client.view","info":{"userid":"1","clienttime":1501793830266,"path":"/performance/","info":{}}}
{"time":1501793832738,"datetime":"2017-08-03T20:57:12.738Z","level":4,"component":"loguse:1","event":"loguse.client.view","info":{"userid":"1","clienttime":1501793832702,"path":"/","info":{}}}
{"time":1501793833406,"datetime":"2017-08-03T20:57:13.406Z","level":4,"component":"loguse:1","event":"loguse.client.view","info":{"userid":"1","clienttime":1501793833370,"path":"/performance/","info":{}}}
{"time":1501793835075,"datetime":"2017-08-03T20:57:15.075Z","level":4,"component":"loguse:1","event":"loguse.client.view","info":{"userid":"1","clienttime":1501793835040,"path":"/","info":{}}}
{"time":1501793835925,"datetime":"2017-08-03T20:57:15.925Z","level":4,"component":"loguse:1","event":"loguse.client.view","info":{"userid":"1","clienttime":1501793835886,"path":"/performance/","info":{}}}
{"time":1501793838849,"datetime":"2017-08-03T20:57:18.849Z","level":4,"component":"loguse:1","event":"loguse.client.view","info":{"userid":"1","clienttime":1501793838811,"path":"/","info":{}}}
{"time":1501793839879,"datetime":"2017-08-03T20:57:19.879Z","level":4,"component":"loguse:1","event":"loguse.client.view","info":{"userid":"1","clienttime":1501793839843,"path":"/performance/","info":{}}}
{"time":1501793842166,"datetime":"2017-08-03T20:57:22.166Z","level":4,"component":"loguse:1","event":"loguse.client.view","info":{"userid":"1","clienttime":1501793842130,"path":"/performance/","info":{}}}
{"time":1501793847965,"datetime":"2017-08-03T20:57:27.965Z","level":4,"component":"loguse:1","event":"loguse.client.hidden","info":{"clientid":"3d8acb40-737a-11e7-aab6-5bbd2ded9f8b","userid":"1","clienttime":1501793847930,"after":17665}}
{"time":1501793855163,"datetime":"2017-08-03T20:57:35.163Z","level":4,"component":"loguse:1","event":"loguse.client.visible","info":{"clientid":"3d8acb40-737a-11e7-aab6-5bbd2ded9f8b","userid":"1","clienttime":1501793855119,"after":7189}}
{"time":1501793859184,"datetime":"2017-08-03T20:57:39.184Z","level":4,"component":"loguse:1","event":"loguse.client.hidden","info":{"clientid":"3d8acb40-737a-11e7-aab6-5bbd2ded9f8b","userid":"1","clienttime":1501793859148,"after":4029}}
{"time":1501793860490,"datetime":"2017-08-03T20:57:40.490Z","level":4,"component":"loguse:1","event":"loguse.client.visible","info":{"clientid":"3d8acb40-737a-11e7-aab6-5bbd2ded9f8b","userid":"1","clienttime":1501793860453,"after":1305}}
{"time":1501793864918,"datetime":"2017-08-03T20:57:44.918Z","level":4,"component":"loguse:1","event":"loguse.client.hidden","info":{"clientid":"3d8acb40-737a-11e7-aab6-5bbd2ded9f8b","userid":"1","clienttime":1501793864882,"after":4429}}
{"time":1501793896112,"datetime":"2017-08-03T20:58:16.112Z","level":4,"component":"loguse:1","event":"loguse.client.visible","info":{"clientid":"3d8acb40-737a-11e7-aab6-5bbd2ded9f8b","userid":"1","clienttime":1501793896076,"after":31194}}
{"time":1501793897692,"datetime":"2017-08-03T20:58:17.692Z","level":4,"component":"loguse:1","event":"loguse.client.hidden","info":{"clientid":"3d8acb40-737a-11e7-aab6-5bbd2ded9f8b","userid":"1","clienttime":1501793897656,"after":1580}}
{"time":1501793900446,"datetime":"2017-08-03T20:58:20.446Z","level":4,"component":"loguse","event":"loguse.client.add","info":{"clientid":"3d8acb40-737a-11e7-aab6-5bbd2ded9f8b","userid":"1"}}
{"time":1501793900470,"datetime":"2017-08-03T20:58:20.470Z","level":4,"component":"loguse:1","event":"loguse.client.visible","info":{"clientid":"3d8acb40-737a-11e7-aab6-5bbd2ded9f8b","userid":"1","clienttime":1501793900411}}
{"time":1501793900471,"datetime":"2017-08-03T20:58:20.471Z","level":4,"component":"loguse:1","event":"loguse.client.view","info":{"userid":"1","clienttime":1501793900412,"path":"/performance/","info":{}}}
{"time":1501793905677,"datetime":"2017-08-03T20:58:25.677Z","level":4,"component":"loguse:1","event":"loguse.client.hidden","info":{"clientid":"3d8acb40-737a-11e7-aab6-5bbd2ded9f8b","userid":"1","clienttime":1501793905641,"after":5230}}
{"time":1501793911650,"datetime":"2017-08-03T20:58:31.650Z","level":4,"component":"loguse:1","event":"loguse.client.visible","info":{"clientid":"3d8acb40-737a-11e7-aab6-5bbd2ded9f8b","userid":"1","clienttime":1501793911613,"after":5972}}
{"time":1501793912973,"datetime":"2017-08-03T20:58:32.973Z","level":4,"component":"loguse:1","event":"loguse.client.hidden","info":{"clientid":"3d8acb40-737a-11e7-aab6-5bbd2ded9f8b","userid":"1","clienttime":1501793912935,"after":1322}}
{"time":1501794622692,"datetime":"2017-08-03T21:10:22.692Z","level":4,"component":"loguse","event":"loguse.client.add","info":{"clientid":"3d8acb40-737a-11e7-aab6-5bbd2ded9f8b","userid":"1"}}
{"time":1501794622712,"datetime":"2017-08-03T21:10:22.712Z","level":4,"component":"loguse:1","event":"loguse.client.visible","info":{"clientid":"3d8acb40-737a-11e7-aab6-5bbd2ded9f8b","userid":"1","clienttime":1501794622653}}
{"time":1501794622712,"datetime":"2017-08-03T21:10:22.712Z","level":4,"component":"loguse:1","event":"loguse.client.view","info":{"userid":"1","clienttime":1501794622654,"path":"/performance/","info":{}}}
{"time":1501794624767,"datetime":"2017-08-03T21:10:24.767Z","level":4,"component":"loguse:1","event":"loguse.client.view","info":{"userid":"1","clienttime":1501794624726,"path":"/performance/","info":{}}}
{"time":1501794639432,"datetime":"2017-08-03T21:10:39.432Z","level":4,"component":"loguse:1","event":"loguse.client.hidden","info":{"clientid":"3d8acb40-737a-11e7-aab6-5bbd2ded9f8b","userid":"1","clienttime":1501794639393,"after":16740}}
{"time":1501794646501,"datetime":"2017-08-03T21:10:46.501Z","level":4,"component":"loguse","event":"loguse.client.add","info":{"clientid":"3d8acb40-737a-11e7-aab6-5bbd2ded9f8b","userid":"1"}}
{"time":1501794646522,"datetime":"2017-08-03T21:10:46.522Z","level":4,"component":"loguse:1","event":"loguse.client.visible","info":{"clientid":"3d8acb40-737a-11e7-aab6-5bbd2ded9f8b","userid":"1","clienttime":1501794646462}}
{"time":1501794646522,"datetime":"2017-08-03T21:10:46.522Z","level":4,"component":"loguse:1","event":"loguse.client.view","info":{"userid":"1","clienttime":1501794646463,"path":"/performance/","info":{}}}
{"time":1501794649329,"datetime":"2017-08-03T21:10:49.329Z","level":4,"component":"loguse:1","event":"loguse.client.view","info":{"userid":"1","clienttime":1501794649289,"path":"/","info":{}}}
{"time":1501794650449,"datetime":"2017-08-03T21:10:50.449Z","level":4,"component":"loguse:1","event":"loguse.client.hidden","info":{"clientid":"3d8acb40-737a-11e7-aab6-5bbd2ded9f8b","userid":"1","clienttime":1501794650409,"after":3947}}
{"time":1501794658591,"datetime":"2017-08-03T21:10:58.591Z","level":4,"component":"loguse:1","event":"loguse.client.visible","info":{"clientid":"3d8acb40-737a-11e7-aab6-5bbd2ded9f8b","userid":"1","clienttime":1501794658551,"after":8142}}
{"time":1501794659903,"datetime":"2017-08-03T21:10:59.903Z","level":4,"component":"loguse:1","event":"loguse.client.view","info":{"userid":"1","clienttime":1501794659864,"path":"/performance/","info":{}}}
{"time":1501794662685,"datetime":"2017-08-03T21:11:02.685Z","level":4,"component":"loguse:1","event":"loguse.client.hidden","info":{"clientid":"3d8acb40-737a-11e7-aab6-5bbd2ded9f8b","userid":"1","clienttime":1501794662645,"after":4094}}
{"time":1501794667578,"datetime":"2017-08-03T21:11:07.578Z","level":4,"component":"loguse:1","event":"loguse.client.visible","info":{"clientid":"3d8acb40-737a-11e7-aab6-5bbd2ded9f8b","userid":"1","clienttime":1501794667537,"after":4892}}
{"time":1501794669083,"datetime":"2017-08-03T21:11:09.083Z","level":4,"component":"loguse:1","event":"loguse.client.hidden","info":{"clientid":"3d8acb40-737a-11e7-aab6-5bbd2ded9f8b","userid":"1","clienttime":1501794669043,"after":1506}}
{"time":1501794670025,"datetime":"2017-08-03T21:11:10.025Z","level":4,"component":"loguse","event":"loguse.client.add","info":{"clientid":"3d8acb40-737a-11e7-aab6-5bbd2ded9f8b","userid":"1"}}
{"time":1501794670049,"datetime":"2017-08-03T21:11:10.049Z","level":4,"component":"loguse:1","event":"loguse.client.visible","info":{"clientid":"3d8acb40-737a-11e7-aab6-5bbd2ded9f8b","userid":"1","clienttime":1501794669739}}
{"time":1501794670049,"datetime":"2017-08-03T21:11:10.049Z","level":4,"component":"loguse:1","event":"loguse.client.view","info":{"userid":"1","clienttime":1501794669740,"path":"/performance/","info":{}}}
{"time":1501794676821,"datetime":"2017-08-03T21:11:16.821Z","level":4,"component":"loguse:1","event":"loguse.client.view","info":{"userid":"1","clienttime":1501794676781,"path":"/performance/","info":{}}}
{"time":1501794680238,"datetime":"2017-08-03T21:11:20.238Z","level":4,"component":"loguse:1","event":"loguse.client.hidden","info":{"clientid":"3d8acb40-737a-11e7-aab6-5bbd2ded9f8b","userid":"1","clienttime":1501794680198,"after":10459}}
{"time":1501794734637,"datetime":"2017-08-03T21:12:14.637Z","level":4,"component":"loguse:1","event":"loguse.client.visible","info":{"clientid":"3d8acb40-737a-11e7-aab6-5bbd2ded9f8b","userid":"1","clienttime":1501794734597,"after":54399}}
{"time":1501794736044,"datetime":"2017-08-03T21:12:16.044Z","level":4,"component":"loguse:1","event":"loguse.client.hidden","info":{"clientid":"3d8acb40-737a-11e7-aab6-5bbd2ded9f8b","userid":"1","clienttime":1501794736004,"after":1407}}
{"time":1501794742831,"datetime":"2017-08-03T21:12:22.831Z","level":4,"component":"loguse","event":"loguse.client.add","info":{"clientid":"3d8acb40-737a-11e7-aab6-5bbd2ded9f8b","userid":"1"}}
{"time":1501794742855,"datetime":"2017-08-03T21:12:22.855Z","level":4,"component":"loguse:1","event":"loguse.client.visible","info":{"clientid":"3d8acb40-737a-11e7-aab6-5bbd2ded9f8b","userid":"1","clienttime":1501794742791}}
{"time":1501794742856,"datetime":"2017-08-03T21:12:22.856Z","level":4,"component":"loguse:1","event":"loguse.client.view","info":{"userid":"1","clienttime":1501794742793,"path":"/performance/","info":{}}}
{"time":1501794751249,"datetime":"2017-08-03T21:12:31.249Z","level":4,"component":"loguse:1","event":"loguse.client.hidden","info":{"clientid":"3d8acb40-737a-11e7-aab6-5bbd2ded9f8b","userid":"1","clienttime":1501794751210,"after":8419}}
{"time":1501794770000,"datetime":"2017-08-03T21:12:50.000Z","level":4,"component":"loguse:1","event":"loguse.client.visible","info":{"clientid":"3d8acb40-737a-11e7-aab6-5bbd2ded9f8b","userid":"1","clienttime":1501794769960,"after":18750}}
{"time":1501794774330,"datetime":"2017-08-03T21:12:54.330Z","level":4,"component":"loguse:1","event":"loguse.client.view","info":{"userid":"1","clienttime":1501794774290,"path":"/performance/","info":{}}}
{"time":1501794778840,"datetime":"2017-08-03T21:12:58.840Z","level":4,"component":"loguse:1","event":"loguse.client.hidden","info":{"clientid":"3d8acb40-737a-11e7-aab6-5bbd2ded9f8b","userid":"1","clienttime":1501794778799,"after":8839}}
{"time":1501794835672,"datetime":"2017-08-03T21:13:55.672Z","level":4,"component":"loguse:1","event":"loguse.client.visible","info":{"clientid":"3d8acb40-737a-11e7-aab6-5bbd2ded9f8b","userid":"1","clienttime":1501794835630,"after":56831}}
{"time":1501794844699,"datetime":"2017-08-03T21:14:04.699Z","level":4,"component":"loguse:1","event":"loguse.client.hidden","info":{"clientid":"3d8acb40-737a-11e7-aab6-5bbd2ded9f8b","userid":"1","clienttime":1501794844659,"after":9029}}
{"time":1501794859560,"datetime":"2017-08-03T21:14:19.560Z","level":4,"component":"loguse:1","event":"loguse.client.visible","info":{"clientid":"3d8acb40-737a-11e7-aab6-5bbd2ded9f8b","userid":"1","clienttime":1501794859519,"after":14860}}
{"time":1501794862035,"datetime":"2017-08-03T21:14:22.035Z","level":4,"component":"loguse:1","event":"loguse.client.hidden","info":{"clientid":"3d8acb40-737a-11e7-aab6-5bbd2ded9f8b","userid":"1","clienttime":1501794861995,"after":2476}}
{"time":1501794871278,"datetime":"2017-08-03T21:14:31.278Z","level":4,"component":"loguse:1","event":"loguse.client.visible","info":{"clientid":"3d8acb40-737a-11e7-aab6-5bbd2ded9f8b","userid":"1","clienttime":1501794871238,"after":9243}}
{"time":1501794872717,"datetime":"2017-08-03T21:14:32.717Z","level":4,"component":"loguse:1","event":"loguse.client.hidden","info":{"clientid":"3d8acb40-737a-11e7-aab6-5bbd2ded9f8b","userid":"1","clienttime":1501794872677,"after":1439}}
{"time":1501795282657,"datetime":"2017-08-03T21:21:22.657Z","level":4,"component":"loguse","event":"loguse.client.add","info":{"clientid":"3d8acb40-737a-11e7-aab6-5bbd2ded9f8b","userid":"1"}}
{"time":1501795282680,"datetime":"2017-08-03T21:21:22.680Z","level":4,"component":"loguse:1","event":"loguse.client.visible","info":{"clientid":"3d8acb40-737a-11e7-aab6-5bbd2ded9f8b","userid":"1","clienttime":1501795282615}}
{"time":1501795282680,"datetime":"2017-08-03T21:21:22.680Z","level":4,"component":"loguse:1","event":"loguse.client.view","info":{"userid":"1","clienttime":1501795282616,"path":"/performance/","info":{}}}
{"time":1501795284222,"datetime":"2017-08-03T21:21:24.222Z","level":4,"component":"loguse:1","event":"loguse.client.hidden","info":{"clientid":"3d8acb40-737a-11e7-aab6-5bbd2ded9f8b","userid":"1","clienttime":1501795284179,"after":1564}}
{"time":1501795322620,"datetime":"2017-08-03T21:22:02.620Z","level":4,"component":"loguse:1","event":"loguse.client.visible","info":{"clientid":"3d8acb40-737a-11e7-aab6-5bbd2ded9f8b","userid":"1","clienttime":1501795322577,"after":38398}}
{"time":1501795324014,"datetime":"2017-08-03T21:22:04.014Z","level":4,"component":"loguse:1","event":"loguse.client.hidden","info":{"clientid":"3d8acb40-737a-11e7-aab6-5bbd2ded9f8b","userid":"1","clienttime":1501795323971,"after":1394}}
{"time":1501795324800,"datetime":"2017-08-03T21:22:04.800Z","level":4,"component":"loguse:1","event":"loguse.client.visible","info":{"clientid":"3d8acb40-737a-11e7-aab6-5bbd2ded9f8b","userid":"1","clienttime":1501795324757,"after":786}}
{"time":1501795326131,"datetime":"2017-08-03T21:22:06.131Z","level":4,"component":"loguse:1","event":"loguse.client.hidden","info":{"clientid":"3d8acb40-737a-11e7-aab6-5bbd2ded9f8b","userid":"1","clienttime":1501795326090,"after":1333}}
{"time":1501795326955,"datetime":"2017-08-03T21:22:06.955Z","level":4,"component":"loguse","event":"loguse.client.add","info":{"clientid":"3d8acb40-737a-11e7-aab6-5bbd2ded9f8b","userid":"1"}}
{"time":1501795326965,"datetime":"2017-08-03T21:22:06.965Z","level":4,"component":"loguse:1","event":"loguse.client.visible","info":{"clientid":"3d8acb40-737a-11e7-aab6-5bbd2ded9f8b","userid":"1","clienttime":1501795326668}}
{"time":1501795326966,"datetime":"2017-08-03T21:22:06.966Z","level":4,"component":"loguse:1","event":"loguse.client.view","info":{"userid":"1","clienttime":1501795326670,"path":"/performance/","info":{}}}
{"time":1501795329043,"datetime":"2017-08-03T21:22:09.043Z","level":4,"component":"loguse:1","event":"loguse.client.view","info":{"userid":"1","clienttime":1501795329000,"path":"/performance/","info":{}}}
{"time":1501795336028,"datetime":"2017-08-03T21:22:16.028Z","level":4,"component":"loguse:1","event":"loguse.client.view","info":{"userid":"1","clienttime":1501795335986,"path":"/performance/","info":{}}}
{"time":1501795341808,"datetime":"2017-08-03T21:22:21.808Z","level":4,"component":"loguse:1","event":"loguse.client.view","info":{"userid":"1","clienttime":1501795341765,"path":"/performance/","info":{}}}
{"time":1501795341836,"datetime":"2017-08-03T21:22:21.836Z","level":4,"component":"loguse:1","event":"loguse.client.hidden","info":{"clientid":"3d8acb40-737a-11e7-aab6-5bbd2ded9f8b","userid":"1","clienttime":1501795341779,"after":15111}}
{"time":1501795341838,"datetime":"2017-08-03T21:22:21.838Z","level":4,"component":"loguse:1","event":"loguse.client.visible","info":{"clientid":"3d8acb40-737a-11e7-aab6-5bbd2ded9f8b","userid":"1","clienttime":1501795341779,"after":0}}
{"time":1501795342009,"datetime":"2017-08-03T21:22:22.009Z","level":4,"component":"loguse:1","event":"loguse.client.view","info":{"userid":"1","clienttime":1501795341956,"path":"/performance/","info":{}}}
{"time":1501795380155,"datetime":"2017-08-03T21:23:00.155Z","level":4,"component":"loguse:1","event":"loguse.client.hidden","info":{"clientid":"3d8acb40-737a-11e7-aab6-5bbd2ded9f8b","userid":"1","clienttime":1501795380112,"after":38333}}
{"time":1501795380643,"datetime":"2017-08-03T21:23:00.643Z","level":4,"component":"loguse:1","event":"loguse.client.visible","info":{"clientid":"3d8acb40-737a-11e7-aab6-5bbd2ded9f8b","userid":"1","clienttime":1501795380598,"after":486}}
{"time":1501795384940,"datetime":"2017-08-03T21:23:04.940Z","level":4,"component":"loguse:1","event":"loguse.client.hidden","info":{"clientid":"3d8acb40-737a-11e7-aab6-5bbd2ded9f8b","userid":"1","clienttime":1501795384898,"after":4300}}
{"time":1501795389139,"datetime":"2017-08-03T21:23:09.139Z","level":4,"component":"loguse","event":"loguse.client.add","info":{"clientid":"3d8acb40-737a-11e7-aab6-5bbd2ded9f8b","userid":"1"}}
{"time":1501795389162,"datetime":"2017-08-03T21:23:09.162Z","level":4,"component":"loguse:1","event":"loguse.client.visible","info":{"clientid":"3d8acb40-737a-11e7-aab6-5bbd2ded9f8b","userid":"1","clienttime":1501795389097}}
{"time":1501795389163,"datetime":"2017-08-03T21:23:09.163Z","level":4,"component":"loguse:1","event":"loguse.client.view","info":{"userid":"1","clienttime":1501795389098,"path":"/performance/","info":{}}}
{"time":1501795390988,"datetime":"2017-08-03T21:23:10.988Z","level":4,"component":"loguse:1","event":"loguse.client.view","info":{"userid":"1","clienttime":1501795390945,"path":"/performance/","info":{}}}
{"time":1501795396579,"datetime":"2017-08-03T21:23:16.579Z","level":4,"component":"loguse:1","event":"loguse.client.view","info":{"userid":"1","clienttime":1501795396535,"path":"/performance/","info":{}}}
{"time":1501795404162,"datetime":"2017-08-03T21:23:24.162Z","level":4,"component":"loguse:1","event":"loguse.client.view","info":{"userid":"1","clienttime":1501795404120,"path":"/performance/","info":{}}}
{"time":1501795406553,"datetime":"2017-08-03T21:23:26.553Z","level":4,"component":"loguse:1","event":"loguse.client.view","info":{"userid":"1","clienttime":1501795406511,"path":"/performance/","info":{}}}
{"time":1501795409245,"datetime":"2017-08-03T21:23:29.245Z","level":4,"component":"loguse:1","event":"loguse.client.view","info":{"userid":"1","clienttime":1501795409202,"path":"/performance/","info":{}}}
{"time":1501795411773,"datetime":"2017-08-03T21:23:31.773Z","level":4,"component":"loguse:1","event":"loguse.client.view","info":{"userid":"1","clienttime":1501795411731,"path":"/performance/","info":{}}}
{"time":1501795414066,"datetime":"2017-08-03T21:23:34.066Z","level":4,"component":"loguse:1","event":"loguse.client.view","info":{"userid":"1","clienttime":1501795414023,"path":"/performance/","info":{}}}
{"time":1501795414962,"datetime":"2017-08-03T21:23:34.962Z","level":4,"component":"loguse:1","event":"loguse.client.hidden","info":{"clientid":"3d8acb40-737a-11e7-aab6-5bbd2ded9f8b","userid":"1","clienttime":1501795414920,"after":25823}}
{"time":1501795417901,"datetime":"2017-08-03T21:23:37.901Z","level":4,"component":"loguse:1","event":"loguse.client.visible","info":{"clientid":"3d8acb40-737a-11e7-aab6-5bbd2ded9f8b","userid":"1","clienttime":1501795417858,"after":2938}}
{"time":1501795420310,"datetime":"2017-08-03T21:23:40.310Z","level":4,"component":"loguse:1","event":"loguse.client.view","info":{"userid":"1","clienttime":1501795420266,"path":"/performance/","info":{}}}
{"time":1501795425461,"datetime":"2017-08-03T21:23:45.461Z","level":4,"component":"loguse:1","event":"loguse.client.view","info":{"userid":"1","clienttime":1501795425418,"path":"/performance/","info":{}}}
{"time":1501795426782,"datetime":"2017-08-03T21:23:46.782Z","level":4,"component":"loguse:1","event":"loguse.client.hidden","info":{"clientid":"3d8acb40-737a-11e7-aab6-5bbd2ded9f8b","userid":"1","clienttime":1501795426739,"after":8881}}
{"time":1501795453909,"datetime":"2017-08-03T21:24:13.909Z","level":4,"component":"loguse:1","event":"loguse.client.visible","info":{"clientid":"3d8acb40-737a-11e7-aab6-5bbd2ded9f8b","userid":"1","clienttime":1501795453866,"after":27127}}
{"time":1501795455489,"datetime":"2017-08-03T21:24:15.489Z","level":4,"component":"loguse:1","event":"loguse.client.hidden","info":{"clientid":"3d8acb40-737a-11e7-aab6-5bbd2ded9f8b","userid":"1","clienttime":1501795455446,"after":1580}}
{"time":1501795456399,"datetime":"2017-08-03T21:24:16.399Z","level":4,"component":"loguse","event":"loguse.client.add","info":{"clientid":"3d8acb40-737a-11e7-aab6-5bbd2ded9f8b","userid":"1"}}
{"time":1501795456408,"datetime":"2017-08-03T21:24:16.408Z","level":4,"component":"loguse:1","event":"loguse.client.visible","info":{"clientid":"3d8acb40-737a-11e7-aab6-5bbd2ded9f8b","userid":"1","clienttime":1501795456105}}
{"time":1501795456409,"datetime":"2017-08-03T21:24:16.409Z","level":4,"component":"loguse:1","event":"loguse.client.view","info":{"userid":"1","clienttime":1501795456106,"path":"/performance/","info":{}}}
{"time":1501795461147,"datetime":"2017-08-03T21:24:21.147Z","level":4,"component":"loguse:1","event":"loguse.client.view","info":{"userid":"1","clienttime":1501795461105,"path":"/performance/","info":{}}}
{"time":1501795464721,"datetime":"2017-08-03T21:24:24.721Z","level":4,"component":"loguse:1","event":"loguse.client.hidden","info":{"clientid":"3d8acb40-737a-11e7-aab6-5bbd2ded9f8b","userid":"1","clienttime":1501795464678,"after":8573}}
{"time":1501795473394,"datetime":"2017-08-03T21:24:33.394Z","level":4,"component":"loguse:1","event":"loguse.client.visible","info":{"clientid":"3d8acb40-737a-11e7-aab6-5bbd2ded9f8b","userid":"1","clienttime":1501795473352,"after":8674}}
{"time":1501795475175,"datetime":"2017-08-03T21:24:35.175Z","level":4,"component":"loguse:1","event":"loguse.client.view","info":{"userid":"1","clienttime":1501795475131,"path":"/performance/","info":{}}}
{"time":1501795477961,"datetime":"2017-08-03T21:24:37.961Z","level":4,"component":"loguse:1","event":"loguse.client.view","info":{"userid":"1","clienttime":1501795477918,"path":"/performance/","info":{}}}
{"time":1501795486231,"datetime":"2017-08-03T21:24:46.231Z","level":4,"component":"loguse:1","event":"loguse.client.view","info":{"userid":"1","clienttime":1501795486188,"path":"/","info":{}}}
{"time":1501795487181,"datetime":"2017-08-03T21:24:47.181Z","level":4,"component":"loguse:1","event":"loguse.client.view","info":{"userid":"1","clienttime":1501795487137,"path":"/performance/","info":{}}}
{"time":1501795491762,"datetime":"2017-08-03T21:24:51.762Z","level":4,"component":"loguse:1","event":"loguse.client.view","info":{"userid":"1","clienttime":1501795491719,"path":"/performance/","info":{}}}
{"time":1501795495843,"datetime":"2017-08-03T21:24:55.843Z","level":4,"component":"loguse:1","event":"loguse.client.hidden","info":{"clientid":"3d8acb40-737a-11e7-aab6-5bbd2ded9f8b","userid":"1","clienttime":1501795495736,"after":22384}}
{"time":1501795495844,"datetime":"2017-08-03T21:24:55.844Z","level":4,"component":"loguse:1","event":"loguse.client.view","info":{"userid":"1","clienttime":1501795495781,"path":"/performance/","info":{}}}
{"time":1501795495854,"datetime":"2017-08-03T21:24:55.854Z","level":4,"component":"loguse:1","event":"loguse.client.visible","info":{"clientid":"3d8acb40-737a-11e7-aab6-5bbd2ded9f8b","userid":"1","clienttime":1501795495792,"after":56}}
{"time":1501795495881,"datetime":"2017-08-03T21:24:55.881Z","level":4,"component":"loguse:1","event":"loguse.client.hidden","info":{"clientid":"3d8acb40-737a-11e7-aab6-5bbd2ded9f8b","userid":"1","clienttime":1501795495797,"after":5}}
