{"time":1501711503667,"datetime":"2017-08-02T22:05:03.667Z","level":4,"component":"server","event":"log.start","info":{"logVersion":"1.0","application":"muzivisual","installId":"f3871b60-73a7-11e7-875f-470acdd35ec5"}}
{"time":1501711503688,"datetime":"2017-08-02T22:05:03.688Z","level":4,"component":"server","event":"http.listen","info":{"port":8000}}
{"time":1501711503772,"datetime":"2017-08-02T22:05:03.772Z","level":4,"component":"server","event":"git.commit","info":"696f43f18a563941e0402ad2c26e22d2818bc341"}
{"time":1501711504791,"datetime":"2017-08-02T22:05:04.791Z","level":4,"component":"loguse","event":"loguse.client.add","info":{"clientid":"3d8acb40-737a-11e7-aab6-5bbd2ded9f8b","userid":1}}
{"time":1501711504799,"datetime":"2017-08-02T22:05:04.799Z","level":4,"component":"loguse:1","event":"loguse.client.visible","info":{"clientid":"3d8acb40-737a-11e7-aab6-5bbd2ded9f8b","userid":1,"clienttime":1501711504664}}
{"time":1501711504799,"datetime":"2017-08-02T22:05:04.799Z","level":4,"component":"loguse:1","event":"loguse.client.view","info":{"userid":1,"clienttime":1501711504665,"path":"/","info":{}}}
{"time":1501711506042,"datetime":"2017-08-02T22:05:06.042Z","level":4,"component":"loguse:1","event":"loguse.client.view","info":{"userid":1,"clienttime":1501711505965,"path":"/performance/","info":{}}}
{"time":1501711524939,"datetime":"2017-08-02T22:05:24.939Z","level":4,"component":"loguse:1","event":"loguse.client.hidden","info":{"clientid":"3d8acb40-737a-11e7-aab6-5bbd2ded9f8b","userid":1,"clienttime":1501711524859,"after":20195}}
{"time":1501711525887,"datetime":"2017-08-02T22:05:25.887Z","level":4,"component":"loguse:1","event":"loguse.client.visible","info":{"clientid":"3d8acb40-737a-11e7-aab6-5bbd2ded9f8b","userid":1,"clienttime":1501711525810,"after":951}}
{"time":1501711526455,"datetime":"2017-08-02T22:05:26.455Z","level":4,"component":"loguse:1","event":"loguse.client.hidden","info":{"clientid":"3d8acb40-737a-11e7-aab6-5bbd2ded9f8b","userid":1,"clienttime":1501711526376,"after":566}}
{"time":1501711573782,"datetime":"2017-08-02T22:06:13.782Z","level":4,"component":"loguse:1","event":"loguse.client.visible","info":{"clientid":"3d8acb40-737a-11e7-aab6-5bbd2ded9f8b","userid":1,"clienttime":1501711573702,"after":47326}}
{"time":1501711577390,"datetime":"2017-08-02T22:06:17.390Z","level":4,"component":"loguse:1","event":"loguse.client.hidden","info":{"clientid":"3d8acb40-737a-11e7-aab6-5bbd2ded9f8b","userid":1,"clienttime":1501711577311,"after":3609}}
{"time":1501711578259,"datetime":"2017-08-02T22:06:18.259Z","level":4,"component":"loguse","event":"loguse.client.add","info":{"clientid":"3d8acb40-737a-11e7-aab6-5bbd2ded9f8b","userid":"1"}}
{"time":1501711578278,"datetime":"2017-08-02T22:06:18.278Z","level":4,"component":"loguse:1","event":"loguse.client.visible","info":{"clientid":"3d8acb40-737a-11e7-aab6-5bbd2ded9f8b","userid":"1","clienttime":1501711577959}}
{"time":1501711578279,"datetime":"2017-08-02T22:06:18.279Z","level":4,"component":"loguse:1","event":"loguse.client.view","info":{"userid":"1","clienttime":1501711577960,"path":"/performance/","info":{}}}
{"time":1501711578748,"datetime":"2017-08-02T22:06:18.748Z","level":4,"component":"loguse:1","event":"loguse.client.hidden","info":{"clientid":"3d8acb40-737a-11e7-aab6-5bbd2ded9f8b","userid":"1","clienttime":1501711578669,"after":710}}
{"time":1501711597921,"datetime":"2017-08-02T22:06:37.921Z","level":4,"component":"loguse:1","event":"loguse.client.visible","info":{"clientid":"3d8acb40-737a-11e7-aab6-5bbd2ded9f8b","userid":"1","clienttime":1501711597841,"after":19172}}
{"time":1501711599269,"datetime":"2017-08-02T22:06:39.269Z","level":4,"component":"loguse:1","event":"loguse.client.hidden","info":{"clientid":"3d8acb40-737a-11e7-aab6-5bbd2ded9f8b","userid":"1","clienttime":1501711599191,"after":1350}}
{"time":1501711600253,"datetime":"2017-08-02T22:06:40.253Z","level":4,"component":"loguse","event":"loguse.client.add","info":{"clientid":"3d8acb40-737a-11e7-aab6-5bbd2ded9f8b","userid":"1"}}
{"time":1501711600280,"datetime":"2017-08-02T22:06:40.280Z","level":4,"component":"loguse:1","event":"loguse.client.visible","info":{"clientid":"3d8acb40-737a-11e7-aab6-5bbd2ded9f8b","userid":"1","clienttime":1501711599825}}
{"time":1501711600281,"datetime":"2017-08-02T22:06:40.281Z","level":4,"component":"loguse:1","event":"loguse.client.view","info":{"userid":"1","clienttime":1501711599826,"path":"/performance/","info":{}}}
{"time":1501711611792,"datetime":"2017-08-02T22:06:51.792Z","level":4,"component":"loguse:1","event":"loguse.client.view","info":{"userid":"1","clienttime":1501711611715,"path":"/","info":{}}}
{"time":1501711612856,"datetime":"2017-08-02T22:06:52.856Z","level":4,"component":"loguse:1","event":"loguse.client.view","info":{"userid":"1","clienttime":1501711612778,"path":"/performance/","info":{}}}
{"time":1501711629322,"datetime":"2017-08-02T22:07:09.322Z","level":4,"component":"loguse","event":"loguse.client.add","info":{"clientid":"3d8acb40-737a-11e7-aab6-5bbd2ded9f8b","userid":"1"}}
{"time":1501711629343,"datetime":"2017-08-02T22:07:09.343Z","level":4,"component":"loguse:1","event":"loguse.client.visible","info":{"clientid":"3d8acb40-737a-11e7-aab6-5bbd2ded9f8b","userid":"1","clienttime":1501711628977}}
{"time":1501711629344,"datetime":"2017-08-02T22:07:09.344Z","level":4,"component":"loguse:1","event":"loguse.client.view","info":{"userid":"1","clienttime":1501711628978,"path":"/performance/","info":{}}}
{"time":1501711657648,"datetime":"2017-08-02T22:07:37.648Z","level":4,"component":"loguse:1","event":"loguse.client.view","info":{"userid":"1","clienttime":1501711657570,"path":"/performance/","info":{}}}
{"time":1501711682615,"datetime":"2017-08-02T22:08:02.615Z","level":4,"component":"loguse:1","event":"loguse.client.hidden","info":{"clientid":"3d8acb40-737a-11e7-aab6-5bbd2ded9f8b","userid":"1","clienttime":1501711682536,"after":53559}}
{"time":1501711683451,"datetime":"2017-08-02T22:08:03.451Z","level":4,"component":"loguse:1","event":"loguse.client.visible","info":{"clientid":"3d8acb40-737a-11e7-aab6-5bbd2ded9f8b","userid":"1","clienttime":1501711683371,"after":835}}
{"time":1501711684165,"datetime":"2017-08-02T22:08:04.165Z","level":4,"component":"loguse:1","event":"loguse.client.hidden","info":{"clientid":"3d8acb40-737a-11e7-aab6-5bbd2ded9f8b","userid":"1","clienttime":1501711684086,"after":715}}
{"time":1501711775378,"datetime":"2017-08-02T22:09:35.378Z","level":4,"component":"loguse:1","event":"loguse.client.visible","info":{"clientid":"3d8acb40-737a-11e7-aab6-5bbd2ded9f8b","userid":"1","clienttime":1501711775297,"after":91211}}
{"time":1501711776548,"datetime":"2017-08-02T22:09:36.548Z","level":4,"component":"loguse:1","event":"loguse.client.hidden","info":{"clientid":"3d8acb40-737a-11e7-aab6-5bbd2ded9f8b","userid":"1","clienttime":1501711776467,"after":1170}}
{"time":1501711777386,"datetime":"2017-08-02T22:09:37.386Z","level":4,"component":"loguse","event":"loguse.client.add","info":{"clientid":"3d8acb40-737a-11e7-aab6-5bbd2ded9f8b","userid":"1"}}
{"time":1501711777406,"datetime":"2017-08-02T22:09:37.406Z","level":4,"component":"loguse:1","event":"loguse.client.visible","info":{"clientid":"3d8acb40-737a-11e7-aab6-5bbd2ded9f8b","userid":"1","clienttime":1501711777092}}
{"time":1501711777407,"datetime":"2017-08-02T22:09:37.407Z","level":4,"component":"loguse:1","event":"loguse.client.view","info":{"userid":"1","clienttime":1501711777093,"path":"/performance/","info":{}}}
{"time":1501711784347,"datetime":"2017-08-02T22:09:44.347Z","level":4,"component":"loguse:1","event":"loguse.client.hidden","info":{"clientid":"3d8acb40-737a-11e7-aab6-5bbd2ded9f8b","userid":"1","clienttime":1501711784268,"after":7176}}
{"time":1501711810604,"datetime":"2017-08-02T22:10:10.604Z","level":4,"component":"loguse:1","event":"loguse.client.visible","info":{"clientid":"3d8acb40-737a-11e7-aab6-5bbd2ded9f8b","userid":"1","clienttime":1501711810525,"after":26257}}
{"time":1501711812153,"datetime":"2017-08-02T22:10:12.153Z","level":4,"component":"loguse:1","event":"loguse.client.hidden","info":{"clientid":"3d8acb40-737a-11e7-aab6-5bbd2ded9f8b","userid":"1","clienttime":1501711812075,"after":1550}}
{"time":1501711813117,"datetime":"2017-08-02T22:10:13.117Z","level":4,"component":"loguse","event":"loguse.client.add","info":{"clientid":"3d8acb40-737a-11e7-aab6-5bbd2ded9f8b","userid":"1"}}
{"time":1501711813138,"datetime":"2017-08-02T22:10:13.138Z","level":4,"component":"loguse:1","event":"loguse.client.visible","info":{"clientid":"3d8acb40-737a-11e7-aab6-5bbd2ded9f8b","userid":"1","clienttime":1501711812768}}
{"time":1501711813139,"datetime":"2017-08-02T22:10:13.139Z","level":4,"component":"loguse:1","event":"loguse.client.view","info":{"userid":"1","clienttime":1501711812769,"path":"/performance/","info":{}}}
{"time":1501711943447,"datetime":"2017-08-02T22:12:23.447Z","level":4,"component":"loguse:1","event":"loguse.client.view","info":{"userid":"1","clienttime":1501711943367,"path":"/","info":{}}}
{"time":1501711944725,"datetime":"2017-08-02T22:12:24.725Z","level":4,"component":"loguse:1","event":"loguse.client.view","info":{"userid":"1","clienttime":1501711944646,"path":"/content/map","info":{}}}
{"time":1501711946036,"datetime":"2017-08-02T22:12:26.036Z","level":4,"component":"loguse:1","event":"loguse.client.view","info":{"userid":"1","clienttime":1501711945956,"path":"/","info":{}}}
{"time":1501711946877,"datetime":"2017-08-02T22:12:26.877Z","level":4,"component":"loguse:1","event":"loguse.client.view","info":{"userid":"1","clienttime":1501711946799,"path":"/content/Programme Note","info":{}}}
{"time":1501711948033,"datetime":"2017-08-02T22:12:28.033Z","level":4,"component":"loguse:1","event":"loguse.client.view","info":{"userid":"1","clienttime":1501711947953,"path":"/","info":{}}}
{"time":1501711948949,"datetime":"2017-08-02T22:12:28.949Z","level":4,"component":"loguse:1","event":"loguse.client.view","info":{"userid":"1","clienttime":1501711948869,"path":"/content/map","info":{}}}
{"time":1501711950098,"datetime":"2017-08-02T22:12:30.098Z","level":4,"component":"loguse:1","event":"loguse.client.view","info":{"userid":"1","clienttime":1501711950019,"path":"/","info":{}}}
{"time":1501711950930,"datetime":"2017-08-02T22:12:30.930Z","level":4,"component":"loguse:1","event":"loguse.client.view","info":{"userid":"1","clienttime":1501711950851,"path":"/content/Performer","info":{}}}
{"time":1501711952067,"datetime":"2017-08-02T22:12:32.067Z","level":4,"component":"loguse:1","event":"loguse.client.view","info":{"userid":"1","clienttime":1501711951987,"path":"/","info":{}}}
{"time":1501711952841,"datetime":"2017-08-02T22:12:32.841Z","level":4,"component":"loguse:1","event":"loguse.client.view","info":{"userid":"1","clienttime":1501711952761,"path":"/content/What can see and hear","info":{}}}
{"time":1501711954537,"datetime":"2017-08-02T22:12:34.537Z","level":4,"component":"loguse:1","event":"loguse.client.view","info":{"userid":"1","clienttime":1501711954458,"path":"/","info":{}}}
{"time":1501711955473,"datetime":"2017-08-02T22:12:35.473Z","level":4,"component":"loguse:1","event":"loguse.client.view","info":{"userid":"1","clienttime":1501711955393,"path":"/content/How it works","info":{}}}
{"time":1501711956501,"datetime":"2017-08-02T22:12:36.501Z","level":4,"component":"loguse:1","event":"loguse.client.view","info":{"userid":"1","clienttime":1501711956422,"path":"/","info":{}}}
{"time":1501711957239,"datetime":"2017-08-02T22:12:37.239Z","level":4,"component":"loguse:1","event":"loguse.client.view","info":{"userid":"1","clienttime":1501711957159,"path":"/content/map","info":{}}}
{"time":1501711958183,"datetime":"2017-08-02T22:12:38.183Z","level":4,"component":"loguse:1","event":"loguse.client.view","info":{"userid":"1","clienttime":1501711958104,"path":"/","info":{}}}
{"time":1501711959234,"datetime":"2017-08-02T22:12:39.234Z","level":4,"component":"loguse:1","event":"loguse.client.view","info":{"userid":"1","clienttime":1501711959154,"path":"/performance/","info":{}}}
{"time":1501712129774,"datetime":"2017-08-02T22:15:29.774Z","level":4,"component":"loguse:1","event":"loguse.client.hidden","info":{"clientid":"3d8acb40-737a-11e7-aab6-5bbd2ded9f8b","userid":"1","clienttime":1501712129693,"after":316925}}
{"time":1501712132192,"datetime":"2017-08-02T22:15:32.192Z","level":4,"component":"loguse:1","event":"loguse.client.visible","info":{"clientid":"3d8acb40-737a-11e7-aab6-5bbd2ded9f8b","userid":"1","clienttime":1501712132110,"after":2417}}
{"time":1501712137191,"datetime":"2017-08-02T22:15:37.191Z","level":4,"component":"loguse:1","event":"loguse.client.hidden","info":{"clientid":"3d8acb40-737a-11e7-aab6-5bbd2ded9f8b","userid":"1","clienttime":1501712137110,"after":5000}}
{"time":1501712182204,"datetime":"2017-08-02T22:16:22.204Z","level":4,"component":"loguse:1","event":"loguse.client.visible","info":{"clientid":"3d8acb40-737a-11e7-aab6-5bbd2ded9f8b","userid":"1","clienttime":1501712182124,"after":45014}}
{"time":1501712183780,"datetime":"2017-08-02T22:16:23.780Z","level":4,"component":"loguse:1","event":"loguse.client.hidden","info":{"clientid":"3d8acb40-737a-11e7-aab6-5bbd2ded9f8b","userid":"1","clienttime":1501712183699,"after":1575}}
{"time":1501712184717,"datetime":"2017-08-02T22:16:24.717Z","level":4,"component":"loguse","event":"loguse.client.add","info":{"clientid":"3d8acb40-737a-11e7-aab6-5bbd2ded9f8b","userid":"1"}}
{"time":1501712184735,"datetime":"2017-08-02T22:16:24.735Z","level":4,"component":"loguse:1","event":"loguse.client.visible","info":{"clientid":"3d8acb40-737a-11e7-aab6-5bbd2ded9f8b","userid":"1","clienttime":1501712184418}}
{"time":1501712184736,"datetime":"2017-08-02T22:16:24.736Z","level":4,"component":"loguse:1","event":"loguse.client.view","info":{"userid":"1","clienttime":1501712184419,"path":"/performance/","info":{}}}
{"time":1501712208167,"datetime":"2017-08-02T22:16:48.167Z","level":4,"component":"loguse:1","event":"loguse.client.hidden","info":{"clientid":"3d8acb40-737a-11e7-aab6-5bbd2ded9f8b","userid":"1","clienttime":1501712208086,"after":23668}}
{"time":1501712208991,"datetime":"2017-08-02T22:16:48.991Z","level":4,"component":"loguse","event":"loguse.client.add","info":{"clientid":"3d8acb40-737a-11e7-aab6-5bbd2ded9f8b","userid":"1"}}
{"time":1501712209018,"datetime":"2017-08-02T22:16:49.018Z","level":4,"component":"loguse:1","event":"loguse.client.visible","info":{"clientid":"3d8acb40-737a-11e7-aab6-5bbd2ded9f8b","userid":"1","clienttime":1501712208685}}
{"time":1501712209018,"datetime":"2017-08-02T22:16:49.018Z","level":4,"component":"loguse:1","event":"loguse.client.view","info":{"userid":"1","clienttime":1501712208686,"path":"/performance/","info":{}}}
{"time":1501712218338,"datetime":"2017-08-02T22:16:58.338Z","level":4,"component":"loguse:1","event":"loguse.client.hidden","info":{"clientid":"3d8acb40-737a-11e7-aab6-5bbd2ded9f8b","userid":"1","clienttime":1501712218256,"after":9571}}
{"time":1501712221890,"datetime":"2017-08-02T22:17:01.890Z","level":4,"component":"loguse:1","event":"loguse.client.visible","info":{"clientid":"3d8acb40-737a-11e7-aab6-5bbd2ded9f8b","userid":"1","clienttime":1501712221810,"after":3554}}
{"time":1501712225225,"datetime":"2017-08-02T22:17:05.225Z","level":4,"component":"loguse:1","event":"loguse.client.hidden","info":{"clientid":"3d8acb40-737a-11e7-aab6-5bbd2ded9f8b","userid":"1","clienttime":1501712225144,"after":3334}}
{"time":1501712226024,"datetime":"2017-08-02T22:17:06.024Z","level":4,"component":"loguse","event":"loguse.client.add","info":{"clientid":"3d8acb40-737a-11e7-aab6-5bbd2ded9f8b","userid":"1"}}
{"time":1501712226047,"datetime":"2017-08-02T22:17:06.047Z","level":4,"component":"loguse:1","event":"loguse.client.visible","info":{"clientid":"3d8acb40-737a-11e7-aab6-5bbd2ded9f8b","userid":"1","clienttime":1501712225745}}
{"time":1501712226048,"datetime":"2017-08-02T22:17:06.048Z","level":4,"component":"loguse:1","event":"loguse.client.view","info":{"userid":"1","clienttime":1501712225746,"path":"/performance/","info":{}}}
{"time":1501712287983,"datetime":"2017-08-02T22:18:07.983Z","level":4,"component":"loguse:1","event":"loguse.client.hidden","info":{"clientid":"3d8acb40-737a-11e7-aab6-5bbd2ded9f8b","userid":"1","clienttime":1501712287903,"after":62158}}
{"time":1501712288978,"datetime":"2017-08-02T22:18:08.978Z","level":4,"component":"loguse","event":"loguse.client.add","info":{"clientid":"3d8acb40-737a-11e7-aab6-5bbd2ded9f8b","userid":"1"}}
{"time":1501712289003,"datetime":"2017-08-02T22:18:09.003Z","level":4,"component":"loguse:1","event":"loguse.client.visible","info":{"clientid":"3d8acb40-737a-11e7-aab6-5bbd2ded9f8b","userid":"1","clienttime":1501712288570}}
{"time":1501712289004,"datetime":"2017-08-02T22:18:09.004Z","level":4,"component":"loguse:1","event":"loguse.client.view","info":{"userid":"1","clienttime":1501712288571,"path":"/performance/","info":{}}}
{"time":1501712349598,"datetime":"2017-08-02T22:19:09.598Z","level":4,"component":"loguse:1","event":"loguse.client.hidden","info":{"clientid":"3d8acb40-737a-11e7-aab6-5bbd2ded9f8b","userid":"1","clienttime":1501712349517,"after":60947}}
{"time":1501712350622,"datetime":"2017-08-02T22:19:10.622Z","level":4,"component":"loguse","event":"loguse.client.add","info":{"clientid":"3d8acb40-737a-11e7-aab6-5bbd2ded9f8b","userid":"1"}}
{"time":1501712350646,"datetime":"2017-08-02T22:19:10.646Z","level":4,"component":"loguse:1","event":"loguse.client.visible","info":{"clientid":"3d8acb40-737a-11e7-aab6-5bbd2ded9f8b","userid":"1","clienttime":1501712350214}}
{"time":1501712350646,"datetime":"2017-08-02T22:19:10.646Z","level":4,"component":"loguse:1","event":"loguse.client.view","info":{"userid":"1","clienttime":1501712350215,"path":"/performance/","info":{}}}
{"time":1501712488213,"datetime":"2017-08-02T22:21:28.213Z","level":4,"component":"loguse:1","event":"loguse.client.view","info":{"userid":"1","clienttime":1501712488132,"path":"/performance/","info":{}}}
{"time":1501712490360,"datetime":"2017-08-02T22:21:30.360Z","level":4,"component":"loguse:1","event":"loguse.client.hidden","info":{"clientid":"3d8acb40-737a-11e7-aab6-5bbd2ded9f8b","userid":"1","clienttime":1501712490278,"after":140064}}
{"time":1501712491154,"datetime":"2017-08-02T22:21:31.154Z","level":4,"component":"loguse","event":"loguse.client.add","info":{"clientid":"3d8acb40-737a-11e7-aab6-5bbd2ded9f8b","userid":"1"}}
{"time":1501712491174,"datetime":"2017-08-02T22:21:31.174Z","level":4,"component":"loguse:1","event":"loguse.client.visible","info":{"clientid":"3d8acb40-737a-11e7-aab6-5bbd2ded9f8b","userid":"1","clienttime":1501712490837}}
{"time":1501712491175,"datetime":"2017-08-02T22:21:31.175Z","level":4,"component":"loguse:1","event":"loguse.client.view","info":{"userid":"1","clienttime":1501712490838,"path":"/performance/","info":{}}}
{"time":1501712582707,"datetime":"2017-08-02T22:23:02.707Z","level":4,"component":"loguse:1","event":"loguse.client.hidden","info":{"clientid":"3d8acb40-737a-11e7-aab6-5bbd2ded9f8b","userid":"1","clienttime":1501712582625,"after":91788}}
{"time":1501712583556,"datetime":"2017-08-02T22:23:03.556Z","level":4,"component":"loguse","event":"loguse.client.add","info":{"clientid":"3d8acb40-737a-11e7-aab6-5bbd2ded9f8b","userid":"1"}}
{"time":1501712583580,"datetime":"2017-08-02T22:23:03.580Z","level":4,"component":"loguse:1","event":"loguse.client.visible","info":{"clientid":"3d8acb40-737a-11e7-aab6-5bbd2ded9f8b","userid":"1","clienttime":1501712583259}}
{"time":1501712583581,"datetime":"2017-08-02T22:23:03.581Z","level":4,"component":"loguse:1","event":"loguse.client.view","info":{"userid":"1","clienttime":1501712583260,"path":"/performance/","info":{}}}
{"time":1501712863212,"datetime":"2017-08-02T22:27:43.212Z","level":4,"component":"loguse:1","event":"loguse.client.hidden","info":{"clientid":"3d8acb40-737a-11e7-aab6-5bbd2ded9f8b","userid":"1","clienttime":1501712863126,"after":279867}}
{"time":1501713974250,"datetime":"2017-08-02T22:46:14.250Z","level":4,"component":"loguse:1","event":"loguse.client.visible","info":{"clientid":"3d8acb40-737a-11e7-aab6-5bbd2ded9f8b","userid":"1","clienttime":1501713974160,"after":1111034}}
{"time":1501713994308,"datetime":"2017-08-02T22:46:34.308Z","level":4,"component":"loguse:1","event":"loguse.client.view","info":{"userid":"1","clienttime":1501713994220,"path":"/performance/","info":{}}}
{"time":1501713996311,"datetime":"2017-08-02T22:46:36.311Z","level":4,"component":"loguse:1","event":"loguse.client.hidden","info":{"clientid":"3d8acb40-737a-11e7-aab6-5bbd2ded9f8b","userid":"1","clienttime":1501713996223,"after":22063}}
{"time":1501713997133,"datetime":"2017-08-02T22:46:37.133Z","level":4,"component":"loguse","event":"loguse.client.add","info":{"clientid":"3d8acb40-737a-11e7-aab6-5bbd2ded9f8b","userid":"1"}}
{"time":1501713997153,"datetime":"2017-08-02T22:46:37.153Z","level":4,"component":"loguse:1","event":"loguse.client.visible","info":{"clientid":"3d8acb40-737a-11e7-aab6-5bbd2ded9f8b","userid":"1","clienttime":1501713996851}}
{"time":1501713997153,"datetime":"2017-08-02T22:46:37.153Z","level":4,"component":"loguse:1","event":"loguse.client.view","info":{"userid":"1","clienttime":1501713996852,"path":"/performance/","info":{}}}
{"time":1501714036221,"datetime":"2017-08-02T22:47:16.221Z","level":4,"component":"loguse:1","event":"loguse.client.hidden","info":{"clientid":"3d8acb40-737a-11e7-aab6-5bbd2ded9f8b","userid":"1","clienttime":1501714036132,"after":39281}}
{"time":1501714037136,"datetime":"2017-08-02T22:47:17.136Z","level":4,"component":"loguse","event":"loguse.client.add","info":{"clientid":"3d8acb40-737a-11e7-aab6-5bbd2ded9f8b","userid":"1"}}
{"time":1501714037156,"datetime":"2017-08-02T22:47:17.156Z","level":4,"component":"loguse:1","event":"loguse.client.visible","info":{"clientid":"3d8acb40-737a-11e7-aab6-5bbd2ded9f8b","userid":"1","clienttime":1501714036812}}
{"time":1501714037157,"datetime":"2017-08-02T22:47:17.157Z","level":4,"component":"loguse:1","event":"loguse.client.view","info":{"userid":"1","clienttime":1501714036813,"path":"/performance/","info":{}}}
{"time":1501714040750,"datetime":"2017-08-02T22:47:20.750Z","level":4,"component":"loguse:1","event":"loguse.client.hidden","info":{"clientid":"3d8acb40-737a-11e7-aab6-5bbd2ded9f8b","userid":"1","clienttime":1501714040660,"after":3848}}
{"time":1501714050987,"datetime":"2017-08-02T22:47:30.987Z","level":4,"component":"loguse:1","event":"loguse.client.visible","info":{"clientid":"3d8acb40-737a-11e7-aab6-5bbd2ded9f8b","userid":"1","clienttime":1501714050896,"after":10236}}
{"time":1501714061900,"datetime":"2017-08-02T22:47:41.900Z","level":4,"component":"loguse:1","event":"loguse.client.hidden","info":{"clientid":"3d8acb40-737a-11e7-aab6-5bbd2ded9f8b","userid":"1","clienttime":1501714061810,"after":10914}}
{"time":1501714065104,"datetime":"2017-08-02T22:47:45.104Z","level":4,"component":"loguse:1","event":"loguse.client.visible","info":{"clientid":"3d8acb40-737a-11e7-aab6-5bbd2ded9f8b","userid":"1","clienttime":1501714065013,"after":3203}}
{"time":1501714067768,"datetime":"2017-08-02T22:47:47.768Z","level":4,"component":"loguse:1","event":"loguse.client.hidden","info":{"clientid":"3d8acb40-737a-11e7-aab6-5bbd2ded9f8b","userid":"1","clienttime":1501714067679,"after":2666}}
{"time":1501714069001,"datetime":"2017-08-02T22:47:49.001Z","level":4,"component":"loguse:1","event":"loguse.client.visible","info":{"clientid":"3d8acb40-737a-11e7-aab6-5bbd2ded9f8b","userid":"1","clienttime":1501714068912,"after":1233}}
{"time":1501714076167,"datetime":"2017-08-02T22:47:56.167Z","level":4,"component":"loguse:1","event":"loguse.client.hidden","info":{"clientid":"3d8acb40-737a-11e7-aab6-5bbd2ded9f8b","userid":"1","clienttime":1501714076078,"after":7166}}
{"time":1501714395991,"datetime":"2017-08-02T22:53:15.991Z","level":4,"component":"loguse:1","event":"loguse.client.visible","info":{"clientid":"3d8acb40-737a-11e7-aab6-5bbd2ded9f8b","userid":"1","clienttime":1501714395901,"after":319823}}
{"time":1501714397106,"datetime":"2017-08-02T22:53:17.106Z","level":4,"component":"loguse:1","event":"loguse.client.hidden","info":{"clientid":"3d8acb40-737a-11e7-aab6-5bbd2ded9f8b","userid":"1","clienttime":1501714397015,"after":1114}}
{"time":1501714498759,"datetime":"2017-08-02T22:54:58.759Z","level":4,"component":"loguse:1","event":"loguse.client.visible","info":{"clientid":"3d8acb40-737a-11e7-aab6-5bbd2ded9f8b","userid":"1","clienttime":1501714498666,"after":101651}}
{"time":1501714501940,"datetime":"2017-08-02T22:55:01.940Z","level":4,"component":"loguse:1","event":"loguse.client.hidden","info":{"clientid":"3d8acb40-737a-11e7-aab6-5bbd2ded9f8b","userid":"1","clienttime":1501714501848,"after":3182}}
{"time":1501714515324,"datetime":"2017-08-02T22:55:15.324Z","level":4,"component":"loguse:1","event":"loguse.client.visible","info":{"clientid":"3d8acb40-737a-11e7-aab6-5bbd2ded9f8b","userid":"1","clienttime":1501714515232,"after":13384}}
{"time":1501714519492,"datetime":"2017-08-02T22:55:19.492Z","level":4,"component":"loguse:1","event":"loguse.client.hidden","info":{"clientid":"3d8acb40-737a-11e7-aab6-5bbd2ded9f8b","userid":"1","clienttime":1501714519400,"after":4168}}
{"time":1501714554200,"datetime":"2017-08-02T22:55:54.200Z","level":4,"component":"loguse:1","event":"loguse.client.visible","info":{"clientid":"3d8acb40-737a-11e7-aab6-5bbd2ded9f8b","userid":"1","clienttime":1501714554108,"after":34708}}
{"time":1501714555773,"datetime":"2017-08-02T22:55:55.773Z","level":4,"component":"loguse:1","event":"loguse.client.hidden","info":{"clientid":"3d8acb40-737a-11e7-aab6-5bbd2ded9f8b","userid":"1","clienttime":1501714555683,"after":1575}}
{"time":1501714556631,"datetime":"2017-08-02T22:55:56.631Z","level":4,"component":"loguse","event":"loguse.client.add","info":{"clientid":"3d8acb40-737a-11e7-aab6-5bbd2ded9f8b","userid":"1"}}
{"time":1501714556655,"datetime":"2017-08-02T22:55:56.655Z","level":4,"component":"loguse:1","event":"loguse.client.visible","info":{"clientid":"3d8acb40-737a-11e7-aab6-5bbd2ded9f8b","userid":"1","clienttime":1501714556307}}
{"time":1501714556655,"datetime":"2017-08-02T22:55:56.655Z","level":4,"component":"loguse:1","event":"loguse.client.view","info":{"userid":"1","clienttime":1501714556308,"path":"/performance/","info":{}}}
{"time":1501714557449,"datetime":"2017-08-02T22:55:57.449Z","level":4,"component":"loguse:1","event":"loguse.client.hidden","info":{"clientid":"3d8acb40-737a-11e7-aab6-5bbd2ded9f8b","userid":"1","clienttime":1501714557357,"after":1050}}
{"time":1501714558887,"datetime":"2017-08-02T22:55:58.887Z","level":4,"component":"loguse:1","event":"loguse.client.visible","info":{"clientid":"3d8acb40-737a-11e7-aab6-5bbd2ded9f8b","userid":"1","clienttime":1501714558796,"after":1439}}
{"time":1501714561540,"datetime":"2017-08-02T22:56:01.540Z","level":4,"component":"loguse:1","event":"loguse.client.hidden","info":{"clientid":"3d8acb40-737a-11e7-aab6-5bbd2ded9f8b","userid":"1","clienttime":1501714561448,"after":2652}}
{"time":1501714787077,"datetime":"2017-08-02T22:59:47.077Z","level":4,"component":"loguse:1","event":"loguse.client.visible","info":{"clientid":"3d8acb40-737a-11e7-aab6-5bbd2ded9f8b","userid":"1","clienttime":1501714786984,"after":225536}}
{"time":1501714787721,"datetime":"2017-08-02T22:59:47.721Z","level":4,"component":"loguse:1","event":"loguse.client.hidden","info":{"clientid":"3d8acb40-737a-11e7-aab6-5bbd2ded9f8b","userid":"1","clienttime":1501714787628,"after":644}}
{"time":1501714793248,"datetime":"2017-08-02T22:59:53.248Z","level":4,"component":"loguse:1","event":"loguse.client.visible","info":{"clientid":"3d8acb40-737a-11e7-aab6-5bbd2ded9f8b","userid":"1","clienttime":1501714793155,"after":5527}}
