{"time":1501255084065,"datetime":"2017-07-28T15:18:04.065Z","level":4,"component":"server","event":"log.start","info":{"logVersion":"1.0","application":"muzivisual","installId":"f3871b60-73a7-11e7-875f-470acdd35ec5"}}
{"time":1501255084085,"datetime":"2017-07-28T15:18:04.085Z","level":4,"component":"server","event":"http.listen","info":{"port":8000}}
{"time":1501255084105,"datetime":"2017-07-28T15:18:04.105Z","level":4,"component":"server","event":"git.commit","info":"d9c2b8952d18905324a4be8b1424a5e221905ced"}
{"time":1501255096232,"datetime":"2017-07-28T15:18:16.232Z","level":4,"component":"loguse","event":"loguse.client.add","info":{"clientid":"3d8acb40-737a-11e7-aab6-5bbd2ded9f8b","userid":1}}
{"time":1501255096238,"datetime":"2017-07-28T15:18:16.238Z","level":4,"component":"loguse:1","event":"loguse.client.visible","info":{"clientid":"3d8acb40-737a-11e7-aab6-5bbd2ded9f8b","userid":1,"clienttime":1501255619193}}
{"time":1501255096240,"datetime":"2017-07-28T15:18:16.240Z","level":4,"component":"loguse:1","event":"loguse.client.view","info":{"userid":1,"clienttime":1501255619194,"path":"/","info":{}}}
{"time":1501255099301,"datetime":"2017-07-28T15:18:19.301Z","level":4,"component":"loguse:1","event":"loguse.client.hidden","info":{"clientid":"3d8acb40-737a-11e7-aab6-5bbd2ded9f8b","userid":1,"clienttime":1501255622297,"after":3104}}
{"time":1501255099922,"datetime":"2017-07-28T15:18:19.922Z","level":4,"component":"loguse","event":"loguse.client.add","info":{"clientid":"3d8acb40-737a-11e7-aab6-5bbd2ded9f8b","userid":"1"}}
{"time":1501255099934,"datetime":"2017-07-28T15:18:19.934Z","level":4,"component":"loguse:1","event":"loguse.client.visible","info":{"clientid":"3d8acb40-737a-11e7-aab6-5bbd2ded9f8b","userid":"1","clienttime":1501255622879}}
{"time":1501255099935,"datetime":"2017-07-28T15:18:19.935Z","level":4,"component":"loguse:1","event":"loguse.client.view","info":{"userid":"1","clienttime":1501255622879,"path":"/","info":{}}}
{"time":1501255117846,"datetime":"2017-07-28T15:18:37.846Z","level":4,"component":"loguse:1","event":"loguse.client.hidden","info":{"clientid":"3d8acb40-737a-11e7-aab6-5bbd2ded9f8b","userid":"1","clienttime":1501255640834,"after":17955}}
{"time":1501255119268,"datetime":"2017-07-28T15:18:39.268Z","level":4,"component":"loguse:1","event":"loguse.client.visible","info":{"clientid":"3d8acb40-737a-11e7-aab6-5bbd2ded9f8b","userid":"1","clienttime":1501255642255,"after":1421}}
{"time":1501255126159,"datetime":"2017-07-28T15:18:46.159Z","level":4,"component":"loguse:1","event":"loguse.client.view","info":{"userid":"1","clienttime":1501255649143,"path":"/","info":{}}}
{"time":1501255139748,"datetime":"2017-07-28T15:18:59.748Z","level":4,"component":"loguse:1","event":"loguse.client.view","info":{"userid":"1","clienttime":1501255662726,"path":"/","info":{}}}
{"time":1501255145035,"datetime":"2017-07-28T15:19:05.035Z","level":4,"component":"loguse:1","event":"loguse.client.hidden","info":{"clientid":"3d8acb40-737a-11e7-aab6-5bbd2ded9f8b","userid":"1","clienttime":1501255668009,"after":25754}}
{"time":1501255145642,"datetime":"2017-07-28T15:19:05.642Z","level":4,"component":"loguse","event":"loguse.client.add","info":{"clientid":"3d8acb40-737a-11e7-aab6-5bbd2ded9f8b","userid":"1"}}
{"time":1501255145648,"datetime":"2017-07-28T15:19:05.648Z","level":4,"component":"loguse:1","event":"loguse.client.visible","info":{"clientid":"3d8acb40-737a-11e7-aab6-5bbd2ded9f8b","userid":"1","clienttime":1501255668572}}
{"time":1501255145648,"datetime":"2017-07-28T15:19:05.648Z","level":4,"component":"loguse:1","event":"loguse.client.view","info":{"userid":"1","clienttime":1501255668573,"path":"/","info":{}}}
{"time":1501255146784,"datetime":"2017-07-28T15:19:06.784Z","level":4,"component":"loguse:1","event":"loguse.client.hidden","info":{"clientid":"3d8acb40-737a-11e7-aab6-5bbd2ded9f8b","userid":"1","clienttime":1501255669758,"after":1186}}
{"time":1501255147354,"datetime":"2017-07-28T15:19:07.354Z","level":4,"component":"loguse","event":"loguse.client.add","info":{"clientid":"3d8acb40-737a-11e7-aab6-5bbd2ded9f8b","userid":"1"}}
{"time":1501255147360,"datetime":"2017-07-28T15:19:07.360Z","level":4,"component":"loguse:1","event":"loguse.client.visible","info":{"clientid":"3d8acb40-737a-11e7-aab6-5bbd2ded9f8b","userid":"1","clienttime":1501255670290}}
{"time":1501255147360,"datetime":"2017-07-28T15:19:07.360Z","level":4,"component":"loguse:1","event":"loguse.client.view","info":{"userid":"1","clienttime":1501255670291,"path":"/","info":{}}}
{"time":1501255170849,"datetime":"2017-07-28T15:19:30.849Z","level":4,"component":"loguse:1","event":"loguse.client.hidden","info":{"clientid":"3d8acb40-737a-11e7-aab6-5bbd2ded9f8b","userid":"1","clienttime":1501255693810,"after":23520}}
{"time":1501255171266,"datetime":"2017-07-28T15:19:31.266Z","level":4,"component":"loguse:1","event":"loguse.client.visible","info":{"clientid":"3d8acb40-737a-11e7-aab6-5bbd2ded9f8b","userid":"1","clienttime":1501255694227,"after":417}}
{"time":1501255174468,"datetime":"2017-07-28T15:19:34.468Z","level":4,"component":"loguse:1","event":"loguse.client.hidden","info":{"clientid":"3d8acb40-737a-11e7-aab6-5bbd2ded9f8b","userid":"1","clienttime":1501255697428,"after":3201}}
{"time":1501255189365,"datetime":"2017-07-28T15:19:49.365Z","level":4,"component":"loguse:1","event":"loguse.client.visible","info":{"clientid":"3d8acb40-737a-11e7-aab6-5bbd2ded9f8b","userid":"1","clienttime":1501255712318,"after":14890}}
{"time":1501255193680,"datetime":"2017-07-28T15:19:53.680Z","level":4,"component":"loguse:1","event":"loguse.client.hidden","info":{"clientid":"3d8acb40-737a-11e7-aab6-5bbd2ded9f8b","userid":"1","clienttime":1501255716630,"after":4312}}
{"time":1501255230960,"datetime":"2017-07-28T15:20:30.960Z","level":4,"component":"loguse:1","event":"loguse.client.visible","info":{"clientid":"3d8acb40-737a-11e7-aab6-5bbd2ded9f8b","userid":"1","clienttime":1501255753890,"after":37260}}
{"time":1501255232082,"datetime":"2017-07-28T15:20:32.082Z","level":4,"component":"loguse:1","event":"loguse.client.view","info":{"userid":"1","clienttime":1501255755013,"path":"/content/Archive","info":{}}}
{"time":1501255233357,"datetime":"2017-07-28T15:20:33.357Z","level":4,"component":"loguse:1","event":"loguse.client.view","info":{"userid":"1","clienttime":1501255756287,"path":"/","info":{}}}
{"time":1501255255123,"datetime":"2017-07-28T15:20:55.123Z","level":4,"component":"loguse:1","event":"loguse.client.hidden","info":{"clientid":"3d8acb40-737a-11e7-aab6-5bbd2ded9f8b","userid":"1","clienttime":1501255778040,"after":24150}}
{"time":1501255265833,"datetime":"2017-07-28T15:21:05.833Z","level":4,"component":"loguse:1","event":"loguse.client.visible","info":{"clientid":"3d8acb40-737a-11e7-aab6-5bbd2ded9f8b","userid":"1","clienttime":1501255788746,"after":10706}}
{"time":1501255280956,"datetime":"2017-07-28T15:21:20.956Z","level":4,"component":"loguse:1","event":"loguse.client.view","info":{"userid":"1","clienttime":1501255803863,"path":"/","info":{}}}
{"time":1501255287944,"datetime":"2017-07-28T15:21:27.944Z","level":4,"component":"loguse:1","event":"loguse.client.hidden","info":{"clientid":"3d8acb40-737a-11e7-aab6-5bbd2ded9f8b","userid":"1","clienttime":1501255810847,"after":22101}}
{"time":1501255288553,"datetime":"2017-07-28T15:21:28.553Z","level":4,"component":"loguse","event":"loguse.client.add","info":{"clientid":"3d8acb40-737a-11e7-aab6-5bbd2ded9f8b","userid":"1"}}
{"time":1501255288563,"datetime":"2017-07-28T15:21:28.563Z","level":4,"component":"loguse:1","event":"loguse.client.visible","info":{"clientid":"3d8acb40-737a-11e7-aab6-5bbd2ded9f8b","userid":"1","clienttime":1501255811425}}
{"time":1501255288564,"datetime":"2017-07-28T15:21:28.564Z","level":4,"component":"loguse:1","event":"loguse.client.view","info":{"userid":"1","clienttime":1501255811426,"path":"/","info":{}}}
{"time":1501255343337,"datetime":"2017-07-28T15:22:23.337Z","level":4,"component":"loguse:1","event":"loguse.client.hidden","info":{"clientid":"3d8acb40-737a-11e7-aab6-5bbd2ded9f8b","userid":"1","clienttime":1501255866212,"after":54787}}
{"time":1501255427168,"datetime":"2017-07-28T15:23:47.168Z","level":4,"component":"loguse:1","event":"loguse.client.visible","info":{"clientid":"3d8acb40-737a-11e7-aab6-5bbd2ded9f8b","userid":"1","clienttime":1501255950001,"after":83789}}
{"time":1501255428431,"datetime":"2017-07-28T15:23:48.431Z","level":4,"component":"loguse:1","event":"loguse.client.hidden","info":{"clientid":"3d8acb40-737a-11e7-aab6-5bbd2ded9f8b","userid":"1","clienttime":1501255951264,"after":1263}}
{"time":1501255429003,"datetime":"2017-07-28T15:23:49.003Z","level":4,"component":"loguse","event":"loguse.client.add","info":{"clientid":"3d8acb40-737a-11e7-aab6-5bbd2ded9f8b","userid":"1"}}
{"time":1501255429010,"datetime":"2017-07-28T15:23:49.010Z","level":4,"component":"loguse:1","event":"loguse.client.visible","info":{"clientid":"3d8acb40-737a-11e7-aab6-5bbd2ded9f8b","userid":"1","clienttime":1501255951801}}
{"time":1501255429010,"datetime":"2017-07-28T15:23:49.010Z","level":4,"component":"loguse:1","event":"loguse.client.view","info":{"userid":"1","clienttime":1501255951801,"path":"/","info":{}}}
{"time":1501255432225,"datetime":"2017-07-28T15:23:52.225Z","level":4,"component":"loguse:1","event":"loguse.client.hidden","info":{"clientid":"3d8acb40-737a-11e7-aab6-5bbd2ded9f8b","userid":"1","clienttime":1501255955055,"after":3254}}
{"time":1501255461028,"datetime":"2017-07-28T15:24:21.028Z","level":4,"component":"loguse:1","event":"loguse.client.visible","info":{"clientid":"3d8acb40-737a-11e7-aab6-5bbd2ded9f8b","userid":"1","clienttime":1501255983844,"after":28789}}
{"time":1501255462489,"datetime":"2017-07-28T15:24:22.489Z","level":4,"component":"loguse:1","event":"loguse.client.view","info":{"userid":"1","clienttime":1501255985304,"path":"/content/Archive","info":{}}}
{"time":1501255463569,"datetime":"2017-07-28T15:24:23.569Z","level":4,"component":"loguse:1","event":"loguse.client.view","info":{"userid":"1","clienttime":1501255986382,"path":"/","info":{}}}
{"time":1501255464506,"datetime":"2017-07-28T15:24:24.506Z","level":4,"component":"loguse:1","event":"loguse.client.view","info":{"userid":"1","clienttime":1501255987320,"path":"/content/How it works","info":{}}}
{"time":1501255468029,"datetime":"2017-07-28T15:24:28.029Z","level":4,"component":"loguse:1","event":"loguse.client.view","info":{"userid":"1","clienttime":1501255990842,"path":"/","info":{}}}
{"time":1501255490498,"datetime":"2017-07-28T15:24:50.498Z","level":4,"component":"loguse:1","event":"loguse.client.hidden","info":{"clientid":"3d8acb40-737a-11e7-aab6-5bbd2ded9f8b","userid":"1","clienttime":1501256013298,"after":29454}}
{"time":1501255672132,"datetime":"2017-07-28T15:27:52.132Z","level":4,"component":"loguse:1","event":"loguse.client.visible","info":{"clientid":"3d8acb40-737a-11e7-aab6-5bbd2ded9f8b","userid":"1","clienttime":1501256194841,"after":181543}}
{"time":1501255673899,"datetime":"2017-07-28T15:27:53.899Z","level":4,"component":"loguse:1","event":"loguse.client.hidden","info":{"clientid":"3d8acb40-737a-11e7-aab6-5bbd2ded9f8b","userid":"1","clienttime":1501256196607,"after":1766}}
{"time":1501255700101,"datetime":"2017-07-28T15:28:20.101Z","level":4,"component":"loguse:1","event":"loguse.client.visible","info":{"clientid":"3d8acb40-737a-11e7-aab6-5bbd2ded9f8b","userid":"1","clienttime":1501256222795,"after":26188}}
{"time":1501255701268,"datetime":"2017-07-28T15:28:21.268Z","level":4,"component":"loguse:1","event":"loguse.client.hidden","info":{"clientid":"3d8acb40-737a-11e7-aab6-5bbd2ded9f8b","userid":"1","clienttime":1501256223962,"after":1167}}
{"time":1501255875539,"datetime":"2017-07-28T15:31:15.539Z","level":4,"component":"loguse:1","event":"loguse.client.visible","info":{"clientid":"3d8acb40-737a-11e7-aab6-5bbd2ded9f8b","userid":"1","clienttime":1501256398146,"after":174184}}
{"time":1501255886844,"datetime":"2017-07-28T15:31:26.844Z","level":4,"component":"loguse:1","event":"loguse.client.hidden","info":{"clientid":"3d8acb40-737a-11e7-aab6-5bbd2ded9f8b","userid":"1","clienttime":1501256409443,"after":11297}}
{"time":1501255893188,"datetime":"2017-07-28T15:31:33.188Z","level":4,"component":"loguse:1","event":"loguse.client.visible","info":{"clientid":"3d8acb40-737a-11e7-aab6-5bbd2ded9f8b","userid":"1","clienttime":1501256415785,"after":6342}}
{"time":1501255929090,"datetime":"2017-07-28T15:32:09.090Z","level":4,"component":"loguse:1","event":"loguse.client.hidden","info":{"clientid":"3d8acb40-737a-11e7-aab6-5bbd2ded9f8b","userid":"1","clienttime":1501256451670,"after":35885}}
{"time":1501255943367,"datetime":"2017-07-28T15:32:23.367Z","level":4,"component":"loguse:1","event":"loguse.client.visible","info":{"clientid":"3d8acb40-737a-11e7-aab6-5bbd2ded9f8b","userid":"1","clienttime":1501256465939,"after":14269}}
{"time":1501255951337,"datetime":"2017-07-28T15:32:31.337Z","level":4,"component":"loguse:1","event":"loguse.client.hidden","info":{"clientid":"3d8acb40-737a-11e7-aab6-5bbd2ded9f8b","userid":"1","clienttime":1501256473904,"after":7965}}
{"time":1501255951939,"datetime":"2017-07-28T15:32:31.939Z","level":4,"component":"loguse:1","event":"loguse.client.visible","info":{"clientid":"3d8acb40-737a-11e7-aab6-5bbd2ded9f8b","userid":"1","clienttime":1501256474507,"after":603}}
{"time":1501255952453,"datetime":"2017-07-28T15:32:32.453Z","level":4,"component":"loguse:1","event":"loguse.client.hidden","info":{"clientid":"3d8acb40-737a-11e7-aab6-5bbd2ded9f8b","userid":"1","clienttime":1501256475022,"after":515}}
{"time":1501255953256,"datetime":"2017-07-28T15:32:33.256Z","level":4,"component":"loguse:1","event":"loguse.client.visible","info":{"clientid":"3d8acb40-737a-11e7-aab6-5bbd2ded9f8b","userid":"1","clienttime":1501256475822,"after":800}}
{"time":1501255956488,"datetime":"2017-07-28T15:32:36.488Z","level":4,"component":"loguse:1","event":"loguse.client.hidden","info":{"clientid":"3d8acb40-737a-11e7-aab6-5bbd2ded9f8b","userid":"1","clienttime":1501256479053,"after":3231}}
{"time":1501256043683,"datetime":"2017-07-28T15:34:03.683Z","level":4,"component":"loguse:1","event":"loguse.client.visible","info":{"clientid":"3d8acb40-737a-11e7-aab6-5bbd2ded9f8b","userid":"1","clienttime":1501256566205,"after":87152}}
{"time":1501256050863,"datetime":"2017-07-28T15:34:10.863Z","level":4,"component":"loguse:1","event":"loguse.client.view","info":{"userid":"1","clienttime":1501256573382,"path":"/","info":{}}}
{"time":1501256065989,"datetime":"2017-07-28T15:34:25.989Z","level":4,"component":"loguse:1","event":"loguse.client.hidden","info":{"clientid":"3d8acb40-737a-11e7-aab6-5bbd2ded9f8b","userid":"1","clienttime":1501256588501,"after":22296}}
{"time":1501256066613,"datetime":"2017-07-28T15:34:26.613Z","level":4,"component":"loguse","event":"loguse.client.add","info":{"clientid":"3d8acb40-737a-11e7-aab6-5bbd2ded9f8b","userid":"1"}}
{"time":1501256066623,"datetime":"2017-07-28T15:34:26.623Z","level":4,"component":"loguse:1","event":"loguse.client.visible","info":{"clientid":"3d8acb40-737a-11e7-aab6-5bbd2ded9f8b","userid":"1","clienttime":1501256589085}}
{"time":1501256066623,"datetime":"2017-07-28T15:34:26.623Z","level":4,"component":"loguse:1","event":"loguse.client.view","info":{"userid":"1","clienttime":1501256589085,"path":"/","info":{}}}
{"time":1501256070266,"datetime":"2017-07-28T15:34:30.266Z","level":4,"component":"loguse:1","event":"loguse.client.hidden","info":{"clientid":"3d8acb40-737a-11e7-aab6-5bbd2ded9f8b","userid":"1","clienttime":1501256592773,"after":3688}}
{"time":1501256078675,"datetime":"2017-07-28T15:34:38.675Z","level":4,"component":"loguse:1","event":"loguse.client.visible","info":{"clientid":"3d8acb40-737a-11e7-aab6-5bbd2ded9f8b","userid":"1","clienttime":1501256601179,"after":8406}}
{"time":1501256079770,"datetime":"2017-07-28T15:34:39.770Z","level":4,"component":"loguse:1","event":"loguse.client.view","info":{"userid":"1","clienttime":1501256602274,"path":"/performance/","info":{}}}
{"time":1501256080586,"datetime":"2017-07-28T15:34:40.586Z","level":4,"component":"loguse","event":"loguse.client.add","info":{"clientid":"3d8acb40-737a-11e7-aab6-5bbd2ded9f8b","userid":"1"}}
{"time":1501256080607,"datetime":"2017-07-28T15:34:40.607Z","level":4,"component":"loguse:1","event":"loguse.client.visible","info":{"clientid":"3d8acb40-737a-11e7-aab6-5bbd2ded9f8b","userid":"1","clienttime":1501256602885}}
{"time":1501256080608,"datetime":"2017-07-28T15:34:40.608Z","level":4,"component":"loguse:1","event":"loguse.client.view","info":{"userid":"1","clienttime":1501256602886,"path":"/performance/","info":{}}}
{"time":1501256082917,"datetime":"2017-07-28T15:34:42.917Z","level":4,"component":"loguse:1","event":"loguse.client.view","info":{"userid":"1","clienttime":1501256605417,"path":"/","info":{}}}
{"time":1501256086345,"datetime":"2017-07-28T15:34:46.345Z","level":4,"component":"loguse:1","event":"loguse.client.hidden","info":{"clientid":"3d8acb40-737a-11e7-aab6-5bbd2ded9f8b","userid":"1","clienttime":1501256608845,"after":5960}}
{"time":1501256113252,"datetime":"2017-07-28T15:35:13.252Z","level":4,"component":"loguse:1","event":"loguse.client.visible","info":{"clientid":"3d8acb40-737a-11e7-aab6-5bbd2ded9f8b","userid":"1","clienttime":1501256635739,"after":26894}}
{"time":1501256117738,"datetime":"2017-07-28T15:35:17.738Z","level":4,"component":"loguse:1","event":"loguse.client.view","info":{"userid":"1","clienttime":1501256640223,"path":"/","info":{}}}
{"time":1501256119840,"datetime":"2017-07-28T15:35:19.840Z","level":4,"component":"loguse:1","event":"loguse.client.hidden","info":{"clientid":"3d8acb40-737a-11e7-aab6-5bbd2ded9f8b","userid":"1","clienttime":1501256642324,"after":6585}}
{"time":1501256120438,"datetime":"2017-07-28T15:35:20.438Z","level":4,"component":"loguse","event":"loguse.client.add","info":{"clientid":"3d8acb40-737a-11e7-aab6-5bbd2ded9f8b","userid":"1"}}
{"time":1501256120447,"datetime":"2017-07-28T15:35:20.447Z","level":4,"component":"loguse:1","event":"loguse.client.visible","info":{"clientid":"3d8acb40-737a-11e7-aab6-5bbd2ded9f8b","userid":"1","clienttime":1501256642876}}
{"time":1501256120448,"datetime":"2017-07-28T15:35:20.448Z","level":4,"component":"loguse:1","event":"loguse.client.view","info":{"userid":"1","clienttime":1501256642876,"path":"/","info":{}}}
{"time":1501256122304,"datetime":"2017-07-28T15:35:22.304Z","level":4,"component":"loguse:1","event":"loguse.client.view","info":{"userid":"1","clienttime":1501256644786,"path":"/performance/","info":{}}}
{"time":1501256123099,"datetime":"2017-07-28T15:35:23.099Z","level":4,"component":"loguse","event":"loguse.client.add","info":{"clientid":"3d8acb40-737a-11e7-aab6-5bbd2ded9f8b","userid":"1"}}
{"time":1501256123121,"datetime":"2017-07-28T15:35:23.121Z","level":4,"component":"loguse:1","event":"loguse.client.visible","info":{"clientid":"3d8acb40-737a-11e7-aab6-5bbd2ded9f8b","userid":"1","clienttime":1501256645385}}
{"time":1501256123121,"datetime":"2017-07-28T15:35:23.121Z","level":4,"component":"loguse:1","event":"loguse.client.view","info":{"userid":"1","clienttime":1501256645386,"path":"/performance/","info":{}}}
{"time":1501256125017,"datetime":"2017-07-28T15:35:25.017Z","level":4,"component":"loguse:1","event":"loguse.client.view","info":{"userid":"1","clienttime":1501256647498,"path":"/","info":{}}}
{"time":1501256128853,"datetime":"2017-07-28T15:35:28.853Z","level":4,"component":"loguse:1","event":"loguse.client.hidden","info":{"clientid":"3d8acb40-737a-11e7-aab6-5bbd2ded9f8b","userid":"1","clienttime":1501256651332,"after":5947}}
{"time":1501256139583,"datetime":"2017-07-28T15:35:39.583Z","level":4,"component":"loguse:1","event":"loguse.client.visible","info":{"clientid":"3d8acb40-737a-11e7-aab6-5bbd2ded9f8b","userid":"1","clienttime":1501256662056,"after":10724}}
{"time":1501256141078,"datetime":"2017-07-28T15:35:41.078Z","level":4,"component":"loguse:1","event":"loguse.client.hidden","info":{"clientid":"3d8acb40-737a-11e7-aab6-5bbd2ded9f8b","userid":"1","clienttime":1501256663550,"after":1494}}
{"time":1501256159396,"datetime":"2017-07-28T15:35:59.396Z","level":4,"component":"loguse:1","event":"loguse.client.visible","info":{"clientid":"3d8acb40-737a-11e7-aab6-5bbd2ded9f8b","userid":"1","clienttime":1501256681859,"after":18309}}
{"time":1501256160808,"datetime":"2017-07-28T15:36:00.808Z","level":4,"component":"loguse:1","event":"loguse.client.hidden","info":{"clientid":"3d8acb40-737a-11e7-aab6-5bbd2ded9f8b","userid":"1","clienttime":1501256683271,"after":1412}}
{"time":1501256161388,"datetime":"2017-07-28T15:36:01.388Z","level":4,"component":"loguse","event":"loguse.client.add","info":{"clientid":"3d8acb40-737a-11e7-aab6-5bbd2ded9f8b","userid":"1"}}
{"time":1501256161396,"datetime":"2017-07-28T15:36:01.396Z","level":4,"component":"loguse:1","event":"loguse.client.visible","info":{"clientid":"3d8acb40-737a-11e7-aab6-5bbd2ded9f8b","userid":"1","clienttime":1501256683809}}
{"time":1501256161398,"datetime":"2017-07-28T15:36:01.398Z","level":4,"component":"loguse:1","event":"loguse.client.view","info":{"userid":"1","clienttime":1501256683810,"path":"/","info":{}}}
{"time":1501256166298,"datetime":"2017-07-28T15:36:06.298Z","level":4,"component":"loguse:1","event":"loguse.client.view","info":{"userid":"1","clienttime":1501256688759,"path":"/","info":{}}}
{"time":1501256168369,"datetime":"2017-07-28T15:36:08.369Z","level":4,"component":"loguse:1","event":"loguse.client.hidden","info":{"clientid":"3d8acb40-737a-11e7-aab6-5bbd2ded9f8b","userid":"1","clienttime":1501256690828,"after":7019}}
{"time":1501256168938,"datetime":"2017-07-28T15:36:08.938Z","level":4,"component":"loguse","event":"loguse.client.add","info":{"clientid":"3d8acb40-737a-11e7-aab6-5bbd2ded9f8b","userid":"1"}}
{"time":1501256168944,"datetime":"2017-07-28T15:36:08.944Z","level":4,"component":"loguse:1","event":"loguse.client.visible","info":{"clientid":"3d8acb40-737a-11e7-aab6-5bbd2ded9f8b","userid":"1","clienttime":1501256691357}}
{"time":1501256168947,"datetime":"2017-07-28T15:36:08.947Z","level":4,"component":"loguse:1","event":"loguse.client.view","info":{"userid":"1","clienttime":1501256691357,"path":"/","info":{}}}
{"time":1501256170314,"datetime":"2017-07-28T15:36:10.314Z","level":4,"component":"loguse:1","event":"loguse.client.view","info":{"userid":"1","clienttime":1501256692772,"path":"/performance/","info":{}}}
{"time":1501256171075,"datetime":"2017-07-28T15:36:11.075Z","level":4,"component":"loguse","event":"loguse.client.add","info":{"clientid":"3d8acb40-737a-11e7-aab6-5bbd2ded9f8b","userid":"1"}}
{"time":1501256171101,"datetime":"2017-07-28T15:36:11.101Z","level":4,"component":"loguse:1","event":"loguse.client.visible","info":{"clientid":"3d8acb40-737a-11e7-aab6-5bbd2ded9f8b","userid":"1","clienttime":1501256693335}}
{"time":1501256171101,"datetime":"2017-07-28T15:36:11.101Z","level":4,"component":"loguse:1","event":"loguse.client.view","info":{"userid":"1","clienttime":1501256693336,"path":"/performance/","info":{}}}
{"time":1501256176132,"datetime":"2017-07-28T15:36:16.132Z","level":4,"component":"loguse:1","event":"loguse.client.view","info":{"userid":"1","clienttime":1501256698588,"path":"/","info":{}}}
{"time":1501256179579,"datetime":"2017-07-28T15:36:19.579Z","level":4,"component":"loguse:1","event":"loguse.client.hidden","info":{"clientid":"3d8acb40-737a-11e7-aab6-5bbd2ded9f8b","userid":"1","clienttime":1501256702032,"after":8697}}
{"time":1501256223783,"datetime":"2017-07-28T15:37:03.783Z","level":4,"component":"loguse:1","event":"loguse.client.visible","info":{"clientid":"3d8acb40-737a-11e7-aab6-5bbd2ded9f8b","userid":"1","clienttime":1501256746212,"after":44180}}
{"time":1501256231208,"datetime":"2017-07-28T15:37:11.208Z","level":4,"component":"loguse:1","event":"loguse.client.hidden","info":{"clientid":"3d8acb40-737a-11e7-aab6-5bbd2ded9f8b","userid":"1","clienttime":1501256753636,"after":7424}}
{"time":1501256399276,"datetime":"2017-07-28T15:39:59.276Z","level":4,"component":"loguse:1","event":"loguse.client.visible","info":{"clientid":"3d8acb40-737a-11e7-aab6-5bbd2ded9f8b","userid":"1","clienttime":1501256921619,"after":167983}}
{"time":1501256399996,"datetime":"2017-07-28T15:39:59.996Z","level":4,"component":"loguse:1","event":"loguse.client.hidden","info":{"clientid":"3d8acb40-737a-11e7-aab6-5bbd2ded9f8b","userid":"1","clienttime":1501256922338,"after":719}}
{"time":1501256400574,"datetime":"2017-07-28T15:40:00.574Z","level":4,"component":"loguse","event":"loguse.client.add","info":{"clientid":"3d8acb40-737a-11e7-aab6-5bbd2ded9f8b","userid":"1"}}
{"time":1501256400580,"datetime":"2017-07-28T15:40:00.580Z","level":4,"component":"loguse:1","event":"loguse.client.visible","info":{"clientid":"3d8acb40-737a-11e7-aab6-5bbd2ded9f8b","userid":"1","clienttime":1501256922875}}
{"time":1501256400581,"datetime":"2017-07-28T15:40:00.581Z","level":4,"component":"loguse:1","event":"loguse.client.view","info":{"userid":"1","clienttime":1501256922875,"path":"/","info":{}}}
{"time":1501256404451,"datetime":"2017-07-28T15:40:04.451Z","level":4,"component":"loguse:1","event":"loguse.client.view","info":{"userid":"1","clienttime":1501256926792,"path":"/","info":{}}}
{"time":1501256407079,"datetime":"2017-07-28T15:40:07.079Z","level":4,"component":"loguse:1","event":"loguse.client.hidden","info":{"clientid":"3d8acb40-737a-11e7-aab6-5bbd2ded9f8b","userid":"1","clienttime":1501256929418,"after":6543}}
{"time":1501256407642,"datetime":"2017-07-28T15:40:07.642Z","level":4,"component":"loguse","event":"loguse.client.add","info":{"clientid":"3d8acb40-737a-11e7-aab6-5bbd2ded9f8b","userid":"1"}}
{"time":1501256407648,"datetime":"2017-07-28T15:40:07.648Z","level":4,"component":"loguse:1","event":"loguse.client.visible","info":{"clientid":"3d8acb40-737a-11e7-aab6-5bbd2ded9f8b","userid":"1","clienttime":1501256929938}}
{"time":1501256407648,"datetime":"2017-07-28T15:40:07.648Z","level":4,"component":"loguse:1","event":"loguse.client.view","info":{"userid":"1","clienttime":1501256929938,"path":"/","info":{}}}
{"time":1501256410926,"datetime":"2017-07-28T15:40:10.926Z","level":4,"component":"loguse:1","event":"loguse.client.hidden","info":{"clientid":"3d8acb40-737a-11e7-aab6-5bbd2ded9f8b","userid":"1","clienttime":1501256933263,"after":3325}}
{"time":1501256412349,"datetime":"2017-07-28T15:40:12.349Z","level":4,"component":"loguse:1","event":"loguse.client.visible","info":{"clientid":"3d8acb40-737a-11e7-aab6-5bbd2ded9f8b","userid":"1","clienttime":1501256934685,"after":1422}}
{"time":1501256413408,"datetime":"2017-07-28T15:40:13.408Z","level":4,"component":"loguse:1","event":"loguse.client.view","info":{"userid":"1","clienttime":1501256935744,"path":"/performance/","info":{}}}
{"time":1501256414176,"datetime":"2017-07-28T15:40:14.176Z","level":4,"component":"loguse","event":"loguse.client.add","info":{"clientid":"3d8acb40-737a-11e7-aab6-5bbd2ded9f8b","userid":"1"}}
{"time":1501256414197,"datetime":"2017-07-28T15:40:14.197Z","level":4,"component":"loguse:1","event":"loguse.client.visible","info":{"clientid":"3d8acb40-737a-11e7-aab6-5bbd2ded9f8b","userid":"1","clienttime":1501256936314}}
{"time":1501256414198,"datetime":"2017-07-28T15:40:14.198Z","level":4,"component":"loguse:1","event":"loguse.client.view","info":{"userid":"1","clienttime":1501256936316,"path":"/performance/","info":{}}}
{"time":1501256414980,"datetime":"2017-07-28T15:40:14.980Z","level":4,"component":"loguse:1","event":"loguse.client.view","info":{"userid":"1","clienttime":1501256937315,"path":"/","info":{}}}
{"time":1501256416578,"datetime":"2017-07-28T15:40:16.578Z","level":4,"component":"loguse:1","event":"loguse.client.hidden","info":{"clientid":"3d8acb40-737a-11e7-aab6-5bbd2ded9f8b","userid":"1","clienttime":1501256938911,"after":2597}}
{"time":1501256471538,"datetime":"2017-07-28T15:41:11.538Z","level":4,"component":"loguse:1","event":"loguse.client.visible","info":{"clientid":"3d8acb40-737a-11e7-aab6-5bbd2ded9f8b","userid":"1","clienttime":1501256993844,"after":54933}}
{"time":1501256475622,"datetime":"2017-07-28T15:41:15.622Z","level":4,"component":"loguse:1","event":"loguse.client.view","info":{"userid":"1","clienttime":1501256997927,"path":"/","info":{}}}
{"time":1501256479114,"datetime":"2017-07-28T15:41:19.114Z","level":4,"component":"loguse:1","event":"loguse.client.hidden","info":{"clientid":"3d8acb40-737a-11e7-aab6-5bbd2ded9f8b","userid":"1","clienttime":1501257001418,"after":7574}}
{"time":1501256479737,"datetime":"2017-07-28T15:41:19.737Z","level":4,"component":"loguse","event":"loguse.client.add","info":{"clientid":"3d8acb40-737a-11e7-aab6-5bbd2ded9f8b","userid":"1"}}
{"time":1501256479744,"datetime":"2017-07-28T15:41:19.744Z","level":4,"component":"loguse:1","event":"loguse.client.visible","info":{"clientid":"3d8acb40-737a-11e7-aab6-5bbd2ded9f8b","userid":"1","clienttime":1501257001997}}
{"time":1501256479744,"datetime":"2017-07-28T15:41:19.744Z","level":4,"component":"loguse:1","event":"loguse.client.view","info":{"userid":"1","clienttime":1501257001997,"path":"/","info":{}}}
{"time":1501256483649,"datetime":"2017-07-28T15:41:23.649Z","level":4,"component":"loguse:1","event":"loguse.client.view","info":{"userid":"1","clienttime":1501257005950,"path":"/performance/","info":{}}}
{"time":1501256484443,"datetime":"2017-07-28T15:41:24.443Z","level":4,"component":"loguse","event":"loguse.client.add","info":{"clientid":"3d8acb40-737a-11e7-aab6-5bbd2ded9f8b","userid":"1"}}
{"time":1501256484464,"datetime":"2017-07-28T15:41:24.464Z","level":4,"component":"loguse:1","event":"loguse.client.visible","info":{"clientid":"3d8acb40-737a-11e7-aab6-5bbd2ded9f8b","userid":"1","clienttime":1501257006548}}
{"time":1501256484464,"datetime":"2017-07-28T15:41:24.464Z","level":4,"component":"loguse:1","event":"loguse.client.view","info":{"userid":"1","clienttime":1501257006549,"path":"/performance/","info":{}}}
{"time":1501256485156,"datetime":"2017-07-28T15:41:25.156Z","level":4,"component":"loguse:1","event":"loguse.client.hidden","info":{"clientid":"3d8acb40-737a-11e7-aab6-5bbd2ded9f8b","userid":"1","clienttime":1501257007455,"after":907}}
{"time":1501256485717,"datetime":"2017-07-28T15:41:25.717Z","level":4,"component":"loguse","event":"loguse.client.add","info":{"clientid":"3d8acb40-737a-11e7-aab6-5bbd2ded9f8b","userid":"1"}}
{"time":1501256485723,"datetime":"2017-07-28T15:41:25.723Z","level":4,"component":"loguse:1","event":"loguse.client.visible","info":{"clientid":"3d8acb40-737a-11e7-aab6-5bbd2ded9f8b","userid":"1","clienttime":1501257007975}}
{"time":1501256485723,"datetime":"2017-07-28T15:41:25.723Z","level":4,"component":"loguse:1","event":"loguse.client.view","info":{"userid":"1","clienttime":1501257007976,"path":"/","info":{}}}
{"time":1501256490362,"datetime":"2017-07-28T15:41:30.362Z","level":4,"component":"loguse:1","event":"loguse.client.hidden","info":{"clientid":"3d8acb40-737a-11e7-aab6-5bbd2ded9f8b","userid":"1","clienttime":1501257012658,"after":4683}}
{"time":1501256492671,"datetime":"2017-07-28T15:41:32.671Z","level":4,"component":"loguse:1","event":"loguse.client.visible","info":{"clientid":"3d8acb40-737a-11e7-aab6-5bbd2ded9f8b","userid":"1","clienttime":1501257014966,"after":2308}}
{"time":1501256495580,"datetime":"2017-07-28T15:41:35.580Z","level":4,"component":"loguse:1","event":"loguse.client.hidden","info":{"clientid":"3d8acb40-737a-11e7-aab6-5bbd2ded9f8b","userid":"1","clienttime":1501257017874,"after":2908}}
{"time":1501256496165,"datetime":"2017-07-28T15:41:36.165Z","level":4,"component":"loguse","event":"loguse.client.add","info":{"clientid":"3d8acb40-737a-11e7-aab6-5bbd2ded9f8b","userid":"1"}}
{"time":1501256496171,"datetime":"2017-07-28T15:41:36.171Z","level":4,"component":"loguse:1","event":"loguse.client.visible","info":{"clientid":"3d8acb40-737a-11e7-aab6-5bbd2ded9f8b","userid":"1","clienttime":1501257018429}}
{"time":1501256496172,"datetime":"2017-07-28T15:41:36.172Z","level":4,"component":"loguse:1","event":"loguse.client.view","info":{"userid":"1","clienttime":1501257018429,"path":"/","info":{}}}
{"time":1501256497120,"datetime":"2017-07-28T15:41:37.120Z","level":4,"component":"loguse:1","event":"loguse.client.hidden","info":{"clientid":"3d8acb40-737a-11e7-aab6-5bbd2ded9f8b","userid":"1","clienttime":1501257019414,"after":985}}
{"time":1501256497708,"datetime":"2017-07-28T15:41:37.708Z","level":4,"component":"loguse","event":"loguse.client.add","info":{"clientid":"3d8acb40-737a-11e7-aab6-5bbd2ded9f8b","userid":"1"}}
{"time":1501256497720,"datetime":"2017-07-28T15:41:37.720Z","level":4,"component":"loguse:1","event":"loguse.client.visible","info":{"clientid":"3d8acb40-737a-11e7-aab6-5bbd2ded9f8b","userid":"1","clienttime":1501257019968}}
{"time":1501256497720,"datetime":"2017-07-28T15:41:37.720Z","level":4,"component":"loguse:1","event":"loguse.client.view","info":{"userid":"1","clienttime":1501257019968,"path":"/","info":{}}}
{"time":1501256498836,"datetime":"2017-07-28T15:41:38.836Z","level":4,"component":"loguse:1","event":"loguse.client.hidden","info":{"clientid":"3d8acb40-737a-11e7-aab6-5bbd2ded9f8b","userid":"1","clienttime":1501257021129,"after":1161}}
{"time":1501256499409,"datetime":"2017-07-28T15:41:39.409Z","level":4,"component":"loguse","event":"loguse.client.add","info":{"clientid":"3d8acb40-737a-11e7-aab6-5bbd2ded9f8b","userid":"1"}}
{"time":1501256499415,"datetime":"2017-07-28T15:41:39.415Z","level":4,"component":"loguse:1","event":"loguse.client.visible","info":{"clientid":"3d8acb40-737a-11e7-aab6-5bbd2ded9f8b","userid":"1","clienttime":1501257021669}}
{"time":1501256499416,"datetime":"2017-07-28T15:41:39.416Z","level":4,"component":"loguse:1","event":"loguse.client.view","info":{"userid":"1","clienttime":1501257021669,"path":"/","info":{}}}
{"time":1501256500535,"datetime":"2017-07-28T15:41:40.535Z","level":4,"component":"loguse:1","event":"loguse.client.hidden","info":{"clientid":"3d8acb40-737a-11e7-aab6-5bbd2ded9f8b","userid":"1","clienttime":1501257022826,"after":1157}}
{"time":1501256506095,"datetime":"2017-07-28T15:41:46.095Z","level":4,"component":"loguse:1","event":"loguse.client.visible","info":{"clientid":"3d8acb40-737a-11e7-aab6-5bbd2ded9f8b","userid":"1","clienttime":1501257028383,"after":5557}}
{"time":1501256508089,"datetime":"2017-07-28T15:41:48.089Z","level":4,"component":"loguse:1","event":"loguse.client.hidden","info":{"clientid":"3d8acb40-737a-11e7-aab6-5bbd2ded9f8b","userid":"1","clienttime":1501257030377,"after":1994}}
{"time":1501256508683,"datetime":"2017-07-28T15:41:48.683Z","level":4,"component":"loguse","event":"loguse.client.add","info":{"clientid":"3d8acb40-737a-11e7-aab6-5bbd2ded9f8b","userid":"1"}}
{"time":1501256508690,"datetime":"2017-07-28T15:41:48.690Z","level":4,"component":"loguse:1","event":"loguse.client.visible","info":{"clientid":"3d8acb40-737a-11e7-aab6-5bbd2ded9f8b","userid":"1","clienttime":1501257030936}}
{"time":1501256508690,"datetime":"2017-07-28T15:41:48.690Z","level":4,"component":"loguse:1","event":"loguse.client.view","info":{"userid":"1","clienttime":1501257030937,"path":"/","info":{}}}
{"time":1501256509841,"datetime":"2017-07-28T15:41:49.841Z","level":4,"component":"loguse:1","event":"loguse.client.hidden","info":{"clientid":"3d8acb40-737a-11e7-aab6-5bbd2ded9f8b","userid":"1","clienttime":1501257032129,"after":1193}}
{"time":1501256510412,"datetime":"2017-07-28T15:41:50.412Z","level":4,"component":"loguse","event":"loguse.client.add","info":{"clientid":"3d8acb40-737a-11e7-aab6-5bbd2ded9f8b","userid":"1"}}
{"time":1501256510421,"datetime":"2017-07-28T15:41:50.421Z","level":4,"component":"loguse:1","event":"loguse.client.visible","info":{"clientid":"3d8acb40-737a-11e7-aab6-5bbd2ded9f8b","userid":"1","clienttime":1501257032667}}
{"time":1501256510422,"datetime":"2017-07-28T15:41:50.422Z","level":4,"component":"loguse:1","event":"loguse.client.view","info":{"userid":"1","clienttime":1501257032667,"path":"/","info":{}}}
{"time":1501256511409,"datetime":"2017-07-28T15:41:51.409Z","level":4,"component":"loguse:1","event":"loguse.client.hidden","info":{"clientid":"3d8acb40-737a-11e7-aab6-5bbd2ded9f8b","userid":"1","clienttime":1501257033696,"after":1029}}
{"time":1501256517734,"datetime":"2017-07-28T15:41:57.734Z","level":4,"component":"loguse:1","event":"loguse.client.visible","info":{"clientid":"3d8acb40-737a-11e7-aab6-5bbd2ded9f8b","userid":"1","clienttime":1501257040017,"after":6321}}
{"time":1501256520670,"datetime":"2017-07-28T15:42:00.670Z","level":4,"component":"loguse:1","event":"loguse.client.hidden","info":{"clientid":"3d8acb40-737a-11e7-aab6-5bbd2ded9f8b","userid":"1","clienttime":1501257042951,"after":2934}}
{"time":1501256521227,"datetime":"2017-07-28T15:42:01.227Z","level":4,"component":"loguse","event":"loguse.client.add","info":{"clientid":"3d8acb40-737a-11e7-aab6-5bbd2ded9f8b","userid":"1"}}
{"time":1501256521233,"datetime":"2017-07-28T15:42:01.233Z","level":4,"component":"loguse:1","event":"loguse.client.visible","info":{"clientid":"3d8acb40-737a-11e7-aab6-5bbd2ded9f8b","userid":"1","clienttime":1501257043473}}
{"time":1501256521233,"datetime":"2017-07-28T15:42:01.233Z","level":4,"component":"loguse:1","event":"loguse.client.view","info":{"userid":"1","clienttime":1501257043473,"path":"/","info":{}}}
{"time":1501256525601,"datetime":"2017-07-28T15:42:05.601Z","level":4,"component":"loguse:1","event":"loguse.client.hidden","info":{"clientid":"3d8acb40-737a-11e7-aab6-5bbd2ded9f8b","userid":"1","clienttime":1501257047880,"after":4407}}
{"time":1501256531011,"datetime":"2017-07-28T15:42:11.011Z","level":4,"component":"loguse:1","event":"loguse.client.visible","info":{"clientid":"3d8acb40-737a-11e7-aab6-5bbd2ded9f8b","userid":"1","clienttime":1501257053287,"after":5407}}
{"time":1501256537922,"datetime":"2017-07-28T15:42:17.922Z","level":4,"component":"loguse","event":"loguse.client.add","info":{"clientid":"3d8acb40-737a-11e7-aab6-5bbd2ded9f8b","userid":"1"}}
{"time":1501256537929,"datetime":"2017-07-28T15:42:17.929Z","level":4,"component":"loguse:1","event":"loguse.client.visible","info":{"clientid":"3d8acb40-737a-11e7-aab6-5bbd2ded9f8b","userid":"1","clienttime":1501257060160}}
{"time":1501256537930,"datetime":"2017-07-28T15:42:17.930Z","level":4,"component":"loguse:1","event":"loguse.client.view","info":{"userid":"1","clienttime":1501257060160,"path":"/","info":{}}}
{"time":1501256548265,"datetime":"2017-07-28T15:42:28.265Z","level":4,"component":"loguse:1","event":"loguse.client.view","info":{"userid":"1","clienttime":1501257070533,"path":"/","info":{}}}
{"time":1501256550127,"datetime":"2017-07-28T15:42:30.127Z","level":4,"component":"loguse:1","event":"loguse.client.hidden","info":{"clientid":"3d8acb40-737a-11e7-aab6-5bbd2ded9f8b","userid":"1","clienttime":1501257072394,"after":12234}}
{"time":1501256550703,"datetime":"2017-07-28T15:42:30.703Z","level":4,"component":"loguse","event":"loguse.client.add","info":{"clientid":"3d8acb40-737a-11e7-aab6-5bbd2ded9f8b","userid":"1"}}
{"time":1501256550711,"datetime":"2017-07-28T15:42:30.711Z","level":4,"component":"loguse:1","event":"loguse.client.visible","info":{"clientid":"3d8acb40-737a-11e7-aab6-5bbd2ded9f8b","userid":"1","clienttime":1501257072927}}
{"time":1501256550711,"datetime":"2017-07-28T15:42:30.711Z","level":4,"component":"loguse:1","event":"loguse.client.view","info":{"userid":"1","clienttime":1501257072928,"path":"/","info":{}}}
{"time":1501256552015,"datetime":"2017-07-28T15:42:32.015Z","level":4,"component":"loguse:1","event":"loguse.client.view","info":{"userid":"1","clienttime":1501257074281,"path":"/performance/","info":{}}}
{"time":1501256552791,"datetime":"2017-07-28T15:42:32.791Z","level":4,"component":"loguse","event":"loguse.client.add","info":{"clientid":"3d8acb40-737a-11e7-aab6-5bbd2ded9f8b","userid":"1"}}
{"time":1501256552811,"datetime":"2017-07-28T15:42:32.811Z","level":4,"component":"loguse:1","event":"loguse.client.visible","info":{"clientid":"3d8acb40-737a-11e7-aab6-5bbd2ded9f8b","userid":"1","clienttime":1501257074872}}
{"time":1501256552812,"datetime":"2017-07-28T15:42:32.812Z","level":4,"component":"loguse:1","event":"loguse.client.view","info":{"userid":"1","clienttime":1501257074873,"path":"/performance/","info":{}}}
{"time":1501256554372,"datetime":"2017-07-28T15:42:34.372Z","level":4,"component":"loguse:1","event":"loguse.client.view","info":{"userid":"1","clienttime":1501257076637,"path":"/","info":{}}}
{"time":1501256559058,"datetime":"2017-07-28T15:42:39.058Z","level":4,"component":"loguse:1","event":"loguse.client.hidden","info":{"clientid":"3d8acb40-737a-11e7-aab6-5bbd2ded9f8b","userid":"1","clienttime":1501257081318,"after":6446}}
{"time":1501256560047,"datetime":"2017-07-28T15:42:40.047Z","level":4,"component":"loguse:1","event":"loguse.client.visible","info":{"clientid":"3d8acb40-737a-11e7-aab6-5bbd2ded9f8b","userid":"1","clienttime":1501257082308,"after":990}}
{"time":1501256560972,"datetime":"2017-07-28T15:42:40.972Z","level":4,"component":"loguse:1","event":"loguse.client.hidden","info":{"clientid":"3d8acb40-737a-11e7-aab6-5bbd2ded9f8b","userid":"1","clienttime":1501257083234,"after":926}}
{"time":1501256568735,"datetime":"2017-07-28T15:42:48.735Z","level":4,"component":"loguse:1","event":"loguse.client.visible","info":{"clientid":"3d8acb40-737a-11e7-aab6-5bbd2ded9f8b","userid":"1","clienttime":1501257090992,"after":7758}}
{"time":1501256571266,"datetime":"2017-07-28T15:42:51.266Z","level":4,"component":"loguse:1","event":"loguse.client.hidden","info":{"clientid":"3d8acb40-737a-11e7-aab6-5bbd2ded9f8b","userid":"1","clienttime":1501257093520,"after":2528}}
{"time":1501257595028,"datetime":"2017-07-28T15:59:55.028Z","level":4,"component":"loguse:1","event":"loguse.client.visible","info":{"clientid":"3d8acb40-737a-11e7-aab6-5bbd2ded9f8b","userid":"1","clienttime":1501258116768,"after":1023248}}
{"time":1501257596176,"datetime":"2017-07-28T15:59:56.176Z","level":4,"component":"loguse:1","event":"loguse.client.hidden","info":{"clientid":"3d8acb40-737a-11e7-aab6-5bbd2ded9f8b","userid":"1","clienttime":1501258117916,"after":1148}}
