{"time":1501753320065,"datetime":"2017-08-03T09:42:00.065Z","level":4,"component":"server","event":"log.start","info":{"logVersion":"1.0","application":"muzivisual","installId":"f3871b60-73a7-11e7-875f-470acdd35ec5"}}
{"time":1501753320103,"datetime":"2017-08-03T09:42:00.103Z","level":4,"component":"server","event":"http.listen","info":{"port":8000}}
{"time":1501753320191,"datetime":"2017-08-03T09:42:00.191Z","level":4,"component":"server","event":"git.commit","info":"696f43f18a563941e0402ad2c26e22d2818bc341"}
{"time":1501753322331,"datetime":"2017-08-03T09:42:02.331Z","level":4,"component":"loguse:null","event":"loguse.client.hidden","info":{"clientid":"3d8acb40-737a-11e7-aab6-5bbd2ded9f8b","userid":null,"clienttime":1501753318618,"after":4507}}
{"time":1501753322433,"datetime":"2017-08-03T09:42:02.433Z","level":4,"component":"loguse:null","event":"loguse.client.visible","info":{"clientid":"3d8acb40-737a-11e7-aab6-5bbd2ded9f8b","userid":null,"clienttime":1501753319224,"after":606}}
{"time":1501753323992,"datetime":"2017-08-03T09:42:03.992Z","level":4,"component":"loguse:null","event":"loguse.client.hidden","info":{"clientid":"3d8acb40-737a-11e7-aab6-5bbd2ded9f8b","userid":null,"clienttime":1501753323928,"after":4704}}
{"time":1501753325606,"datetime":"2017-08-03T09:42:05.606Z","level":4,"component":"loguse","event":"loguse.client.add","info":{"clientid":"3d8acb40-737a-11e7-aab6-5bbd2ded9f8b","userid":1}}
{"time":1501753325648,"datetime":"2017-08-03T09:42:05.648Z","level":4,"component":"loguse:1","event":"loguse.client.visible","info":{"clientid":"3d8acb40-737a-11e7-aab6-5bbd2ded9f8b","userid":1,"clienttime":1501753325014}}
{"time":1501753325649,"datetime":"2017-08-03T09:42:05.649Z","level":4,"component":"loguse:1","event":"loguse.client.view","info":{"userid":1,"clienttime":1501753325016,"path":"/performance/","info":{}}}
{"time":1501753333287,"datetime":"2017-08-03T09:42:13.287Z","level":4,"component":"loguse:1","event":"loguse.client.hidden","info":{"clientid":"3d8acb40-737a-11e7-aab6-5bbd2ded9f8b","userid":1,"clienttime":1501753333222,"after":8208}}
{"time":1501753669269,"datetime":"2017-08-03T09:47:49.269Z","level":4,"component":"loguse:1","event":"loguse.client.visible","info":{"clientid":"3d8acb40-737a-11e7-aab6-5bbd2ded9f8b","userid":1,"clienttime":1501753669203,"after":335981}}
{"time":1501753670947,"datetime":"2017-08-03T09:47:50.947Z","level":4,"component":"loguse:1","event":"loguse.client.hidden","info":{"clientid":"3d8acb40-737a-11e7-aab6-5bbd2ded9f8b","userid":1,"clienttime":1501753670882,"after":1679}}
{"time":1501753672115,"datetime":"2017-08-03T09:47:52.115Z","level":4,"component":"loguse","event":"loguse.client.add","info":{"clientid":"3d8acb40-737a-11e7-aab6-5bbd2ded9f8b","userid":"1"}}
{"time":1501753672143,"datetime":"2017-08-03T09:47:52.143Z","level":4,"component":"loguse:1","event":"loguse.client.visible","info":{"clientid":"3d8acb40-737a-11e7-aab6-5bbd2ded9f8b","userid":"1","clienttime":1501753671748}}
{"time":1501753672146,"datetime":"2017-08-03T09:47:52.146Z","level":4,"component":"loguse:1","event":"loguse.client.view","info":{"userid":"1","clienttime":1501753671750,"path":"/performance/","info":{}}}
{"time":1501753677033,"datetime":"2017-08-03T09:47:57.033Z","level":4,"component":"loguse:1","event":"loguse.client.hidden","info":{"clientid":"3d8acb40-737a-11e7-aab6-5bbd2ded9f8b","userid":"1","clienttime":1501753676965,"after":5217}}
{"time":1501753717095,"datetime":"2017-08-03T09:48:37.095Z","level":4,"component":"loguse:1","event":"loguse.client.visible","info":{"clientid":"3d8acb40-737a-11e7-aab6-5bbd2ded9f8b","userid":"1","clienttime":1501753717029,"after":40064}}
{"time":1501753718930,"datetime":"2017-08-03T09:48:38.930Z","level":4,"component":"loguse:1","event":"loguse.client.hidden","info":{"clientid":"3d8acb40-737a-11e7-aab6-5bbd2ded9f8b","userid":"1","clienttime":1501753718863,"after":1834}}
{"time":1501753898801,"datetime":"2017-08-03T09:51:38.801Z","level":4,"component":"loguse:1","event":"loguse.client.visible","info":{"clientid":"3d8acb40-737a-11e7-aab6-5bbd2ded9f8b","userid":"1","clienttime":1501753898734,"after":179871}}
{"time":1501753899323,"datetime":"2017-08-03T09:51:39.323Z","level":4,"component":"loguse:1","event":"loguse.client.hidden","info":{"clientid":"3d8acb40-737a-11e7-aab6-5bbd2ded9f8b","userid":"1","clienttime":1501753899257,"after":523}}
{"time":1501753900499,"datetime":"2017-08-03T09:51:40.499Z","level":4,"component":"loguse","event":"loguse.client.add","info":{"clientid":"3d8acb40-737a-11e7-aab6-5bbd2ded9f8b","userid":"1"}}
{"time":1501753900538,"datetime":"2017-08-03T09:51:40.538Z","level":4,"component":"loguse:1","event":"loguse.client.visible","info":{"clientid":"3d8acb40-737a-11e7-aab6-5bbd2ded9f8b","userid":"1","clienttime":1501753900122}}
{"time":1501753900539,"datetime":"2017-08-03T09:51:40.539Z","level":4,"component":"loguse:1","event":"loguse.client.view","info":{"userid":"1","clienttime":1501753900124,"path":"/performance/","info":{}}}
{"time":1501753906985,"datetime":"2017-08-03T09:51:46.985Z","level":4,"component":"loguse:1","event":"loguse.client.hidden","info":{"clientid":"3d8acb40-737a-11e7-aab6-5bbd2ded9f8b","userid":"1","clienttime":1501753906918,"after":6796}}
{"time":1501753966854,"datetime":"2017-08-03T09:52:46.854Z","level":4,"component":"loguse:1","event":"loguse.client.visible","info":{"clientid":"3d8acb40-737a-11e7-aab6-5bbd2ded9f8b","userid":"1","clienttime":1501753966786,"after":59868}}
{"time":1501753968526,"datetime":"2017-08-03T09:52:48.526Z","level":4,"component":"loguse:1","event":"loguse.client.hidden","info":{"clientid":"3d8acb40-737a-11e7-aab6-5bbd2ded9f8b","userid":"1","clienttime":1501753968460,"after":1674}}
{"time":1501753969698,"datetime":"2017-08-03T09:52:49.698Z","level":4,"component":"loguse","event":"loguse.client.add","info":{"clientid":"3d8acb40-737a-11e7-aab6-5bbd2ded9f8b","userid":"1"}}
{"time":1501753969732,"datetime":"2017-08-03T09:52:49.732Z","level":4,"component":"loguse:1","event":"loguse.client.visible","info":{"clientid":"3d8acb40-737a-11e7-aab6-5bbd2ded9f8b","userid":"1","clienttime":1501753969321}}
{"time":1501753969735,"datetime":"2017-08-03T09:52:49.735Z","level":4,"component":"loguse:1","event":"loguse.client.view","info":{"userid":"1","clienttime":1501753969322,"path":"/performance/","info":{}}}
{"time":1501753976962,"datetime":"2017-08-03T09:52:56.962Z","level":4,"component":"loguse:1","event":"loguse.client.hidden","info":{"clientid":"3d8acb40-737a-11e7-aab6-5bbd2ded9f8b","userid":"1","clienttime":1501753976895,"after":7574}}
