{"time":1501752294665,"datetime":"2017-08-03T09:24:54.665Z","level":4,"component":"server","event":"log.start","info":{"logVersion":"1.0","application":"muzivisual","installId":"f3871b60-73a7-11e7-875f-470acdd35ec5"}}
{"time":1501752294695,"datetime":"2017-08-03T09:24:54.695Z","level":4,"component":"server","event":"http.listen","info":{"port":8000}}
{"time":1501752294814,"datetime":"2017-08-03T09:24:54.814Z","level":4,"component":"server","event":"git.commit","info":"696f43f18a563941e0402ad2c26e22d2818bc341"}
{"time":1501752297575,"datetime":"2017-08-03T09:24:57.575Z","level":4,"component":"loguse:null","event":"loguse.client.visible","info":{"clientid":"3d8acb40-737a-11e7-aab6-5bbd2ded9f8b","userid":null,"clienttime":1501752297515,"after":46198}}
{"time":1501752298907,"datetime":"2017-08-03T09:24:58.907Z","level":4,"component":"loguse:null","event":"loguse.client.hidden","info":{"clientid":"3d8acb40-737a-11e7-aab6-5bbd2ded9f8b","userid":null,"clienttime":1501752298848,"after":1333}}
{"time":1501752300396,"datetime":"2017-08-03T09:25:00.396Z","level":4,"component":"loguse","event":"loguse.client.add","info":{"clientid":"3d8acb40-737a-11e7-aab6-5bbd2ded9f8b","userid":1}}
{"time":1501752300424,"datetime":"2017-08-03T09:25:00.424Z","level":4,"component":"loguse:1","event":"loguse.client.visible","info":{"clientid":"3d8acb40-737a-11e7-aab6-5bbd2ded9f8b","userid":1,"clienttime":1501752300020}}
{"time":1501752300425,"datetime":"2017-08-03T09:25:00.425Z","level":4,"component":"loguse:1","event":"loguse.client.view","info":{"userid":1,"clienttime":1501752300024,"path":"/performance/","info":{}}}
{"time":1501752313166,"datetime":"2017-08-03T09:25:13.166Z","level":4,"component":"loguse:1","event":"loguse.client.hidden","info":{"clientid":"3d8acb40-737a-11e7-aab6-5bbd2ded9f8b","userid":1,"clienttime":1501752313106,"after":13086}}
{"time":1501752317686,"datetime":"2017-08-03T09:25:17.686Z","level":4,"component":"loguse:1","event":"loguse.client.visible","info":{"clientid":"3d8acb40-737a-11e7-aab6-5bbd2ded9f8b","userid":1,"clienttime":1501752317626,"after":4520}}
{"time":1501752320215,"datetime":"2017-08-03T09:25:20.215Z","level":4,"component":"loguse:1","event":"loguse.client.hidden","info":{"clientid":"3d8acb40-737a-11e7-aab6-5bbd2ded9f8b","userid":1,"clienttime":1501752320156,"after":2530}}
{"time":1501752321377,"datetime":"2017-08-03T09:25:21.377Z","level":4,"component":"loguse","event":"loguse.client.add","info":{"clientid":"3d8acb40-737a-11e7-aab6-5bbd2ded9f8b","userid":"1"}}
{"time":1501752321406,"datetime":"2017-08-03T09:25:21.406Z","level":4,"component":"loguse:1","event":"loguse.client.visible","info":{"clientid":"3d8acb40-737a-11e7-aab6-5bbd2ded9f8b","userid":"1","clienttime":1501752320995}}
{"time":1501752321413,"datetime":"2017-08-03T09:25:21.413Z","level":4,"component":"loguse:1","event":"loguse.client.view","info":{"userid":"1","clienttime":1501752320997,"path":"/performance/","info":{}}}
{"time":1501752326600,"datetime":"2017-08-03T09:25:26.600Z","level":4,"component":"loguse:1","event":"loguse.client.hidden","info":{"clientid":"3d8acb40-737a-11e7-aab6-5bbd2ded9f8b","userid":"1","clienttime":1501752326541,"after":5546}}
{"time":1501752372149,"datetime":"2017-08-03T09:26:12.149Z","level":4,"component":"loguse:1","event":"loguse.client.visible","info":{"clientid":"3d8acb40-737a-11e7-aab6-5bbd2ded9f8b","userid":"1","clienttime":1501752372089,"after":45548}}
{"time":1501752373953,"datetime":"2017-08-03T09:26:13.953Z","level":4,"component":"loguse:1","event":"loguse.client.hidden","info":{"clientid":"3d8acb40-737a-11e7-aab6-5bbd2ded9f8b","userid":"1","clienttime":1501752373893,"after":1804}}
{"time":1501752375122,"datetime":"2017-08-03T09:26:15.122Z","level":4,"component":"loguse","event":"loguse.client.add","info":{"clientid":"3d8acb40-737a-11e7-aab6-5bbd2ded9f8b","userid":"1"}}
{"time":1501752375160,"datetime":"2017-08-03T09:26:15.160Z","level":4,"component":"loguse:1","event":"loguse.client.visible","info":{"clientid":"3d8acb40-737a-11e7-aab6-5bbd2ded9f8b","userid":"1","clienttime":1501752374744}}
{"time":1501752375160,"datetime":"2017-08-03T09:26:15.160Z","level":4,"component":"loguse:1","event":"loguse.client.view","info":{"userid":"1","clienttime":1501752374745,"path":"/performance/","info":{}}}
{"time":1501752377227,"datetime":"2017-08-03T09:26:17.227Z","level":4,"component":"loguse:1","event":"loguse.client.hidden","info":{"clientid":"3d8acb40-737a-11e7-aab6-5bbd2ded9f8b","userid":"1","clienttime":1501752377166,"after":2422}}
{"time":1501752384517,"datetime":"2017-08-03T09:26:24.517Z","level":4,"component":"loguse:1","event":"loguse.client.visible","info":{"clientid":"3d8acb40-737a-11e7-aab6-5bbd2ded9f8b","userid":"1","clienttime":1501752384457,"after":7291}}
{"time":1501752385699,"datetime":"2017-08-03T09:26:25.699Z","level":4,"component":"loguse:1","event":"loguse.client.hidden","info":{"clientid":"3d8acb40-737a-11e7-aab6-5bbd2ded9f8b","userid":"1","clienttime":1501752385639,"after":1182}}
{"time":1501752386876,"datetime":"2017-08-03T09:26:26.876Z","level":4,"component":"loguse","event":"loguse.client.add","info":{"clientid":"3d8acb40-737a-11e7-aab6-5bbd2ded9f8b","userid":"1"}}
{"time":1501752386905,"datetime":"2017-08-03T09:26:26.905Z","level":4,"component":"loguse:1","event":"loguse.client.visible","info":{"clientid":"3d8acb40-737a-11e7-aab6-5bbd2ded9f8b","userid":"1","clienttime":1501752386529}}
{"time":1501752386906,"datetime":"2017-08-03T09:26:26.906Z","level":4,"component":"loguse:1","event":"loguse.client.view","info":{"userid":"1","clienttime":1501752386530,"path":"/performance/","info":{}}}
{"time":1501752410598,"datetime":"2017-08-03T09:26:50.598Z","level":4,"component":"loguse:1","event":"loguse.client.hidden","info":{"clientid":"3d8acb40-737a-11e7-aab6-5bbd2ded9f8b","userid":"1","clienttime":1501752410538,"after":24009}}
{"time":1501752423444,"datetime":"2017-08-03T09:27:03.444Z","level":4,"component":"loguse:1","event":"loguse.client.visible","info":{"clientid":"3d8acb40-737a-11e7-aab6-5bbd2ded9f8b","userid":"1","clienttime":1501752423384,"after":12846}}
{"time":1501752429668,"datetime":"2017-08-03T09:27:09.668Z","level":4,"component":"loguse:1","event":"loguse.client.hidden","info":{"clientid":"3d8acb40-737a-11e7-aab6-5bbd2ded9f8b","userid":"1","clienttime":1501752429607,"after":6223}}
{"time":1501752435760,"datetime":"2017-08-03T09:27:15.760Z","level":4,"component":"loguse:1","event":"loguse.client.visible","info":{"clientid":"3d8acb40-737a-11e7-aab6-5bbd2ded9f8b","userid":"1","clienttime":1501752435700,"after":6093}}
{"time":1501752438553,"datetime":"2017-08-03T09:27:18.553Z","level":4,"component":"loguse:1","event":"loguse.client.hidden","info":{"clientid":"3d8acb40-737a-11e7-aab6-5bbd2ded9f8b","userid":"1","clienttime":1501752438493,"after":2793}}
{"time":1501752456565,"datetime":"2017-08-03T09:27:36.565Z","level":4,"component":"loguse:1","event":"loguse.client.visible","info":{"clientid":"3d8acb40-737a-11e7-aab6-5bbd2ded9f8b","userid":"1","clienttime":1501752456504,"after":18011}}
{"time":1501752457946,"datetime":"2017-08-03T09:27:37.946Z","level":4,"component":"loguse:1","event":"loguse.client.hidden","info":{"clientid":"3d8acb40-737a-11e7-aab6-5bbd2ded9f8b","userid":"1","clienttime":1501752457884,"after":1380}}
{"time":1501752783634,"datetime":"2017-08-03T09:33:03.634Z","level":4,"component":"loguse:1","event":"loguse.client.visible","info":{"clientid":"3d8acb40-737a-11e7-aab6-5bbd2ded9f8b","userid":"1","clienttime":1501752783571,"after":325687}}
