{"time":1501257816415,"datetime":"2017-07-28T16:03:36.415Z","level":4,"component":"server","event":"log.start","info":{"logVersion":"1.0","application":"muzivisual","installId":"f3871b60-73a7-11e7-875f-470acdd35ec5"}}
{"time":1501257816433,"datetime":"2017-07-28T16:03:36.433Z","level":4,"component":"server","event":"http.listen","info":{"port":8000}}
{"time":1501257816521,"datetime":"2017-07-28T16:03:36.521Z","level":4,"component":"server","event":"git.commit","info":"bcdb8ff05a593695c773dca3974e8e42868cb5a8"}
{"time":1501257883041,"datetime":"2017-07-28T16:04:43.041Z","level":4,"component":"loguse","event":"loguse.client.add","info":{"clientid":"3d8acb40-737a-11e7-aab6-5bbd2ded9f8b","userid":1}}
{"time":1501257883055,"datetime":"2017-07-28T16:04:43.055Z","level":4,"component":"loguse:1","event":"loguse.client.visible","info":{"clientid":"3d8acb40-737a-11e7-aab6-5bbd2ded9f8b","userid":1,"clienttime":1501258404594}}
{"time":1501257883056,"datetime":"2017-07-28T16:04:43.056Z","level":4,"component":"loguse:1","event":"loguse.client.view","info":{"userid":1,"clienttime":1501258404595,"path":"/","info":{}}}
{"time":1501257886671,"datetime":"2017-07-28T16:04:46.671Z","level":4,"component":"loguse:1","event":"loguse.client.view","info":{"userid":1,"clienttime":1501258408262,"path":"/content/map","info":{}}}
{"time":1501257903888,"datetime":"2017-07-28T16:05:03.888Z","level":4,"component":"loguse:1","event":"loguse.client.hidden","info":{"clientid":"3d8acb40-737a-11e7-aab6-5bbd2ded9f8b","userid":1,"clienttime":1501258425472,"after":20878}}
{"time":1501257958882,"datetime":"2017-07-28T16:05:58.882Z","level":4,"component":"loguse:1","event":"loguse.client.visible","info":{"clientid":"3d8acb40-737a-11e7-aab6-5bbd2ded9f8b","userid":1,"clienttime":1501258480438,"after":54966}}
{"time":1501257960939,"datetime":"2017-07-28T16:06:00.939Z","level":4,"component":"loguse","event":"loguse.client.add","info":{"clientid":"3d8acb40-737a-11e7-aab6-5bbd2ded9f8b","userid":"1"}}
{"time":1501257960945,"datetime":"2017-07-28T16:06:00.945Z","level":4,"component":"loguse:1","event":"loguse.client.visible","info":{"clientid":"3d8acb40-737a-11e7-aab6-5bbd2ded9f8b","userid":"1","clienttime":1501258482275}}
{"time":1501257960946,"datetime":"2017-07-28T16:06:00.946Z","level":4,"component":"loguse:1","event":"loguse.client.view","info":{"userid":"1","clienttime":1501258482276,"path":"/content/map","info":{}}}
{"time":1501257970116,"datetime":"2017-07-28T16:06:10.116Z","level":4,"component":"loguse:1","event":"loguse.client.view","info":{"userid":"1","clienttime":1501258491666,"path":"/","info":{}}}
{"time":1501257971625,"datetime":"2017-07-28T16:06:11.625Z","level":4,"component":"loguse:1","event":"loguse.client.hidden","info":{"clientid":"3d8acb40-737a-11e7-aab6-5bbd2ded9f8b","userid":"1","clienttime":1501258493176,"after":10901}}
{"time":1501257972224,"datetime":"2017-07-28T16:06:12.224Z","level":4,"component":"loguse","event":"loguse.client.add","info":{"clientid":"3d8acb40-737a-11e7-aab6-5bbd2ded9f8b","userid":"1"}}
{"time":1501257972236,"datetime":"2017-07-28T16:06:12.236Z","level":4,"component":"loguse:1","event":"loguse.client.visible","info":{"clientid":"3d8acb40-737a-11e7-aab6-5bbd2ded9f8b","userid":"1","clienttime":1501258493730}}
{"time":1501257972236,"datetime":"2017-07-28T16:06:12.236Z","level":4,"component":"loguse:1","event":"loguse.client.view","info":{"userid":"1","clienttime":1501258493730,"path":"/","info":{}}}
{"time":1501257973127,"datetime":"2017-07-28T16:06:13.127Z","level":4,"component":"loguse:1","event":"loguse.client.view","info":{"userid":"1","clienttime":1501258494677,"path":"/content/Archive","info":{}}}
{"time":1501257977001,"datetime":"2017-07-28T16:06:17.001Z","level":4,"component":"loguse:1","event":"loguse.client.hidden","info":{"clientid":"3d8acb40-737a-11e7-aab6-5bbd2ded9f8b","userid":"1","clienttime":1501258498548,"after":4818}}
{"time":1501258014832,"datetime":"2017-07-28T16:06:54.832Z","level":4,"component":"loguse:1","event":"loguse.client.visible","info":{"clientid":"3d8acb40-737a-11e7-aab6-5bbd2ded9f8b","userid":"1","clienttime":1501258536361,"after":37813}}
{"time":1501258017194,"datetime":"2017-07-28T16:06:57.194Z","level":4,"component":"loguse","event":"loguse.client.add","info":{"clientid":"3d8acb40-737a-11e7-aab6-5bbd2ded9f8b","userid":"1"}}
{"time":1501258017200,"datetime":"2017-07-28T16:06:57.200Z","level":4,"component":"loguse:1","event":"loguse.client.visible","info":{"clientid":"3d8acb40-737a-11e7-aab6-5bbd2ded9f8b","userid":"1","clienttime":1501258538686}}
{"time":1501258017201,"datetime":"2017-07-28T16:06:57.201Z","level":4,"component":"loguse:1","event":"loguse.client.view","info":{"userid":"1","clienttime":1501258538687,"path":"/content/Archive","info":{}}}
{"time":1501258022367,"datetime":"2017-07-28T16:07:02.367Z","level":4,"component":"loguse:1","event":"loguse.client.hidden","info":{"clientid":"3d8acb40-737a-11e7-aab6-5bbd2ded9f8b","userid":"1","clienttime":1501258543891,"after":5205}}
{"time":1501258052560,"datetime":"2017-07-28T16:07:32.560Z","level":4,"component":"loguse:1","event":"loguse.client.visible","info":{"clientid":"3d8acb40-737a-11e7-aab6-5bbd2ded9f8b","userid":"1","clienttime":1501258574069,"after":30178}}
{"time":1501258055807,"datetime":"2017-07-28T16:07:35.807Z","level":4,"component":"loguse:1","event":"loguse.client.hidden","info":{"clientid":"3d8acb40-737a-11e7-aab6-5bbd2ded9f8b","userid":"1","clienttime":1501258577314,"after":3245}}
{"time":1501258221859,"datetime":"2017-07-28T16:10:21.859Z","level":4,"component":"loguse:1","event":"loguse.client.visible","info":{"clientid":"3d8acb40-737a-11e7-aab6-5bbd2ded9f8b","userid":"1","clienttime":1501258743283,"after":165969}}
{"time":1501258223510,"datetime":"2017-07-28T16:10:23.510Z","level":4,"component":"loguse:1","event":"loguse.client.hidden","info":{"clientid":"3d8acb40-737a-11e7-aab6-5bbd2ded9f8b","userid":"1","clienttime":1501258744933,"after":1650}}
{"time":1501258224098,"datetime":"2017-07-28T16:10:24.098Z","level":4,"component":"loguse","event":"loguse.client.add","info":{"clientid":"3d8acb40-737a-11e7-aab6-5bbd2ded9f8b","userid":"1"}}
{"time":1501258224104,"datetime":"2017-07-28T16:10:24.104Z","level":4,"component":"loguse:1","event":"loguse.client.visible","info":{"clientid":"3d8acb40-737a-11e7-aab6-5bbd2ded9f8b","userid":"1","clienttime":1501258745480}}
{"time":1501258224105,"datetime":"2017-07-28T16:10:24.105Z","level":4,"component":"loguse:1","event":"loguse.client.view","info":{"userid":"1","clienttime":1501258745482,"path":"/content/Archive","info":{}}}
{"time":1501258225335,"datetime":"2017-07-28T16:10:25.335Z","level":4,"component":"loguse:1","event":"loguse.client.hidden","info":{"clientid":"3d8acb40-737a-11e7-aab6-5bbd2ded9f8b","userid":"1","clienttime":1501258746757,"after":1277}}
{"time":1501258240017,"datetime":"2017-07-28T16:10:40.017Z","level":4,"component":"loguse:1","event":"loguse.client.visible","info":{"clientid":"3d8acb40-737a-11e7-aab6-5bbd2ded9f8b","userid":"1","clienttime":1501258761431,"after":14674}}
{"time":1501258241430,"datetime":"2017-07-28T16:10:41.430Z","level":4,"component":"loguse:1","event":"loguse.client.hidden","info":{"clientid":"3d8acb40-737a-11e7-aab6-5bbd2ded9f8b","userid":"1","clienttime":1501258762845,"after":1414}}
{"time":1501258242009,"datetime":"2017-07-28T16:10:42.009Z","level":4,"component":"loguse","event":"loguse.client.add","info":{"clientid":"3d8acb40-737a-11e7-aab6-5bbd2ded9f8b","userid":"1"}}
{"time":1501258242019,"datetime":"2017-07-28T16:10:42.019Z","level":4,"component":"loguse:1","event":"loguse.client.visible","info":{"clientid":"3d8acb40-737a-11e7-aab6-5bbd2ded9f8b","userid":"1","clienttime":1501258763391}}
{"time":1501258242019,"datetime":"2017-07-28T16:10:42.019Z","level":4,"component":"loguse:1","event":"loguse.client.view","info":{"userid":"1","clienttime":1501258763392,"path":"/content/Archive","info":{}}}
{"time":1501258244382,"datetime":"2017-07-28T16:10:44.382Z","level":4,"component":"loguse:1","event":"loguse.client.view","info":{"userid":"1","clienttime":1501258765795,"path":"/","info":{}}}
{"time":1501258247467,"datetime":"2017-07-28T16:10:47.467Z","level":4,"component":"loguse:1","event":"loguse.client.hidden","info":{"clientid":"3d8acb40-737a-11e7-aab6-5bbd2ded9f8b","userid":"1","clienttime":1501258768877,"after":5486}}
{"time":1501258257143,"datetime":"2017-07-28T16:10:57.143Z","level":4,"component":"loguse:1","event":"loguse.client.visible","info":{"clientid":"3d8acb40-737a-11e7-aab6-5bbd2ded9f8b","userid":"1","clienttime":1501258778549,"after":9672}}
{"time":1501258260387,"datetime":"2017-07-28T16:11:00.387Z","level":4,"component":"loguse:1","event":"loguse.client.view","info":{"userid":"1","clienttime":1501258781791,"path":"/performance/","info":{}}}
{"time":1501258263546,"datetime":"2017-07-28T16:11:03.546Z","level":4,"component":"loguse","event":"loguse.client.add","info":{"clientid":"3d8acb40-737a-11e7-aab6-5bbd2ded9f8b","userid":"1"}}
{"time":1501258263570,"datetime":"2017-07-28T16:11:03.570Z","level":4,"component":"loguse:1","event":"loguse.client.visible","info":{"clientid":"3d8acb40-737a-11e7-aab6-5bbd2ded9f8b","userid":"1","clienttime":1501258783548}}
{"time":1501258263571,"datetime":"2017-07-28T16:11:03.571Z","level":4,"component":"loguse:1","event":"loguse.client.view","info":{"userid":"1","clienttime":1501258783549,"path":"/performance/","info":{}}}
{"time":1501258272347,"datetime":"2017-07-28T16:11:12.347Z","level":4,"component":"loguse:1","event":"loguse.client.view","info":{"userid":"1","clienttime":1501258793746,"path":"/","info":{}}}
{"time":1501258278064,"datetime":"2017-07-28T16:11:18.064Z","level":4,"component":"loguse:1","event":"loguse.client.view","info":{"userid":"1","clienttime":1501258799459,"path":"/","info":{}}}
{"time":1501258279376,"datetime":"2017-07-28T16:11:19.376Z","level":4,"component":"loguse:1","event":"loguse.client.view","info":{"userid":"1","clienttime":1501258800771,"path":"/content/Archive","info":{}}}
{"time":1501258282026,"datetime":"2017-07-28T16:11:22.026Z","level":4,"component":"loguse:1","event":"loguse.client.view","info":{"userid":"1","clienttime":1501258803420,"path":"/","info":{}}}
{"time":1501258285276,"datetime":"2017-07-28T16:11:25.276Z","level":4,"component":"loguse:1","event":"loguse.client.hidden","info":{"clientid":"3d8acb40-737a-11e7-aab6-5bbd2ded9f8b","userid":"1","clienttime":1501258806667,"after":23119}}
{"time":1501258319302,"datetime":"2017-07-28T16:11:59.302Z","level":4,"component":"loguse:1","event":"loguse.client.visible","info":{"clientid":"3d8acb40-737a-11e7-aab6-5bbd2ded9f8b","userid":"1","clienttime":1501258840677,"after":34010}}
{"time":1501258320919,"datetime":"2017-07-28T16:12:00.919Z","level":4,"component":"loguse:1","event":"loguse.client.view","info":{"userid":"1","clienttime":1501258842292,"path":"/performance/","info":{}}}
{"time":1501258347534,"datetime":"2017-07-28T16:12:27.534Z","level":4,"component":"loguse","event":"loguse.client.add","info":{"clientid":"3d8acb40-737a-11e7-aab6-5bbd2ded9f8b","userid":"1"}}
{"time":1501258347562,"datetime":"2017-07-28T16:12:27.562Z","level":4,"component":"loguse:1","event":"loguse.client.visible","info":{"clientid":"3d8acb40-737a-11e7-aab6-5bbd2ded9f8b","userid":"1","clienttime":1501258842924}}
{"time":1501258347563,"datetime":"2017-07-28T16:12:27.563Z","level":4,"component":"loguse:1","event":"loguse.client.view","info":{"userid":"1","clienttime":1501258842925,"path":"/performance/","info":{}}}
{"time":1501258347564,"datetime":"2017-07-28T16:12:27.564Z","level":4,"component":"loguse:1","event":"loguse.client.hidden","info":{"clientid":"3d8acb40-737a-11e7-aab6-5bbd2ded9f8b","userid":"1","clienttime":1501258868605,"after":25681}}
{"time":1501258347564,"datetime":"2017-07-28T16:12:27.564Z","level":4,"component":"loguse:1","event":"loguse.client.visible","info":{"clientid":"3d8acb40-737a-11e7-aab6-5bbd2ded9f8b","userid":"1","clienttime":1501258868606,"after":1}}
{"time":1501258347564,"datetime":"2017-07-28T16:12:27.564Z","level":4,"component":"loguse:1","event":"loguse.client.hidden","info":{"clientid":"3d8acb40-737a-11e7-aab6-5bbd2ded9f8b","userid":"1","clienttime":1501258868606,"after":0}}
{"time":1501258347564,"datetime":"2017-07-28T16:12:27.564Z","level":4,"component":"loguse:1","event":"loguse.client.visible","info":{"clientid":"3d8acb40-737a-11e7-aab6-5bbd2ded9f8b","userid":"1","clienttime":1501258868606,"after":0}}
{"time":1501258356022,"datetime":"2017-07-28T16:12:36.022Z","level":4,"component":"loguse:1","event":"loguse.client.hidden","info":{"clientid":"3d8acb40-737a-11e7-aab6-5bbd2ded9f8b","userid":"1","clienttime":1501258877378,"after":8772}}
{"time":1501258612965,"datetime":"2017-07-28T16:16:52.965Z","level":4,"component":"loguse:1","event":"loguse.client.visible","info":{"clientid":"3d8acb40-737a-11e7-aab6-5bbd2ded9f8b","userid":"1","clienttime":1501259134192,"after":256814}}
{"time":1501258617631,"datetime":"2017-07-28T16:16:57.631Z","level":4,"component":"loguse:1","event":"loguse.client.hidden","info":{"clientid":"3d8acb40-737a-11e7-aab6-5bbd2ded9f8b","userid":"1","clienttime":1501259138855,"after":4663}}
{"time":1501258619085,"datetime":"2017-07-28T16:16:59.085Z","level":4,"component":"loguse:1","event":"loguse.client.visible","info":{"clientid":"3d8acb40-737a-11e7-aab6-5bbd2ded9f8b","userid":"1","clienttime":1501259140309,"after":1454}}
{"time":1501258626153,"datetime":"2017-07-28T16:17:06.153Z","level":4,"component":"loguse:1","event":"loguse.client.hidden","info":{"clientid":"3d8acb40-737a-11e7-aab6-5bbd2ded9f8b","userid":"1","clienttime":1501259147371,"after":7062}}
{"time":1501258628110,"datetime":"2017-07-28T16:17:08.110Z","level":4,"component":"loguse:1","event":"loguse.client.visible","info":{"clientid":"3d8acb40-737a-11e7-aab6-5bbd2ded9f8b","userid":"1","clienttime":1501259149328,"after":1957}}
{"time":1501258630124,"datetime":"2017-07-28T16:17:10.124Z","level":4,"component":"loguse:1","event":"loguse.client.hidden","info":{"clientid":"3d8acb40-737a-11e7-aab6-5bbd2ded9f8b","userid":"1","clienttime":1501259151340,"after":2012}}
{"time":1501258663882,"datetime":"2017-07-28T16:17:43.882Z","level":4,"component":"loguse:1","event":"loguse.client.visible","info":{"clientid":"3d8acb40-737a-11e7-aab6-5bbd2ded9f8b","userid":"1","clienttime":1501259185082,"after":33742}}
{"time":1501258666161,"datetime":"2017-07-28T16:17:46.161Z","level":4,"component":"loguse","event":"loguse.client.add","info":{"clientid":"3d8acb40-737a-11e7-aab6-5bbd2ded9f8b","userid":"1"}}
{"time":1501258666190,"datetime":"2017-07-28T16:17:46.190Z","level":4,"component":"loguse:1","event":"loguse.client.visible","info":{"clientid":"3d8acb40-737a-11e7-aab6-5bbd2ded9f8b","userid":"1","clienttime":1501259187137}}
{"time":1501258666190,"datetime":"2017-07-28T16:17:46.190Z","level":4,"component":"loguse:1","event":"loguse.client.view","info":{"userid":"1","clienttime":1501259187138,"path":"/performance/","info":{}}}
{"time":1501258666192,"datetime":"2017-07-28T16:17:46.192Z","level":4,"component":"loguse:1","event":"loguse.client.view","info":{"userid":"1","clienttime":1501259187161,"path":"/performance/","info":{}}}
{"time":1501258666799,"datetime":"2017-07-28T16:17:46.799Z","level":4,"component":"loguse:1","event":"loguse.client.view","info":{"userid":"1","clienttime":1501259187997,"path":"/","info":{}}}
{"time":1501258668735,"datetime":"2017-07-28T16:17:48.735Z","level":4,"component":"loguse:1","event":"loguse.client.view","info":{"userid":"1","clienttime":1501259189933,"path":"/content/map","info":{}}}
{"time":1501258669762,"datetime":"2017-07-28T16:17:49.762Z","level":4,"component":"loguse:1","event":"loguse.client.view","info":{"userid":"1","clienttime":1501259190959,"path":"/","info":{}}}
{"time":1501258673951,"datetime":"2017-07-28T16:17:53.951Z","level":4,"component":"loguse:1","event":"loguse.client.view","info":{"userid":"1","clienttime":1501259195147,"path":"/content/map","info":{}}}
{"time":1501258675714,"datetime":"2017-07-28T16:17:55.714Z","level":4,"component":"loguse:1","event":"loguse.client.view","info":{"userid":"1","clienttime":1501259196910,"path":"/","info":{}}}
{"time":1501258676747,"datetime":"2017-07-28T16:17:56.747Z","level":4,"component":"loguse:1","event":"loguse.client.view","info":{"userid":"1","clienttime":1501259197942,"path":"/content/Programme Note","info":{}}}
{"time":1501258678810,"datetime":"2017-07-28T16:17:58.810Z","level":4,"component":"loguse:1","event":"loguse.client.view","info":{"userid":"1","clienttime":1501259200004,"path":"/","info":{}}}
{"time":1501258682956,"datetime":"2017-07-28T16:18:02.956Z","level":4,"component":"loguse:1","event":"loguse.client.hidden","info":{"clientid":"3d8acb40-737a-11e7-aab6-5bbd2ded9f8b","userid":"1","clienttime":1501259204147,"after":17010}}
{"time":1501258683278,"datetime":"2017-07-28T16:18:03.278Z","level":4,"component":"loguse:1","event":"loguse.client.visible","info":{"clientid":"3d8acb40-737a-11e7-aab6-5bbd2ded9f8b","userid":"1","clienttime":1501259204468,"after":321}}
{"time":1501258689116,"datetime":"2017-07-28T16:18:09.116Z","level":4,"component":"loguse:1","event":"loguse.client.hidden","info":{"clientid":"3d8acb40-737a-11e7-aab6-5bbd2ded9f8b","userid":"1","clienttime":1501259210304,"after":5836}}
{"time":1501258692935,"datetime":"2017-07-28T16:18:12.935Z","level":4,"component":"loguse:1","event":"loguse.client.visible","info":{"clientid":"3d8acb40-737a-11e7-aab6-5bbd2ded9f8b","userid":"1","clienttime":1501259214121,"after":3817}}
{"time":1501258693163,"datetime":"2017-07-28T16:18:13.163Z","level":4,"component":"loguse:1","event":"loguse.client.hidden","info":{"clientid":"3d8acb40-737a-11e7-aab6-5bbd2ded9f8b","userid":"1","clienttime":1501259214349,"after":228}}
{"time":1501258693698,"datetime":"2017-07-28T16:18:13.698Z","level":4,"component":"loguse:1","event":"loguse.client.visible","info":{"clientid":"3d8acb40-737a-11e7-aab6-5bbd2ded9f8b","userid":"1","clienttime":1501259214883,"after":534}}
{"time":1501258693915,"datetime":"2017-07-28T16:18:13.915Z","level":4,"component":"loguse:1","event":"loguse.client.hidden","info":{"clientid":"3d8acb40-737a-11e7-aab6-5bbd2ded9f8b","userid":"1","clienttime":1501259215099,"after":216}}
{"time":1501258827007,"datetime":"2017-07-28T16:20:27.007Z","level":4,"component":"loguse:1","event":"loguse.client.visible","info":{"clientid":"3d8acb40-737a-11e7-aab6-5bbd2ded9f8b","userid":"1","clienttime":1501259348126,"after":133027}}
{"time":1501258842007,"datetime":"2017-07-28T16:20:42.007Z","level":4,"component":"loguse:1","event":"loguse.client.view","info":{"userid":"1","clienttime":1501259363119,"path":"/","info":{}}}
{"time":1501258844175,"datetime":"2017-07-28T16:20:44.175Z","level":4,"component":"loguse:1","event":"loguse.client.view","info":{"userid":"1","clienttime":1501259365286,"path":"/content/How it works","info":{}}}
{"time":1501258845731,"datetime":"2017-07-28T16:20:45.731Z","level":4,"component":"loguse:1","event":"loguse.client.view","info":{"userid":"1","clienttime":1501259366841,"path":"/","info":{}}}
{"time":1501258847093,"datetime":"2017-07-28T16:20:47.093Z","level":4,"component":"loguse:1","event":"loguse.client.view","info":{"userid":"1","clienttime":1501259368202,"path":"/content/map","info":{}}}
{"time":1501258848328,"datetime":"2017-07-28T16:20:48.328Z","level":4,"component":"loguse:1","event":"loguse.client.view","info":{"userid":"1","clienttime":1501259369436,"path":"/","info":{}}}
{"time":1501258850906,"datetime":"2017-07-28T16:20:50.906Z","level":4,"component":"loguse:1","event":"loguse.client.view","info":{"userid":"1","clienttime":1501259372013,"path":"/performance/","info":{}}}
{"time":1501258850923,"datetime":"2017-07-28T16:20:50.923Z","level":4,"component":"loguse:1","event":"loguse.client.view","info":{"userid":"1","clienttime":1501259372020,"path":"/performance/","info":{}}}
{"time":1501258851733,"datetime":"2017-07-28T16:20:51.733Z","level":4,"component":"loguse","event":"loguse.client.add","info":{"clientid":"3d8acb40-737a-11e7-aab6-5bbd2ded9f8b","userid":"1"}}
{"time":1501258851761,"datetime":"2017-07-28T16:20:51.761Z","level":4,"component":"loguse:1","event":"loguse.client.visible","info":{"clientid":"3d8acb40-737a-11e7-aab6-5bbd2ded9f8b","userid":"1","clienttime":1501259372642}}
{"time":1501258851762,"datetime":"2017-07-28T16:20:51.762Z","level":4,"component":"loguse:1","event":"loguse.client.view","info":{"userid":"1","clienttime":1501259372643,"path":"/performance/","info":{}}}
{"time":1501258853722,"datetime":"2017-07-28T16:20:53.722Z","level":4,"component":"loguse:1","event":"loguse.client.hidden","info":{"clientid":"3d8acb40-737a-11e7-aab6-5bbd2ded9f8b","userid":"1","clienttime":1501259374825,"after":2183}}
{"time":1501258903309,"datetime":"2017-07-28T16:21:43.309Z","level":4,"component":"loguse:1","event":"loguse.client.visible","info":{"clientid":"3d8acb40-737a-11e7-aab6-5bbd2ded9f8b","userid":"1","clienttime":1501259424389,"after":49564}}
{"time":1501258905548,"datetime":"2017-07-28T16:21:45.548Z","level":4,"component":"loguse:1","event":"loguse.client.view","info":{"userid":"1","clienttime":1501259426627,"path":"/","info":{}}}
{"time":1501258911210,"datetime":"2017-07-28T16:21:51.210Z","level":4,"component":"loguse:1","event":"loguse.client.view","info":{"userid":"1","clienttime":1501259432287,"path":"/","info":{}}}
{"time":1501258913683,"datetime":"2017-07-28T16:21:53.683Z","level":4,"component":"loguse:1","event":"loguse.client.view","info":{"userid":"1","clienttime":1501259434757,"path":"/performance/","info":{}}}
{"time":1501258913701,"datetime":"2017-07-28T16:21:53.701Z","level":4,"component":"loguse:1","event":"loguse.client.view","info":{"userid":"1","clienttime":1501259434766,"path":"/performance/","info":{}}}
{"time":1501258913737,"datetime":"2017-07-28T16:21:53.737Z","level":4,"component":"loguse:1","event":"loguse.client.hidden","info":{"clientid":"3d8acb40-737a-11e7-aab6-5bbd2ded9f8b","userid":"1","clienttime":1501259434812,"after":10423}}
{"time":1501258914522,"datetime":"2017-07-28T16:21:54.522Z","level":4,"component":"loguse","event":"loguse.client.add","info":{"clientid":"3d8acb40-737a-11e7-aab6-5bbd2ded9f8b","userid":"1"}}
{"time":1501258914546,"datetime":"2017-07-28T16:21:54.546Z","level":4,"component":"loguse:1","event":"loguse.client.visible","info":{"clientid":"3d8acb40-737a-11e7-aab6-5bbd2ded9f8b","userid":"1","clienttime":1501259435403}}
{"time":1501258914547,"datetime":"2017-07-28T16:21:54.547Z","level":4,"component":"loguse:1","event":"loguse.client.view","info":{"userid":"1","clienttime":1501259435404,"path":"/performance/","info":{}}}
{"time":1501258918738,"datetime":"2017-07-28T16:21:58.738Z","level":4,"component":"loguse:1","event":"loguse.client.view","info":{"userid":"1","clienttime":1501259439810,"path":"/","info":{}}}
{"time":1501258925538,"datetime":"2017-07-28T16:22:05.538Z","level":4,"component":"loguse:1","event":"loguse.client.view","info":{"userid":"1","clienttime":1501259446607,"path":"/","info":{}}}
{"time":1501258927026,"datetime":"2017-07-28T16:22:07.026Z","level":4,"component":"loguse:1","event":"loguse.client.hidden","info":{"clientid":"3d8acb40-737a-11e7-aab6-5bbd2ded9f8b","userid":"1","clienttime":1501259448094,"after":12691}}
{"time":1501258927641,"datetime":"2017-07-28T16:22:07.641Z","level":4,"component":"loguse","event":"loguse.client.add","info":{"clientid":"3d8acb40-737a-11e7-aab6-5bbd2ded9f8b","userid":"1"}}
{"time":1501258927647,"datetime":"2017-07-28T16:22:07.647Z","level":4,"component":"loguse:1","event":"loguse.client.visible","info":{"clientid":"3d8acb40-737a-11e7-aab6-5bbd2ded9f8b","userid":"1","clienttime":1501259448669}}
{"time":1501258927648,"datetime":"2017-07-28T16:22:07.648Z","level":4,"component":"loguse:1","event":"loguse.client.view","info":{"userid":"1","clienttime":1501259448670,"path":"/","info":{}}}
{"time":1501258928590,"datetime":"2017-07-28T16:22:08.590Z","level":4,"component":"loguse:1","event":"loguse.client.view","info":{"userid":"1","clienttime":1501259449658,"path":"/performance/","info":{}}}
{"time":1501258928622,"datetime":"2017-07-28T16:22:08.622Z","level":4,"component":"loguse:1","event":"loguse.client.view","info":{"userid":"1","clienttime":1501259449675,"path":"/performance/","info":{}}}
{"time":1501258930840,"datetime":"2017-07-28T16:22:10.840Z","level":4,"component":"loguse:1","event":"loguse.client.hidden","info":{"clientid":"3d8acb40-737a-11e7-aab6-5bbd2ded9f8b","userid":"1","clienttime":1501259451905,"after":3236}}
{"time":1501258991135,"datetime":"2017-07-28T16:23:11.135Z","level":4,"component":"loguse:1","event":"loguse.client.visible","info":{"clientid":"3d8acb40-737a-11e7-aab6-5bbd2ded9f8b","userid":"1","clienttime":1501259512170,"after":60265}}
{"time":1501258995189,"datetime":"2017-07-28T16:23:15.189Z","level":4,"component":"loguse:1","event":"loguse.client.view","info":{"userid":"1","clienttime":1501259516223,"path":"/performance/","info":{}}}
{"time":1501258995203,"datetime":"2017-07-28T16:23:15.203Z","level":4,"component":"loguse:1","event":"loguse.client.view","info":{"userid":"1","clienttime":1501259516229,"path":"/performance/","info":{}}}
{"time":1501258996734,"datetime":"2017-07-28T16:23:16.734Z","level":4,"component":"loguse:1","event":"loguse.client.view","info":{"userid":"1","clienttime":1501259517767,"path":"/performance/","info":{}}}
{"time":1501258996745,"datetime":"2017-07-28T16:23:16.745Z","level":4,"component":"loguse:1","event":"loguse.client.view","info":{"userid":"1","clienttime":1501259517774,"path":"/performance/","info":{}}}
{"time":1501258998818,"datetime":"2017-07-28T16:23:18.818Z","level":4,"component":"loguse:1","event":"loguse.client.view","info":{"userid":"1","clienttime":1501259519850,"path":"/","info":{}}}
{"time":1501259003792,"datetime":"2017-07-28T16:23:23.792Z","level":4,"component":"loguse:1","event":"loguse.client.view","info":{"userid":"1","clienttime":1501259524822,"path":"/","info":{}}}
{"time":1501259006024,"datetime":"2017-07-28T16:23:26.024Z","level":4,"component":"loguse:1","event":"loguse.client.view","info":{"userid":"1","clienttime":1501259527053,"path":"/performance/","info":{}}}
{"time":1501259006039,"datetime":"2017-07-28T16:23:26.039Z","level":4,"component":"loguse:1","event":"loguse.client.view","info":{"userid":"1","clienttime":1501259527059,"path":"/performance/","info":{}}}
{"time":1501259006075,"datetime":"2017-07-28T16:23:26.075Z","level":4,"component":"loguse:1","event":"loguse.client.hidden","info":{"clientid":"3d8acb40-737a-11e7-aab6-5bbd2ded9f8b","userid":"1","clienttime":1501259527104,"after":14934}}
{"time":1501259006865,"datetime":"2017-07-28T16:23:26.865Z","level":4,"component":"loguse","event":"loguse.client.add","info":{"clientid":"3d8acb40-737a-11e7-aab6-5bbd2ded9f8b","userid":"1"}}
{"time":1501259006891,"datetime":"2017-07-28T16:23:26.891Z","level":4,"component":"loguse:1","event":"loguse.client.visible","info":{"clientid":"3d8acb40-737a-11e7-aab6-5bbd2ded9f8b","userid":"1","clienttime":1501259527690}}
{"time":1501259006891,"datetime":"2017-07-28T16:23:26.891Z","level":4,"component":"loguse:1","event":"loguse.client.view","info":{"userid":"1","clienttime":1501259527691,"path":"/performance/","info":{}}}
{"time":1501259010508,"datetime":"2017-07-28T16:23:30.508Z","level":4,"component":"loguse:1","event":"loguse.client.hidden","info":{"clientid":"3d8acb40-737a-11e7-aab6-5bbd2ded9f8b","userid":"1","clienttime":1501259531533,"after":3843}}
{"time":1501259072389,"datetime":"2017-07-28T16:24:32.389Z","level":4,"component":"loguse:1","event":"loguse.client.visible","info":{"clientid":"3d8acb40-737a-11e7-aab6-5bbd2ded9f8b","userid":"1","clienttime":1501259593384,"after":61851}}
{"time":1501259075283,"datetime":"2017-07-28T16:24:35.283Z","level":4,"component":"loguse:1","event":"loguse.client.view","info":{"userid":"1","clienttime":1501259596277,"path":"/performance/","info":{}}}
{"time":1501259075299,"datetime":"2017-07-28T16:24:35.299Z","level":4,"component":"loguse:1","event":"loguse.client.view","info":{"userid":"1","clienttime":1501259596284,"path":"/performance/","info":{}}}
{"time":1501259075808,"datetime":"2017-07-28T16:24:35.808Z","level":4,"component":"loguse:1","event":"loguse.client.view","info":{"userid":"1","clienttime":1501259596801,"path":"/performance/","info":{}}}
{"time":1501259075821,"datetime":"2017-07-28T16:24:35.821Z","level":4,"component":"loguse:1","event":"loguse.client.view","info":{"userid":"1","clienttime":1501259596808,"path":"/performance/","info":{}}}
{"time":1501259076247,"datetime":"2017-07-28T16:24:36.247Z","level":4,"component":"loguse:1","event":"loguse.client.view","info":{"userid":"1","clienttime":1501259597241,"path":"/performance/","info":{}}}
{"time":1501259076262,"datetime":"2017-07-28T16:24:36.262Z","level":4,"component":"loguse:1","event":"loguse.client.view","info":{"userid":"1","clienttime":1501259597248,"path":"/performance/","info":{}}}
{"time":1501259081675,"datetime":"2017-07-28T16:24:41.675Z","level":4,"component":"loguse:1","event":"loguse.client.view","info":{"userid":"1","clienttime":1501259602666,"path":"/","info":{}}}
{"time":1501259083233,"datetime":"2017-07-28T16:24:43.233Z","level":4,"component":"loguse:1","event":"loguse.client.view","info":{"userid":"1","clienttime":1501259604223,"path":"/performance/","info":{}}}
{"time":1501259083247,"datetime":"2017-07-28T16:24:43.247Z","level":4,"component":"loguse:1","event":"loguse.client.view","info":{"userid":"1","clienttime":1501259604229,"path":"/performance/","info":{}}}
{"time":1501259084095,"datetime":"2017-07-28T16:24:44.095Z","level":4,"component":"loguse","event":"loguse.client.add","info":{"clientid":"3d8acb40-737a-11e7-aab6-5bbd2ded9f8b","userid":"1"}}
{"time":1501259084118,"datetime":"2017-07-28T16:24:44.118Z","level":4,"component":"loguse:1","event":"loguse.client.visible","info":{"clientid":"3d8acb40-737a-11e7-aab6-5bbd2ded9f8b","userid":"1","clienttime":1501259604881}}
{"time":1501259084119,"datetime":"2017-07-28T16:24:44.119Z","level":4,"component":"loguse:1","event":"loguse.client.view","info":{"userid":"1","clienttime":1501259604882,"path":"/performance/","info":{}}}
{"time":1501259085793,"datetime":"2017-07-28T16:24:45.793Z","level":4,"component":"loguse:1","event":"loguse.client.hidden","info":{"clientid":"3d8acb40-737a-11e7-aab6-5bbd2ded9f8b","userid":"1","clienttime":1501259606780,"after":1899}}
{"time":1501259112851,"datetime":"2017-07-28T16:25:12.851Z","level":4,"component":"loguse:1","event":"loguse.client.visible","info":{"clientid":"3d8acb40-737a-11e7-aab6-5bbd2ded9f8b","userid":"1","clienttime":1501259633824,"after":27044}}
{"time":1501259117981,"datetime":"2017-07-28T16:25:17.981Z","level":4,"component":"loguse:1","event":"loguse.client.view","info":{"userid":"1","clienttime":1501259638952,"path":"/performance/","info":{}}}
{"time":1501259117993,"datetime":"2017-07-28T16:25:17.993Z","level":4,"component":"loguse:1","event":"loguse.client.view","info":{"userid":"1","clienttime":1501259638959,"path":"/performance/","info":{}}}
{"time":1501259121843,"datetime":"2017-07-28T16:25:21.843Z","level":4,"component":"loguse:1","event":"loguse.client.view","info":{"userid":"1","clienttime":1501259642813,"path":"/","info":{}}}
{"time":1501259130463,"datetime":"2017-07-28T16:25:30.463Z","level":4,"component":"loguse:1","event":"loguse.client.hidden","info":{"clientid":"3d8acb40-737a-11e7-aab6-5bbd2ded9f8b","userid":"1","clienttime":1501259651429,"after":17605}}
{"time":1501259131074,"datetime":"2017-07-28T16:25:31.074Z","level":4,"component":"loguse","event":"loguse.client.add","info":{"clientid":"3d8acb40-737a-11e7-aab6-5bbd2ded9f8b","userid":"1"}}
{"time":1501259131083,"datetime":"2017-07-28T16:25:31.083Z","level":4,"component":"loguse:1","event":"loguse.client.visible","info":{"clientid":"3d8acb40-737a-11e7-aab6-5bbd2ded9f8b","userid":"1","clienttime":1501259652000}}
{"time":1501259131083,"datetime":"2017-07-28T16:25:31.083Z","level":4,"component":"loguse:1","event":"loguse.client.view","info":{"userid":"1","clienttime":1501259652000,"path":"/","info":{}}}
{"time":1501259135307,"datetime":"2017-07-28T16:25:35.307Z","level":4,"component":"loguse:1","event":"loguse.client.view","info":{"userid":"1","clienttime":1501259656270,"path":"/performance/","info":{}}}
{"time":1501259135340,"datetime":"2017-07-28T16:25:35.340Z","level":4,"component":"loguse:1","event":"loguse.client.view","info":{"userid":"1","clienttime":1501259656283,"path":"/performance/","info":{}}}
{"time":1501259137978,"datetime":"2017-07-28T16:25:37.978Z","level":4,"component":"loguse:1","event":"loguse.client.hidden","info":{"clientid":"3d8acb40-737a-11e7-aab6-5bbd2ded9f8b","userid":"1","clienttime":1501259658939,"after":6939}}
{"time":1501259193285,"datetime":"2017-07-28T16:26:33.285Z","level":4,"component":"loguse:1","event":"loguse.client.visible","info":{"clientid":"3d8acb40-737a-11e7-aab6-5bbd2ded9f8b","userid":"1","clienttime":1501259714219,"after":55280}}
{"time":1501259194838,"datetime":"2017-07-28T16:26:34.838Z","level":4,"component":"loguse:1","event":"loguse.client.view","info":{"userid":"1","clienttime":1501259715771,"path":"/performance/","info":{}}}
{"time":1501259194850,"datetime":"2017-07-28T16:26:34.850Z","level":4,"component":"loguse:1","event":"loguse.client.view","info":{"userid":"1","clienttime":1501259715777,"path":"/performance/","info":{}}}
{"time":1501259198890,"datetime":"2017-07-28T16:26:38.890Z","level":4,"component":"loguse:1","event":"loguse.client.view","info":{"userid":"1","clienttime":1501259719821,"path":"/","info":{}}}
{"time":1501259200961,"datetime":"2017-07-28T16:26:40.961Z","level":4,"component":"loguse:1","event":"loguse.client.hidden","info":{"clientid":"3d8acb40-737a-11e7-aab6-5bbd2ded9f8b","userid":"1","clienttime":1501259721891,"after":7672}}
{"time":1501259201573,"datetime":"2017-07-28T16:26:41.573Z","level":4,"component":"loguse","event":"loguse.client.add","info":{"clientid":"3d8acb40-737a-11e7-aab6-5bbd2ded9f8b","userid":"1"}}
{"time":1501259201581,"datetime":"2017-07-28T16:26:41.581Z","level":4,"component":"loguse:1","event":"loguse.client.visible","info":{"clientid":"3d8acb40-737a-11e7-aab6-5bbd2ded9f8b","userid":"1","clienttime":1501259722457}}
{"time":1501259201583,"datetime":"2017-07-28T16:26:41.583Z","level":4,"component":"loguse:1","event":"loguse.client.view","info":{"userid":"1","clienttime":1501259722458,"path":"/","info":{}}}
{"time":1501259204723,"datetime":"2017-07-28T16:26:44.723Z","level":4,"component":"loguse:1","event":"loguse.client.view","info":{"userid":"1","clienttime":1501259725651,"path":"/performance/","info":{}}}
{"time":1501259204759,"datetime":"2017-07-28T16:26:44.759Z","level":4,"component":"loguse:1","event":"loguse.client.view","info":{"userid":"1","clienttime":1501259725666,"path":"/performance/","info":{}}}
{"time":1501259210073,"datetime":"2017-07-28T16:26:50.073Z","level":4,"component":"loguse:1","event":"loguse.client.view","info":{"userid":"1","clienttime":1501259730999,"path":"/","info":{}}}
{"time":1501259211084,"datetime":"2017-07-28T16:26:51.084Z","level":4,"component":"loguse:1","event":"loguse.client.hidden","info":{"clientid":"3d8acb40-737a-11e7-aab6-5bbd2ded9f8b","userid":"1","clienttime":1501259732009,"after":9552}}
{"time":1501259211647,"datetime":"2017-07-28T16:26:51.647Z","level":4,"component":"loguse","event":"loguse.client.add","info":{"clientid":"3d8acb40-737a-11e7-aab6-5bbd2ded9f8b","userid":"1"}}
{"time":1501259211654,"datetime":"2017-07-28T16:26:51.654Z","level":4,"component":"loguse:1","event":"loguse.client.visible","info":{"clientid":"3d8acb40-737a-11e7-aab6-5bbd2ded9f8b","userid":"1","clienttime":1501259732531}}
{"time":1501259211654,"datetime":"2017-07-28T16:26:51.654Z","level":4,"component":"loguse:1","event":"loguse.client.view","info":{"userid":"1","clienttime":1501259732531,"path":"/","info":{}}}
{"time":1501259216330,"datetime":"2017-07-28T16:26:56.330Z","level":4,"component":"loguse:1","event":"loguse.client.hidden","info":{"clientid":"3d8acb40-737a-11e7-aab6-5bbd2ded9f8b","userid":"1","clienttime":1501259737252,"after":4721}}
{"time":1501259227192,"datetime":"2017-07-28T16:27:07.192Z","level":4,"component":"loguse:1","event":"loguse.client.visible","info":{"clientid":"3d8acb40-737a-11e7-aab6-5bbd2ded9f8b","userid":"1","clienttime":1501259748108,"after":10856}}
{"time":1501259238067,"datetime":"2017-07-28T16:27:18.067Z","level":4,"component":"loguse:1","event":"loguse.client.view","info":{"userid":"1","clienttime":1501259758979,"path":"/performance/","info":{}}}
{"time":1501259238105,"datetime":"2017-07-28T16:27:18.105Z","level":4,"component":"loguse:1","event":"loguse.client.view","info":{"userid":"1","clienttime":1501259758995,"path":"/performance/","info":{}}}
{"time":1501259245374,"datetime":"2017-07-28T16:27:25.374Z","level":4,"component":"loguse:1","event":"loguse.client.view","info":{"userid":"1","clienttime":1501259766282,"path":"/","info":{}}}
{"time":1501259248233,"datetime":"2017-07-28T16:27:28.233Z","level":4,"component":"loguse:1","event":"loguse.client.hidden","info":{"clientid":"3d8acb40-737a-11e7-aab6-5bbd2ded9f8b","userid":"1","clienttime":1501259769140,"after":21032}}
{"time":1501259248352,"datetime":"2017-07-28T16:27:28.352Z","level":4,"component":"loguse:1","event":"loguse.client.visible","info":{"clientid":"3d8acb40-737a-11e7-aab6-5bbd2ded9f8b","userid":"1","clienttime":1501259769257,"after":117}}
{"time":1501259255654,"datetime":"2017-07-28T16:27:35.654Z","level":4,"component":"loguse:1","event":"loguse.client.view","info":{"userid":"1","clienttime":1501259776557,"path":"/","info":{}}}
{"time":1501259257475,"datetime":"2017-07-28T16:27:37.475Z","level":4,"component":"loguse:1","event":"loguse.client.hidden","info":{"clientid":"3d8acb40-737a-11e7-aab6-5bbd2ded9f8b","userid":"1","clienttime":1501259778376,"after":9119}}
{"time":1501259312314,"datetime":"2017-07-28T16:28:32.314Z","level":4,"component":"loguse:1","event":"loguse.client.visible","info":{"clientid":"3d8acb40-737a-11e7-aab6-5bbd2ded9f8b","userid":"1","clienttime":1501259833188,"after":54812}}
{"time":1501259313927,"datetime":"2017-07-28T16:28:33.927Z","level":4,"component":"loguse:1","event":"loguse.client.hidden","info":{"clientid":"3d8acb40-737a-11e7-aab6-5bbd2ded9f8b","userid":"1","clienttime":1501259834800,"after":1612}}
{"time":1501259314518,"datetime":"2017-07-28T16:28:34.518Z","level":4,"component":"loguse","event":"loguse.client.add","info":{"clientid":"3d8acb40-737a-11e7-aab6-5bbd2ded9f8b","userid":"1"}}
{"time":1501259314525,"datetime":"2017-07-28T16:28:34.525Z","level":4,"component":"loguse:1","event":"loguse.client.visible","info":{"clientid":"3d8acb40-737a-11e7-aab6-5bbd2ded9f8b","userid":"1","clienttime":1501259835349}}
{"time":1501259314526,"datetime":"2017-07-28T16:28:34.526Z","level":4,"component":"loguse:1","event":"loguse.client.view","info":{"userid":"1","clienttime":1501259835349,"path":"/","info":{}}}
{"time":1501259316021,"datetime":"2017-07-28T16:28:36.021Z","level":4,"component":"loguse:1","event":"loguse.client.view","info":{"userid":"1","clienttime":1501259836893,"path":"/performance/","info":{}}}
{"time":1501259316057,"datetime":"2017-07-28T16:28:36.057Z","level":4,"component":"loguse:1","event":"loguse.client.view","info":{"userid":"1","clienttime":1501259836912,"path":"/performance/","info":{}}}
{"time":1501259323528,"datetime":"2017-07-28T16:28:43.528Z","level":4,"component":"loguse:1","event":"loguse.client.view","info":{"userid":"1","clienttime":1501259844396,"path":"/","info":{}}}
{"time":1501259327578,"datetime":"2017-07-28T16:28:47.578Z","level":4,"component":"loguse:1","event":"loguse.client.view","info":{"userid":"1","clienttime":1501259848445,"path":"/","info":{}}}
{"time":1501259331424,"datetime":"2017-07-28T16:28:51.424Z","level":4,"component":"loguse:1","event":"loguse.client.hidden","info":{"clientid":"3d8acb40-737a-11e7-aab6-5bbd2ded9f8b","userid":"1","clienttime":1501259852288,"after":16939}}
{"time":1501259370470,"datetime":"2017-07-28T16:29:30.470Z","level":4,"component":"loguse:1","event":"loguse.client.visible","info":{"clientid":"3d8acb40-737a-11e7-aab6-5bbd2ded9f8b","userid":"1","clienttime":1501259891315,"after":39027}}
{"time":1501259371746,"datetime":"2017-07-28T16:29:31.746Z","level":4,"component":"loguse:1","event":"loguse.client.view","info":{"userid":"1","clienttime":1501259892590,"path":"/content/Programme Note","info":{}}}
{"time":1501259376497,"datetime":"2017-07-28T16:29:36.497Z","level":4,"component":"loguse:1","event":"loguse.client.view","info":{"userid":"1","clienttime":1501259897339,"path":"/","info":{}}}
{"time":1501259381171,"datetime":"2017-07-28T16:29:41.171Z","level":4,"component":"loguse:1","event":"loguse.client.hidden","info":{"clientid":"3d8acb40-737a-11e7-aab6-5bbd2ded9f8b","userid":"1","clienttime":1501259902010,"after":10695}}
{"time":1501259381785,"datetime":"2017-07-28T16:29:41.785Z","level":4,"component":"loguse","event":"loguse.client.add","info":{"clientid":"3d8acb40-737a-11e7-aab6-5bbd2ded9f8b","userid":"1"}}
{"time":1501259381795,"datetime":"2017-07-28T16:29:41.795Z","level":4,"component":"loguse:1","event":"loguse.client.visible","info":{"clientid":"3d8acb40-737a-11e7-aab6-5bbd2ded9f8b","userid":"1","clienttime":1501259902577}}
{"time":1501259381796,"datetime":"2017-07-28T16:29:41.796Z","level":4,"component":"loguse:1","event":"loguse.client.view","info":{"userid":"1","clienttime":1501259902577,"path":"/","info":{}}}
{"time":1501259382557,"datetime":"2017-07-28T16:29:42.557Z","level":4,"component":"loguse:1","event":"loguse.client.view","info":{"userid":"1","clienttime":1501259903396,"path":"/content/Programme Note","info":{}}}
{"time":1501259455034,"datetime":"2017-07-28T16:30:55.034Z","level":4,"component":"loguse:1","event":"loguse.client.hidden","info":{"clientid":"3d8acb40-737a-11e7-aab6-5bbd2ded9f8b","userid":"1","clienttime":1501259975836,"after":73259}}
{"time":1501259455035,"datetime":"2017-07-28T16:30:55.035Z","level":4,"component":"loguse:1","event":"loguse.client.visible","info":{"clientid":"3d8acb40-737a-11e7-aab6-5bbd2ded9f8b","userid":"1","clienttime":1501259975836,"after":0}}
{"time":1501259456532,"datetime":"2017-07-28T16:30:56.532Z","level":4,"component":"loguse:1","event":"loguse.client.view","info":{"userid":"1","clienttime":1501259977334,"path":"/","info":{}}}
{"time":1501259464554,"datetime":"2017-07-28T16:31:04.554Z","level":4,"component":"loguse:1","event":"loguse.client.hidden","info":{"clientid":"3d8acb40-737a-11e7-aab6-5bbd2ded9f8b","userid":"1","clienttime":1501259985352,"after":9516}}
{"time":1501259465152,"datetime":"2017-07-28T16:31:05.152Z","level":4,"component":"loguse","event":"loguse.client.add","info":{"clientid":"3d8acb40-737a-11e7-aab6-5bbd2ded9f8b","userid":"1"}}
{"time":1501259465158,"datetime":"2017-07-28T16:31:05.158Z","level":4,"component":"loguse:1","event":"loguse.client.visible","info":{"clientid":"3d8acb40-737a-11e7-aab6-5bbd2ded9f8b","userid":"1","clienttime":1501259985911}}
{"time":1501259465160,"datetime":"2017-07-28T16:31:05.160Z","level":4,"component":"loguse:1","event":"loguse.client.view","info":{"userid":"1","clienttime":1501259985911,"path":"/","info":{}}}
{"time":1501259466897,"datetime":"2017-07-28T16:31:06.897Z","level":4,"component":"loguse:1","event":"loguse.client.view","info":{"userid":"1","clienttime":1501259987693,"path":"/content/Programme Note","info":{}}}
{"time":1501259475496,"datetime":"2017-07-28T16:31:15.496Z","level":4,"component":"loguse:1","event":"loguse.client.view","info":{"userid":"1","clienttime":1501259996287,"path":"/","info":{}}}
{"time":1501259476879,"datetime":"2017-07-28T16:31:16.879Z","level":4,"component":"loguse:1","event":"loguse.client.view","info":{"userid":"1","clienttime":1501259997669,"path":"/content/Performer","info":{}}}
{"time":1501259478379,"datetime":"2017-07-28T16:31:18.379Z","level":4,"component":"loguse:1","event":"loguse.client.view","info":{"userid":"1","clienttime":1501259999169,"path":"/","info":{}}}
{"time":1501259479815,"datetime":"2017-07-28T16:31:19.815Z","level":4,"component":"loguse:1","event":"loguse.client.view","info":{"userid":"1","clienttime":1501260000604,"path":"/performance/","info":{}}}
{"time":1501259479846,"datetime":"2017-07-28T16:31:19.846Z","level":4,"component":"loguse:1","event":"loguse.client.view","info":{"userid":"1","clienttime":1501260000619,"path":"/performance/","info":{}}}
{"time":1501259482148,"datetime":"2017-07-28T16:31:22.148Z","level":4,"component":"loguse:1","event":"loguse.client.view","info":{"userid":"1","clienttime":1501260002937,"path":"/","info":{}}}
{"time":1501259490838,"datetime":"2017-07-28T16:31:30.838Z","level":4,"component":"loguse:1","event":"loguse.client.view","info":{"userid":"1","clienttime":1501260011623,"path":"/","info":{}}}
{"time":1501259492283,"datetime":"2017-07-28T16:31:32.283Z","level":4,"component":"loguse:1","event":"loguse.client.view","info":{"userid":"1","clienttime":1501260013066,"path":"/content/map","info":{}}}
{"time":1501259496084,"datetime":"2017-07-28T16:31:36.084Z","level":4,"component":"loguse:1","event":"loguse.client.hidden","info":{"clientid":"3d8acb40-737a-11e7-aab6-5bbd2ded9f8b","userid":"1","clienttime":1501260016864,"after":30953}}
{"time":1501259511098,"datetime":"2017-07-28T16:31:51.098Z","level":4,"component":"loguse:1","event":"loguse.client.visible","info":{"clientid":"3d8acb40-737a-11e7-aab6-5bbd2ded9f8b","userid":"1","clienttime":1501260031871,"after":15007}}
{"time":1501259516250,"datetime":"2017-07-28T16:31:56.250Z","level":4,"component":"loguse:1","event":"loguse.client.view","info":{"userid":"1","clienttime":1501260037021,"path":"/","info":{}}}
{"time":1501259518857,"datetime":"2017-07-28T16:31:58.857Z","level":4,"component":"loguse","event":"loguse.client.add","info":{"clientid":"3d8acb40-737a-11e7-aab6-5bbd2ded9f8b","userid":"1"}}
{"time":1501259518864,"datetime":"2017-07-28T16:31:58.864Z","level":4,"component":"loguse:1","event":"loguse.client.visible","info":{"clientid":"3d8acb40-737a-11e7-aab6-5bbd2ded9f8b","userid":"1","clienttime":1501260039581}}
{"time":1501259518864,"datetime":"2017-07-28T16:31:58.864Z","level":4,"component":"loguse:1","event":"loguse.client.view","info":{"userid":"1","clienttime":1501260039582,"path":"/","info":{}}}
{"time":1501259519856,"datetime":"2017-07-28T16:31:59.856Z","level":4,"component":"loguse:1","event":"loguse.client.view","info":{"userid":"1","clienttime":1501260040626,"path":"/content/map","info":{}}}
{"time":1501259521968,"datetime":"2017-07-28T16:32:01.968Z","level":4,"component":"loguse:1","event":"loguse.client.view","info":{"userid":"1","clienttime":1501260042736,"path":"/","info":{}}}
{"time":1501259523501,"datetime":"2017-07-28T16:32:03.501Z","level":4,"component":"loguse:1","event":"loguse.client.hidden","info":{"clientid":"3d8acb40-737a-11e7-aab6-5bbd2ded9f8b","userid":"1","clienttime":1501260044267,"after":4686}}
{"time":1501259525859,"datetime":"2017-07-28T16:32:05.859Z","level":4,"component":"loguse:1","event":"loguse.client.visible","info":{"clientid":"3d8acb40-737a-11e7-aab6-5bbd2ded9f8b","userid":"1","clienttime":1501260046623,"after":2356}}
{"time":1501259526805,"datetime":"2017-07-28T16:32:06.805Z","level":4,"component":"loguse:1","event":"loguse.client.view","info":{"userid":"1","clienttime":1501260047571,"path":"/performance/","info":{}}}
{"time":1501259526838,"datetime":"2017-07-28T16:32:06.838Z","level":4,"component":"loguse:1","event":"loguse.client.view","info":{"userid":"1","clienttime":1501260047588,"path":"/performance/","info":{}}}
{"time":1501259528555,"datetime":"2017-07-28T16:32:08.555Z","level":4,"component":"loguse:1","event":"loguse.client.hidden","info":{"clientid":"3d8acb40-737a-11e7-aab6-5bbd2ded9f8b","userid":"1","clienttime":1501260049319,"after":2696}}
{"time":1501259604861,"datetime":"2017-07-28T16:33:24.861Z","level":4,"component":"loguse:1","event":"loguse.client.visible","info":{"clientid":"3d8acb40-737a-11e7-aab6-5bbd2ded9f8b","userid":"1","clienttime":1501260125587,"after":76268}}
{"time":1501259606597,"datetime":"2017-07-28T16:33:26.597Z","level":4,"component":"loguse:1","event":"loguse.client.view","info":{"userid":"1","clienttime":1501260127323,"path":"/performance/","info":{}}}
{"time":1501259606611,"datetime":"2017-07-28T16:33:26.611Z","level":4,"component":"loguse:1","event":"loguse.client.view","info":{"userid":"1","clienttime":1501260127330,"path":"/performance/","info":{}}}
{"time":1501259608123,"datetime":"2017-07-28T16:33:28.123Z","level":4,"component":"loguse:1","event":"loguse.client.view","info":{"userid":"1","clienttime":1501260128848,"path":"/","info":{}}}
{"time":1501259612466,"datetime":"2017-07-28T16:33:32.466Z","level":4,"component":"loguse:1","event":"loguse.client.view","info":{"userid":"1","clienttime":1501260133189,"path":"/","info":{}}}
{"time":1501259614168,"datetime":"2017-07-28T16:33:34.168Z","level":4,"component":"loguse:1","event":"loguse.client.view","info":{"userid":"1","clienttime":1501260134890,"path":"/performance/","info":{}}}
{"time":1501259614181,"datetime":"2017-07-28T16:33:34.181Z","level":4,"component":"loguse:1","event":"loguse.client.view","info":{"userid":"1","clienttime":1501260134896,"path":"/performance/","info":{}}}
{"time":1501259618152,"datetime":"2017-07-28T16:33:38.152Z","level":4,"component":"loguse:1","event":"loguse.client.view","info":{"userid":"1","clienttime":1501260138872,"path":"/performance/","info":{}}}
{"time":1501259618163,"datetime":"2017-07-28T16:33:38.163Z","level":4,"component":"loguse:1","event":"loguse.client.view","info":{"userid":"1","clienttime":1501260138878,"path":"/performance/","info":{}}}
{"time":1501259620633,"datetime":"2017-07-28T16:33:40.633Z","level":4,"component":"loguse:1","event":"loguse.client.hidden","info":{"clientid":"3d8acb40-737a-11e7-aab6-5bbd2ded9f8b","userid":"1","clienttime":1501260141350,"after":15763}}
{"time":1501259637582,"datetime":"2017-07-28T16:33:57.582Z","level":4,"component":"loguse:1","event":"loguse.client.visible","info":{"clientid":"3d8acb40-737a-11e7-aab6-5bbd2ded9f8b","userid":"1","clienttime":1501260158291,"after":16941}}
{"time":1501259641946,"datetime":"2017-07-28T16:34:01.946Z","level":4,"component":"loguse:1","event":"loguse.client.view","info":{"userid":"1","clienttime":1501260162654,"path":"/","info":{}}}
{"time":1501259644127,"datetime":"2017-07-28T16:34:04.127Z","level":4,"component":"loguse:1","event":"loguse.client.view","info":{"userid":"1","clienttime":1501260164834,"path":"/performance/","info":{}}}
{"time":1501259644142,"datetime":"2017-07-28T16:34:04.142Z","level":4,"component":"loguse:1","event":"loguse.client.view","info":{"userid":"1","clienttime":1501260164841,"path":"/performance/","info":{}}}
{"time":1501259646418,"datetime":"2017-07-28T16:34:06.418Z","level":4,"component":"loguse:1","event":"loguse.client.view","info":{"userid":"1","clienttime":1501260167121,"path":"/performance/","info":{}}}
{"time":1501259646437,"datetime":"2017-07-28T16:34:06.437Z","level":4,"component":"loguse:1","event":"loguse.client.view","info":{"userid":"1","clienttime":1501260167132,"path":"/performance/","info":{}}}
{"time":1501259648121,"datetime":"2017-07-28T16:34:08.121Z","level":4,"component":"loguse:1","event":"loguse.client.view","info":{"userid":"1","clienttime":1501260168826,"path":"/performance/","info":{}}}
{"time":1501259648134,"datetime":"2017-07-28T16:34:08.134Z","level":4,"component":"loguse:1","event":"loguse.client.view","info":{"userid":"1","clienttime":1501260168831,"path":"/performance/","info":{}}}
{"time":1501259648288,"datetime":"2017-07-28T16:34:08.288Z","level":4,"component":"loguse:1","event":"loguse.client.view","info":{"userid":"1","clienttime":1501260168993,"path":"/performance/","info":{}}}
{"time":1501259648299,"datetime":"2017-07-28T16:34:08.299Z","level":4,"component":"loguse:1","event":"loguse.client.view","info":{"userid":"1","clienttime":1501260168998,"path":"/performance/","info":{}}}
{"time":1501259649168,"datetime":"2017-07-28T16:34:09.168Z","level":4,"component":"loguse:1","event":"loguse.client.hidden","info":{"clientid":"3d8acb40-737a-11e7-aab6-5bbd2ded9f8b","userid":"1","clienttime":1501260169871,"after":11580}}
{"time":1501259715951,"datetime":"2017-07-28T16:35:15.951Z","level":4,"component":"loguse:1","event":"loguse.client.visible","info":{"clientid":"3d8acb40-737a-11e7-aab6-5bbd2ded9f8b","userid":"1","clienttime":1501260236621,"after":66750}}
{"time":1501259717521,"datetime":"2017-07-28T16:35:17.521Z","level":4,"component":"loguse:1","event":"loguse.client.view","info":{"userid":"1","clienttime":1501260238191,"path":"/performance/","info":{}}}
{"time":1501259717533,"datetime":"2017-07-28T16:35:17.533Z","level":4,"component":"loguse:1","event":"loguse.client.view","info":{"userid":"1","clienttime":1501260238197,"path":"/performance/","info":{}}}
{"time":1501259721714,"datetime":"2017-07-28T16:35:21.714Z","level":4,"component":"loguse:1","event":"loguse.client.view","info":{"userid":"1","clienttime":1501260242382,"path":"/performance/","info":{}}}
{"time":1501259721727,"datetime":"2017-07-28T16:35:21.727Z","level":4,"component":"loguse:1","event":"loguse.client.view","info":{"userid":"1","clienttime":1501260242389,"path":"/performance/","info":{}}}
{"time":1501259726243,"datetime":"2017-07-28T16:35:26.243Z","level":4,"component":"loguse:1","event":"loguse.client.view","info":{"userid":"1","clienttime":1501260246908,"path":"/","info":{}}}
{"time":1501259727535,"datetime":"2017-07-28T16:35:27.535Z","level":4,"component":"loguse:1","event":"loguse.client.view","info":{"userid":"1","clienttime":1501260248199,"path":"/performance/","info":{}}}
{"time":1501259727554,"datetime":"2017-07-28T16:35:27.554Z","level":4,"component":"loguse:1","event":"loguse.client.view","info":{"userid":"1","clienttime":1501260248205,"path":"/performance/","info":{}}}
{"time":1501259731541,"datetime":"2017-07-28T16:35:31.541Z","level":4,"component":"loguse:1","event":"loguse.client.hidden","info":{"clientid":"3d8acb40-737a-11e7-aab6-5bbd2ded9f8b","userid":"1","clienttime":1501260252203,"after":15582}}
{"time":1501259731608,"datetime":"2017-07-28T16:35:31.608Z","level":4,"component":"loguse:1","event":"loguse.client.visible","info":{"clientid":"3d8acb40-737a-11e7-aab6-5bbd2ded9f8b","userid":"1","clienttime":1501260252270,"after":67}}
{"time":1501259739694,"datetime":"2017-07-28T16:35:39.694Z","level":4,"component":"loguse:1","event":"loguse.client.view","info":{"userid":"1","clienttime":1501260260343,"path":"/","info":{}}}
{"time":1501259740679,"datetime":"2017-07-28T16:35:40.679Z","level":4,"component":"loguse:1","event":"loguse.client.hidden","info":{"clientid":"3d8acb40-737a-11e7-aab6-5bbd2ded9f8b","userid":"1","clienttime":1501260261336,"after":9066}}
{"time":1501259741871,"datetime":"2017-07-28T16:35:41.871Z","level":4,"component":"loguse:1","event":"loguse.client.visible","info":{"clientid":"3d8acb40-737a-11e7-aab6-5bbd2ded9f8b","userid":"1","clienttime":1501260262528,"after":1192}}
{"time":1501259743193,"datetime":"2017-07-28T16:35:43.193Z","level":4,"component":"loguse:1","event":"loguse.client.hidden","info":{"clientid":"3d8acb40-737a-11e7-aab6-5bbd2ded9f8b","userid":"1","clienttime":1501260263850,"after":1322}}
{"time":1501259743775,"datetime":"2017-07-28T16:35:43.775Z","level":4,"component":"loguse","event":"loguse.client.add","info":{"clientid":"3d8acb40-737a-11e7-aab6-5bbd2ded9f8b","userid":"1"}}
{"time":1501259743781,"datetime":"2017-07-28T16:35:43.781Z","level":4,"component":"loguse:1","event":"loguse.client.visible","info":{"clientid":"3d8acb40-737a-11e7-aab6-5bbd2ded9f8b","userid":"1","clienttime":1501260264391}}
{"time":1501259743782,"datetime":"2017-07-28T16:35:43.782Z","level":4,"component":"loguse:1","event":"loguse.client.view","info":{"userid":"1","clienttime":1501260264391,"path":"/","info":{}}}
{"time":1501259749737,"datetime":"2017-07-28T16:35:49.737Z","level":4,"component":"loguse:1","event":"loguse.client.view","info":{"userid":"1","clienttime":1501260270391,"path":"/","info":{}}}
{"time":1501259751978,"datetime":"2017-07-28T16:35:51.978Z","level":4,"component":"loguse:1","event":"loguse.client.hidden","info":{"clientid":"3d8acb40-737a-11e7-aab6-5bbd2ded9f8b","userid":"1","clienttime":1501260272630,"after":8239}}
{"time":1501259752540,"datetime":"2017-07-28T16:35:52.540Z","level":4,"component":"loguse","event":"loguse.client.add","info":{"clientid":"3d8acb40-737a-11e7-aab6-5bbd2ded9f8b","userid":"1"}}
{"time":1501259752546,"datetime":"2017-07-28T16:35:52.546Z","level":4,"component":"loguse:1","event":"loguse.client.visible","info":{"clientid":"3d8acb40-737a-11e7-aab6-5bbd2ded9f8b","userid":"1","clienttime":1501260273145}}
{"time":1501259752547,"datetime":"2017-07-28T16:35:52.547Z","level":4,"component":"loguse:1","event":"loguse.client.view","info":{"userid":"1","clienttime":1501260273145,"path":"/","info":{}}}
{"time":1501259757858,"datetime":"2017-07-28T16:35:57.858Z","level":4,"component":"loguse:1","event":"loguse.client.hidden","info":{"clientid":"3d8acb40-737a-11e7-aab6-5bbd2ded9f8b","userid":"1","clienttime":1501260278507,"after":5362}}
{"time":1501259764602,"datetime":"2017-07-28T16:36:04.602Z","level":4,"component":"loguse:1","event":"loguse.client.visible","info":{"clientid":"3d8acb40-737a-11e7-aab6-5bbd2ded9f8b","userid":"1","clienttime":1501260285248,"after":6741}}
{"time":1501259767128,"datetime":"2017-07-28T16:36:07.128Z","level":4,"component":"loguse:1","event":"loguse.client.hidden","info":{"clientid":"3d8acb40-737a-11e7-aab6-5bbd2ded9f8b","userid":"1","clienttime":1501260287771,"after":2523}}
{"time":1501259767709,"datetime":"2017-07-28T16:36:07.709Z","level":4,"component":"loguse","event":"loguse.client.add","info":{"clientid":"3d8acb40-737a-11e7-aab6-5bbd2ded9f8b","userid":"1"}}
{"time":1501259767716,"datetime":"2017-07-28T16:36:07.716Z","level":4,"component":"loguse:1","event":"loguse.client.visible","info":{"clientid":"3d8acb40-737a-11e7-aab6-5bbd2ded9f8b","userid":"1","clienttime":1501260288313}}
{"time":1501259767716,"datetime":"2017-07-28T16:36:07.716Z","level":4,"component":"loguse:1","event":"loguse.client.view","info":{"userid":"1","clienttime":1501260288314,"path":"/","info":{}}}
{"time":1501259769792,"datetime":"2017-07-28T16:36:09.792Z","level":4,"component":"loguse:1","event":"loguse.client.view","info":{"userid":"1","clienttime":1501260290436,"path":"/performance/","info":{}}}
{"time":1501259771942,"datetime":"2017-07-28T16:36:11.942Z","level":4,"component":"loguse:1","event":"loguse.client.view","info":{"userid":"1","clienttime":1501260292584,"path":"/","info":{}}}
{"time":1501259773700,"datetime":"2017-07-28T16:36:13.700Z","level":4,"component":"loguse:1","event":"loguse.client.hidden","info":{"clientid":"3d8acb40-737a-11e7-aab6-5bbd2ded9f8b","userid":"1","clienttime":1501260294341,"after":6028}}
{"time":1501259782380,"datetime":"2017-07-28T16:36:22.380Z","level":4,"component":"loguse:1","event":"loguse.client.visible","info":{"clientid":"3d8acb40-737a-11e7-aab6-5bbd2ded9f8b","userid":"1","clienttime":1501260303016,"after":8675}}
{"time":1501259784538,"datetime":"2017-07-28T16:36:24.538Z","level":4,"component":"loguse:1","event":"loguse.client.hidden","info":{"clientid":"3d8acb40-737a-11e7-aab6-5bbd2ded9f8b","userid":"1","clienttime":1501260305173,"after":2157}}
{"time":1501259785106,"datetime":"2017-07-28T16:36:25.106Z","level":4,"component":"loguse","event":"loguse.client.add","info":{"clientid":"3d8acb40-737a-11e7-aab6-5bbd2ded9f8b","userid":"1"}}
{"time":1501259785115,"datetime":"2017-07-28T16:36:25.115Z","level":4,"component":"loguse:1","event":"loguse.client.visible","info":{"clientid":"3d8acb40-737a-11e7-aab6-5bbd2ded9f8b","userid":"1","clienttime":1501260305699}}
{"time":1501259785115,"datetime":"2017-07-28T16:36:25.115Z","level":4,"component":"loguse:1","event":"loguse.client.view","info":{"userid":"1","clienttime":1501260305700,"path":"/","info":{}}}
{"time":1501259786148,"datetime":"2017-07-28T16:36:26.148Z","level":4,"component":"loguse:1","event":"loguse.client.view","info":{"userid":"1","clienttime":1501260306783,"path":"/performance/","info":{}}}
{"time":1501259788221,"datetime":"2017-07-28T16:36:28.221Z","level":4,"component":"loguse:1","event":"loguse.client.view","info":{"userid":"1","clienttime":1501260308855,"path":"/","info":{}}}
{"time":1501259790654,"datetime":"2017-07-28T16:36:30.654Z","level":4,"component":"loguse:1","event":"loguse.client.view","info":{"userid":"1","clienttime":1501260311287,"path":"/performance/","info":{}}}
{"time":1501259792004,"datetime":"2017-07-28T16:36:32.004Z","level":4,"component":"loguse:1","event":"loguse.client.view","info":{"userid":"1","clienttime":1501260312636,"path":"/","info":{}}}
{"time":1501259794382,"datetime":"2017-07-28T16:36:34.382Z","level":4,"component":"loguse:1","event":"loguse.client.hidden","info":{"clientid":"3d8acb40-737a-11e7-aab6-5bbd2ded9f8b","userid":"1","clienttime":1501260315013,"after":9314}}
{"time":1501259819090,"datetime":"2017-07-28T16:36:59.090Z","level":4,"component":"loguse:1","event":"loguse.client.visible","info":{"clientid":"3d8acb40-737a-11e7-aab6-5bbd2ded9f8b","userid":"1","clienttime":1501260339708,"after":24695}}
{"time":1501259820807,"datetime":"2017-07-28T16:37:00.807Z","level":4,"component":"loguse:1","event":"loguse.client.hidden","info":{"clientid":"3d8acb40-737a-11e7-aab6-5bbd2ded9f8b","userid":"1","clienttime":1501260341425,"after":1717}}
{"time":1501259821395,"datetime":"2017-07-28T16:37:01.395Z","level":4,"component":"loguse","event":"loguse.client.add","info":{"clientid":"3d8acb40-737a-11e7-aab6-5bbd2ded9f8b","userid":"1"}}
{"time":1501259821401,"datetime":"2017-07-28T16:37:01.401Z","level":4,"component":"loguse:1","event":"loguse.client.visible","info":{"clientid":"3d8acb40-737a-11e7-aab6-5bbd2ded9f8b","userid":"1","clienttime":1501260341978}}
{"time":1501259821402,"datetime":"2017-07-28T16:37:01.402Z","level":4,"component":"loguse:1","event":"loguse.client.view","info":{"userid":"1","clienttime":1501260341978,"path":"/","info":{}}}
{"time":1501259822034,"datetime":"2017-07-28T16:37:02.034Z","level":4,"component":"loguse:1","event":"loguse.client.view","info":{"userid":"1","clienttime":1501260342651,"path":"/content/What can see and hear","info":{}}}
{"time":1501259823156,"datetime":"2017-07-28T16:37:03.156Z","level":4,"component":"loguse:1","event":"loguse.client.view","info":{"userid":"1","clienttime":1501260343772,"path":"/","info":{}}}
{"time":1501259824756,"datetime":"2017-07-28T16:37:04.756Z","level":4,"component":"loguse:1","event":"loguse.client.view","info":{"userid":"1","clienttime":1501260345372,"path":"/content/Programme Note","info":{}}}
{"time":1501259827920,"datetime":"2017-07-28T16:37:07.920Z","level":4,"component":"loguse:1","event":"loguse.client.hidden","info":{"clientid":"3d8acb40-737a-11e7-aab6-5bbd2ded9f8b","userid":"1","clienttime":1501260348535,"after":6557}}
{"time":1501259845705,"datetime":"2017-07-28T16:37:25.705Z","level":4,"component":"loguse:1","event":"loguse.client.visible","info":{"clientid":"3d8acb40-737a-11e7-aab6-5bbd2ded9f8b","userid":"1","clienttime":1501260366310,"after":17775}}
{"time":1501259847932,"datetime":"2017-07-28T16:37:27.932Z","level":4,"component":"loguse:1","event":"loguse.client.view","info":{"userid":"1","clienttime":1501260368536,"path":"/","info":{}}}
{"time":1501259854395,"datetime":"2017-07-28T16:37:34.395Z","level":4,"component":"loguse:1","event":"loguse.client.hidden","info":{"clientid":"3d8acb40-737a-11e7-aab6-5bbd2ded9f8b","userid":"1","clienttime":1501260374996,"after":8686}}
{"time":1501259855003,"datetime":"2017-07-28T16:37:35.003Z","level":4,"component":"loguse","event":"loguse.client.add","info":{"clientid":"3d8acb40-737a-11e7-aab6-5bbd2ded9f8b","userid":"1"}}
{"time":1501259855010,"datetime":"2017-07-28T16:37:35.010Z","level":4,"component":"loguse:1","event":"loguse.client.visible","info":{"clientid":"3d8acb40-737a-11e7-aab6-5bbd2ded9f8b","userid":"1","clienttime":1501260375564}}
{"time":1501259855011,"datetime":"2017-07-28T16:37:35.011Z","level":4,"component":"loguse:1","event":"loguse.client.view","info":{"userid":"1","clienttime":1501260375564,"path":"/","info":{}}}
{"time":1501259856714,"datetime":"2017-07-28T16:37:36.714Z","level":4,"component":"loguse:1","event":"loguse.client.view","info":{"userid":"1","clienttime":1501260377314,"path":"/content/Programme Note","info":{}}}
{"time":1501259859907,"datetime":"2017-07-28T16:37:39.907Z","level":4,"component":"loguse:1","event":"loguse.client.hidden","info":{"clientid":"3d8acb40-737a-11e7-aab6-5bbd2ded9f8b","userid":"1","clienttime":1501260380505,"after":4941}}
{"time":1501259906963,"datetime":"2017-07-28T16:38:26.963Z","level":4,"component":"loguse:1","event":"loguse.client.visible","info":{"clientid":"3d8acb40-737a-11e7-aab6-5bbd2ded9f8b","userid":"1","clienttime":1501260427537,"after":47032}}
{"time":1501259909624,"datetime":"2017-07-28T16:38:29.624Z","level":4,"component":"loguse:1","event":"loguse.client.view","info":{"userid":"1","clienttime":1501260430198,"path":"/","info":{}}}
{"time":1501259911722,"datetime":"2017-07-28T16:38:31.722Z","level":4,"component":"loguse:1","event":"loguse.client.hidden","info":{"clientid":"3d8acb40-737a-11e7-aab6-5bbd2ded9f8b","userid":"1","clienttime":1501260432294,"after":4757}}
{"time":1501259912295,"datetime":"2017-07-28T16:38:32.295Z","level":4,"component":"loguse","event":"loguse.client.add","info":{"clientid":"3d8acb40-737a-11e7-aab6-5bbd2ded9f8b","userid":"1"}}
{"time":1501259912301,"datetime":"2017-07-28T16:38:32.301Z","level":4,"component":"loguse:1","event":"loguse.client.visible","info":{"clientid":"3d8acb40-737a-11e7-aab6-5bbd2ded9f8b","userid":"1","clienttime":1501260432823}}
{"time":1501259912301,"datetime":"2017-07-28T16:38:32.301Z","level":4,"component":"loguse:1","event":"loguse.client.view","info":{"userid":"1","clienttime":1501260432823,"path":"/","info":{}}}
{"time":1501259913870,"datetime":"2017-07-28T16:38:33.870Z","level":4,"component":"loguse:1","event":"loguse.client.view","info":{"userid":"1","clienttime":1501260434440,"path":"/content/Programme Note","info":{}}}
{"time":1501259918224,"datetime":"2017-07-28T16:38:38.224Z","level":4,"component":"loguse:1","event":"loguse.client.view","info":{"userid":"1","clienttime":1501260438793,"path":"/","info":{}}}
{"time":1501259919274,"datetime":"2017-07-28T16:38:39.274Z","level":4,"component":"loguse:1","event":"loguse.client.view","info":{"userid":"1","clienttime":1501260439843,"path":"/content/What can see and hear","info":{}}}
{"time":1501259921223,"datetime":"2017-07-28T16:38:41.223Z","level":4,"component":"loguse:1","event":"loguse.client.view","info":{"userid":"1","clienttime":1501260441790,"path":"/","info":{}}}
{"time":1501259922177,"datetime":"2017-07-28T16:38:42.177Z","level":4,"component":"loguse:1","event":"loguse.client.view","info":{"userid":"1","clienttime":1501260442744,"path":"/content/How it works","info":{}}}
{"time":1501259923257,"datetime":"2017-07-28T16:38:43.257Z","level":4,"component":"loguse:1","event":"loguse.client.view","info":{"userid":"1","clienttime":1501260443823,"path":"/","info":{}}}
{"time":1501259924006,"datetime":"2017-07-28T16:38:44.006Z","level":4,"component":"loguse:1","event":"loguse.client.view","info":{"userid":"1","clienttime":1501260444571,"path":"/content/Archive","info":{}}}
{"time":1501259925227,"datetime":"2017-07-28T16:38:45.227Z","level":4,"component":"loguse:1","event":"loguse.client.view","info":{"userid":"1","clienttime":1501260445792,"path":"/","info":{}}}
{"time":1501259925890,"datetime":"2017-07-28T16:38:45.890Z","level":4,"component":"loguse:1","event":"loguse.client.view","info":{"userid":"1","clienttime":1501260446455,"path":"/performance/","info":{}}}
{"time":1501259927613,"datetime":"2017-07-28T16:38:47.613Z","level":4,"component":"loguse:1","event":"loguse.client.view","info":{"userid":"1","clienttime":1501260448178,"path":"/","info":{}}}
{"time":1501259938241,"datetime":"2017-07-28T16:38:58.241Z","level":4,"component":"loguse:1","event":"loguse.client.view","info":{"userid":"1","clienttime":1501260458800,"path":"/content/Programme Note","info":{}}}
{"time":1501259940158,"datetime":"2017-07-28T16:39:00.158Z","level":4,"component":"loguse:1","event":"loguse.client.view","info":{"userid":"1","clienttime":1501260460716,"path":"/","info":{}}}
{"time":1501259941262,"datetime":"2017-07-28T16:39:01.262Z","level":4,"component":"loguse:1","event":"loguse.client.hidden","info":{"clientid":"3d8acb40-737a-11e7-aab6-5bbd2ded9f8b","userid":"1","clienttime":1501260461819,"after":28996}}
{"time":1501260134433,"datetime":"2017-07-28T16:42:14.433Z","level":4,"component":"loguse:1","event":"loguse.client.visible","info":{"clientid":"3d8acb40-737a-11e7-aab6-5bbd2ded9f8b","userid":"1","clienttime":1501260654893,"after":193074}}
{"time":1501260135703,"datetime":"2017-07-28T16:42:15.703Z","level":4,"component":"loguse:1","event":"loguse.client.hidden","info":{"clientid":"3d8acb40-737a-11e7-aab6-5bbd2ded9f8b","userid":"1","clienttime":1501260656162,"after":1269}}
{"time":1501260136286,"datetime":"2017-07-28T16:42:16.286Z","level":4,"component":"loguse","event":"loguse.client.add","info":{"clientid":"3d8acb40-737a-11e7-aab6-5bbd2ded9f8b","userid":"1"}}
{"time":1501260136292,"datetime":"2017-07-28T16:42:16.292Z","level":4,"component":"loguse:1","event":"loguse.client.visible","info":{"clientid":"3d8acb40-737a-11e7-aab6-5bbd2ded9f8b","userid":"1","clienttime":1501260656702}}
{"time":1501260136293,"datetime":"2017-07-28T16:42:16.293Z","level":4,"component":"loguse:1","event":"loguse.client.view","info":{"userid":"1","clienttime":1501260656703,"path":"/","info":{}}}
{"time":1501260136915,"datetime":"2017-07-28T16:42:16.915Z","level":4,"component":"loguse:1","event":"loguse.client.view","info":{"userid":"1","clienttime":1501260657374,"path":"/content/Performer","info":{}}}
{"time":1501260138610,"datetime":"2017-07-28T16:42:18.610Z","level":4,"component":"loguse:1","event":"loguse.client.view","info":{"userid":"1","clienttime":1501260659066,"path":"/","info":{}}}
{"time":1501260139234,"datetime":"2017-07-28T16:42:19.234Z","level":4,"component":"loguse:1","event":"loguse.client.view","info":{"userid":"1","clienttime":1501260659692,"path":"/content/Archive","info":{}}}
{"time":1501260139981,"datetime":"2017-07-28T16:42:19.981Z","level":4,"component":"loguse:1","event":"loguse.client.view","info":{"userid":"1","clienttime":1501260660438,"path":"/","info":{}}}
{"time":1501260140365,"datetime":"2017-07-28T16:42:20.365Z","level":4,"component":"loguse:1","event":"loguse.client.view","info":{"userid":"1","clienttime":1501260660822,"path":"/content/Research","info":{}}}
{"time":1501260141069,"datetime":"2017-07-28T16:42:21.069Z","level":4,"component":"loguse:1","event":"loguse.client.view","info":{"userid":"1","clienttime":1501260661524,"path":"/","info":{}}}
{"time":1501260142200,"datetime":"2017-07-28T16:42:22.200Z","level":4,"component":"loguse:1","event":"loguse.client.view","info":{"userid":"1","clienttime":1501260662655,"path":"/content/How it works","info":{}}}
{"time":1501260142896,"datetime":"2017-07-28T16:42:22.896Z","level":4,"component":"loguse:1","event":"loguse.client.view","info":{"userid":"1","clienttime":1501260663352,"path":"/","info":{}}}
{"time":1501260143793,"datetime":"2017-07-28T16:42:23.793Z","level":4,"component":"loguse:1","event":"loguse.client.view","info":{"userid":"1","clienttime":1501260664247,"path":"/content/Programme Note","info":{}}}
{"time":1501260144876,"datetime":"2017-07-28T16:42:24.876Z","level":4,"component":"loguse:1","event":"loguse.client.view","info":{"userid":"1","clienttime":1501260665331,"path":"/","info":{}}}
{"time":1501260145427,"datetime":"2017-07-28T16:42:25.427Z","level":4,"component":"loguse:1","event":"loguse.client.view","info":{"userid":"1","clienttime":1501260665882,"path":"/performance/","info":{}}}
{"time":1501260146557,"datetime":"2017-07-28T16:42:26.557Z","level":4,"component":"loguse:1","event":"loguse.client.view","info":{"userid":"1","clienttime":1501260667010,"path":"/","info":{}}}
{"time":1501260147651,"datetime":"2017-07-28T16:42:27.651Z","level":4,"component":"loguse:1","event":"loguse.client.hidden","info":{"clientid":"3d8acb40-737a-11e7-aab6-5bbd2ded9f8b","userid":"1","clienttime":1501260668103,"after":11401}}
