{"time":1501719100805,"datetime":"2017-08-03T00:11:40.805Z","level":4,"component":"server","event":"log.start","info":{"logVersion":"1.0","application":"muzivisual","installId":"f3871b60-73a7-11e7-875f-470acdd35ec5"}}
{"time":1501719100835,"datetime":"2017-08-03T00:11:40.835Z","level":4,"component":"server","event":"http.listen","info":{"port":8000}}
{"time":1501719100920,"datetime":"2017-08-03T00:11:40.920Z","level":4,"component":"server","event":"git.commit","info":"696f43f18a563941e0402ad2c26e22d2818bc341"}
{"time":1501719113587,"datetime":"2017-08-03T00:11:53.587Z","level":4,"component":"loguse:null","event":"loguse.client.hidden","info":{"clientid":"3d8acb40-737a-11e7-aab6-5bbd2ded9f8b","userid":null,"clienttime":1501719113474,"after":18605}}
{"time":1501719114802,"datetime":"2017-08-03T00:11:54.802Z","level":4,"component":"loguse","event":"loguse.client.add","info":{"clientid":"3d8acb40-737a-11e7-aab6-5bbd2ded9f8b","userid":1}}
{"time":1501719114841,"datetime":"2017-08-03T00:11:54.841Z","level":4,"component":"loguse:1","event":"loguse.client.visible","info":{"clientid":"3d8acb40-737a-11e7-aab6-5bbd2ded9f8b","userid":1,"clienttime":1501719114381}}
{"time":1501719114847,"datetime":"2017-08-03T00:11:54.847Z","level":4,"component":"loguse:1","event":"loguse.client.view","info":{"userid":1,"clienttime":1501719114382,"path":"/performance/","info":{}}}
{"time":1501719120948,"datetime":"2017-08-03T00:12:00.948Z","level":4,"component":"loguse:1","event":"loguse.client.hidden","info":{"clientid":"3d8acb40-737a-11e7-aab6-5bbd2ded9f8b","userid":1,"clienttime":1501719120835,"after":6454}}
{"time":1501719153771,"datetime":"2017-08-03T00:12:33.771Z","level":4,"component":"loguse:1","event":"loguse.client.visible","info":{"clientid":"3d8acb40-737a-11e7-aab6-5bbd2ded9f8b","userid":1,"clienttime":1501719153646,"after":32811}}
{"time":1501719155158,"datetime":"2017-08-03T00:12:35.158Z","level":4,"component":"loguse:1","event":"loguse.client.hidden","info":{"clientid":"3d8acb40-737a-11e7-aab6-5bbd2ded9f8b","userid":1,"clienttime":1501719155045,"after":1399}}
{"time":1501719424363,"datetime":"2017-08-03T00:17:04.363Z","level":4,"component":"loguse:1","event":"loguse.client.visible","info":{"clientid":"3d8acb40-737a-11e7-aab6-5bbd2ded9f8b","userid":1,"clienttime":1501719424248,"after":269203}}
{"time":1501719425043,"datetime":"2017-08-03T00:17:05.043Z","level":4,"component":"loguse:1","event":"loguse.client.hidden","info":{"clientid":"3d8acb40-737a-11e7-aab6-5bbd2ded9f8b","userid":1,"clienttime":1501719424930,"after":682}}
{"time":1501719426134,"datetime":"2017-08-03T00:17:06.134Z","level":4,"component":"loguse","event":"loguse.client.add","info":{"clientid":"3d8acb40-737a-11e7-aab6-5bbd2ded9f8b","userid":"1"}}
{"time":1501719426167,"datetime":"2017-08-03T00:17:06.167Z","level":4,"component":"loguse:1","event":"loguse.client.visible","info":{"clientid":"3d8acb40-737a-11e7-aab6-5bbd2ded9f8b","userid":"1","clienttime":1501719425732}}
{"time":1501719426169,"datetime":"2017-08-03T00:17:06.169Z","level":4,"component":"loguse:1","event":"loguse.client.view","info":{"userid":"1","clienttime":1501719425734,"path":"/performance/","info":{}}}
{"time":1501719441883,"datetime":"2017-08-03T00:17:21.883Z","level":4,"component":"loguse:1","event":"loguse.client.hidden","info":{"clientid":"3d8acb40-737a-11e7-aab6-5bbd2ded9f8b","userid":"1","clienttime":1501719441769,"after":16037}}
{"time":1501719453179,"datetime":"2017-08-03T00:17:33.179Z","level":4,"component":"loguse:1","event":"loguse.client.visible","info":{"clientid":"3d8acb40-737a-11e7-aab6-5bbd2ded9f8b","userid":"1","clienttime":1501719453066,"after":11297}}
{"time":1501719461113,"datetime":"2017-08-03T00:17:41.113Z","level":4,"component":"loguse:1","event":"loguse.client.hidden","info":{"clientid":"3d8acb40-737a-11e7-aab6-5bbd2ded9f8b","userid":"1","clienttime":1501719461000,"after":7934}}
{"time":1501719462305,"datetime":"2017-08-03T00:17:42.305Z","level":4,"component":"loguse","event":"loguse.client.add","info":{"clientid":"3d8acb40-737a-11e7-aab6-5bbd2ded9f8b","userid":"1"}}
{"time":1501719462335,"datetime":"2017-08-03T00:17:42.335Z","level":4,"component":"loguse:1","event":"loguse.client.visible","info":{"clientid":"3d8acb40-737a-11e7-aab6-5bbd2ded9f8b","userid":"1","clienttime":1501719461861}}
{"time":1501719462335,"datetime":"2017-08-03T00:17:42.335Z","level":4,"component":"loguse:1","event":"loguse.client.view","info":{"userid":"1","clienttime":1501719461862,"path":"/performance/","info":{}}}
