{"time":1501719596566,"datetime":"2017-08-03T00:19:56.566Z","level":4,"component":"server","event":"log.start","info":{"logVersion":"1.0","application":"muzivisual","installId":"f3871b60-73a7-11e7-875f-470acdd35ec5"}}
{"time":1501719596601,"datetime":"2017-08-03T00:19:56.601Z","level":4,"component":"server","event":"http.listen","info":{"port":8000}}
{"time":1501719596687,"datetime":"2017-08-03T00:19:56.687Z","level":4,"component":"server","event":"git.commit","info":"696f43f18a563941e0402ad2c26e22d2818bc341"}
{"time":1501719599997,"datetime":"2017-08-03T00:19:59.997Z","level":4,"component":"loguse","event":"loguse.client.add","info":{"clientid":"3d8acb40-737a-11e7-aab6-5bbd2ded9f8b","userid":1}}
{"time":1501719600019,"datetime":"2017-08-03T00:20:00.019Z","level":4,"component":"loguse:1","event":"loguse.client.visible","info":{"clientid":"3d8acb40-737a-11e7-aab6-5bbd2ded9f8b","userid":1,"clienttime":1501719599568}}
{"time":1501719600020,"datetime":"2017-08-03T00:20:00.020Z","level":4,"component":"loguse:1","event":"loguse.client.view","info":{"userid":1,"clienttime":1501719599572,"path":"/performance/","info":{}}}
{"time":1501719799890,"datetime":"2017-08-03T00:23:19.890Z","level":4,"component":"loguse:1","event":"loguse.client.hidden","info":{"clientid":"3d8acb40-737a-11e7-aab6-5bbd2ded9f8b","userid":1,"clienttime":1501719799774,"after":200206}}
{"time":1501719801229,"datetime":"2017-08-03T00:23:21.229Z","level":4,"component":"loguse","event":"loguse.client.add","info":{"clientid":"3d8acb40-737a-11e7-aab6-5bbd2ded9f8b","userid":"1"}}
{"time":1501719801261,"datetime":"2017-08-03T00:23:21.261Z","level":4,"component":"loguse:1","event":"loguse.client.visible","info":{"clientid":"3d8acb40-737a-11e7-aab6-5bbd2ded9f8b","userid":"1","clienttime":1501719800698}}
{"time":1501719801262,"datetime":"2017-08-03T00:23:21.262Z","level":4,"component":"loguse:1","event":"loguse.client.view","info":{"userid":"1","clienttime":1501719800700,"path":"/performance/","info":{}}}
{"time":1501719810512,"datetime":"2017-08-03T00:23:30.512Z","level":4,"component":"loguse:1","event":"loguse.client.hidden","info":{"clientid":"3d8acb40-737a-11e7-aab6-5bbd2ded9f8b","userid":"1","clienttime":1501719810396,"after":9698}}
{"time":1501719821492,"datetime":"2017-08-03T00:23:41.492Z","level":4,"component":"loguse:1","event":"loguse.client.visible","info":{"clientid":"3d8acb40-737a-11e7-aab6-5bbd2ded9f8b","userid":"1","clienttime":1501719821376,"after":10980}}
{"time":1501720655065,"datetime":"2017-08-03T00:37:35.065Z","level":4,"component":"loguse:1","event":"loguse.client.hidden","info":{"clientid":"3d8acb40-737a-11e7-aab6-5bbd2ded9f8b","userid":"1","clienttime":1501720654943,"after":833567}}
{"time":1501751877770,"datetime":"2017-08-03T09:17:57.770Z","level":4,"component":"loguse:1","event":"loguse.client.visible","info":{"clientid":"3d8acb40-737a-11e7-aab6-5bbd2ded9f8b","userid":"1","clienttime":1501751877711,"after":31222768}}
{"time":1501751878798,"datetime":"2017-08-03T09:17:58.798Z","level":4,"component":"loguse:1","event":"loguse.client.hidden","info":{"clientid":"3d8acb40-737a-11e7-aab6-5bbd2ded9f8b","userid":"1","clienttime":1501751878741,"after":1030}}
{"time":1501751880067,"datetime":"2017-08-03T09:18:00.067Z","level":4,"component":"loguse","event":"loguse.client.add","info":{"clientid":"3d8acb40-737a-11e7-aab6-5bbd2ded9f8b","userid":"1"}}
{"time":1501751880113,"datetime":"2017-08-03T09:18:00.113Z","level":4,"component":"loguse:1","event":"loguse.client.visible","info":{"clientid":"3d8acb40-737a-11e7-aab6-5bbd2ded9f8b","userid":"1","clienttime":1501751879686}}
{"time":1501751880113,"datetime":"2017-08-03T09:18:00.113Z","level":4,"component":"loguse:1","event":"loguse.client.view","info":{"userid":"1","clienttime":1501751879687,"path":"/performance/","info":{}}}
{"time":1501751886044,"datetime":"2017-08-03T09:18:06.044Z","level":4,"component":"loguse:1","event":"loguse.client.hidden","info":{"clientid":"3d8acb40-737a-11e7-aab6-5bbd2ded9f8b","userid":"1","clienttime":1501751885985,"after":6299}}
{"time":1501751896086,"datetime":"2017-08-03T09:18:16.086Z","level":4,"component":"loguse:1","event":"loguse.client.visible","info":{"clientid":"3d8acb40-737a-11e7-aab6-5bbd2ded9f8b","userid":"1","clienttime":1501751896028,"after":10043}}
{"time":1501751900695,"datetime":"2017-08-03T09:18:20.695Z","level":4,"component":"loguse:1","event":"loguse.client.hidden","info":{"clientid":"3d8acb40-737a-11e7-aab6-5bbd2ded9f8b","userid":"1","clienttime":1501751900637,"after":4609}}
{"time":1501751902702,"datetime":"2017-08-03T09:18:22.702Z","level":4,"component":"loguse:1","event":"loguse.client.visible","info":{"clientid":"3d8acb40-737a-11e7-aab6-5bbd2ded9f8b","userid":"1","clienttime":1501751902644,"after":2007}}
{"time":1501751904181,"datetime":"2017-08-03T09:18:24.181Z","level":4,"component":"loguse:1","event":"loguse.client.hidden","info":{"clientid":"3d8acb40-737a-11e7-aab6-5bbd2ded9f8b","userid":"1","clienttime":1501751904122,"after":1478}}
{"time":1501751993203,"datetime":"2017-08-03T09:19:53.203Z","level":4,"component":"loguse:1","event":"loguse.client.visible","info":{"clientid":"3d8acb40-737a-11e7-aab6-5bbd2ded9f8b","userid":"1","clienttime":1501751993145,"after":89023}}
{"time":1501751994606,"datetime":"2017-08-03T09:19:54.606Z","level":4,"component":"loguse:1","event":"loguse.client.hidden","info":{"clientid":"3d8acb40-737a-11e7-aab6-5bbd2ded9f8b","userid":"1","clienttime":1501751994549,"after":1404}}
{"time":1501751995760,"datetime":"2017-08-03T09:19:55.760Z","level":4,"component":"loguse","event":"loguse.client.add","info":{"clientid":"3d8acb40-737a-11e7-aab6-5bbd2ded9f8b","userid":"1"}}
{"time":1501751995799,"datetime":"2017-08-03T09:19:55.799Z","level":4,"component":"loguse:1","event":"loguse.client.visible","info":{"clientid":"3d8acb40-737a-11e7-aab6-5bbd2ded9f8b","userid":"1","clienttime":1501751995400}}
{"time":1501751995799,"datetime":"2017-08-03T09:19:55.799Z","level":4,"component":"loguse:1","event":"loguse.client.view","info":{"userid":"1","clienttime":1501751995402,"path":"/performance/","info":{}}}
{"time":1501752003733,"datetime":"2017-08-03T09:20:03.733Z","level":4,"component":"loguse:1","event":"loguse.client.hidden","info":{"clientid":"3d8acb40-737a-11e7-aab6-5bbd2ded9f8b","userid":"1","clienttime":1501752003675,"after":8275}}
{"time":1501752046180,"datetime":"2017-08-03T09:20:46.180Z","level":4,"component":"loguse:1","event":"loguse.client.visible","info":{"clientid":"3d8acb40-737a-11e7-aab6-5bbd2ded9f8b","userid":"1","clienttime":1501752046122,"after":42447}}
{"time":1501752048523,"datetime":"2017-08-03T09:20:48.523Z","level":4,"component":"loguse:1","event":"loguse.client.hidden","info":{"clientid":"3d8acb40-737a-11e7-aab6-5bbd2ded9f8b","userid":"1","clienttime":1501752048464,"after":2342}}
{"time":1501752170270,"datetime":"2017-08-03T09:22:50.270Z","level":4,"component":"loguse:1","event":"loguse.client.visible","info":{"clientid":"3d8acb40-737a-11e7-aab6-5bbd2ded9f8b","userid":"1","clienttime":1501752170211,"after":121747}}
