{"time":1501816855428,"datetime":"2017-08-04T03:20:55.428Z","level":4,"component":"server","event":"log.start","info":{"logVersion":"1.0","application":"muzivisual","installId":"f3871b60-73a7-11e7-875f-470acdd35ec5"}}
{"time":1501816855444,"datetime":"2017-08-04T03:20:55.444Z","level":4,"component":"server","event":"http.listen","info":{"port":8000}}
{"time":1501816855525,"datetime":"2017-08-04T03:20:55.525Z","level":4,"component":"server","event":"git.commit","info":"44a2cdbe84e0332f8b61a1bbf95d4d7b394c42da"}
{"time":1501816894732,"datetime":"2017-08-04T03:21:34.732Z","level":4,"component":"loguse","event":"loguse.client.add","info":{"clientid":"3d8acb40-737a-11e7-aab6-5bbd2ded9f8b","userid":1}}
{"time":1501816894734,"datetime":"2017-08-04T03:21:34.734Z","level":4,"component":"loguse:1","event":"loguse.client.visible","info":{"clientid":"3d8acb40-737a-11e7-aab6-5bbd2ded9f8b","userid":1,"clienttime":1501816893891}}
{"time":1501816894734,"datetime":"2017-08-04T03:21:34.734Z","level":4,"component":"loguse:1","event":"loguse.client.view","info":{"userid":1,"clienttime":1501816893892,"path":"/","info":{}}}
{"time":1501816897416,"datetime":"2017-08-04T03:21:37.416Z","level":4,"component":"loguse:1","event":"loguse.client.view","info":{"userid":1,"clienttime":1501816898676,"path":"/","info":{}}}
{"time":1501816923866,"datetime":"2017-08-04T03:22:03.866Z","level":4,"component":"loguse:1","event":"loguse.client.hidden","info":{"clientid":"3d8acb40-737a-11e7-aab6-5bbd2ded9f8b","userid":1,"clienttime":1501816925113,"after":31222}}
{"time":1501816924598,"datetime":"2017-08-04T03:22:04.598Z","level":4,"component":"loguse:1","event":"loguse.client.visible","info":{"clientid":"3d8acb40-737a-11e7-aab6-5bbd2ded9f8b","userid":1,"clienttime":1501816925843,"after":730}}
{"time":1501816925996,"datetime":"2017-08-04T03:22:05.996Z","level":4,"component":"loguse:1","event":"loguse.client.hidden","info":{"clientid":"3d8acb40-737a-11e7-aab6-5bbd2ded9f8b","userid":1,"clienttime":1501816927242,"after":1399}}
{"time":1501816928981,"datetime":"2017-08-04T03:22:08.981Z","level":4,"component":"loguse:1","event":"loguse.client.visible","info":{"clientid":"3d8acb40-737a-11e7-aab6-5bbd2ded9f8b","userid":1,"clienttime":1501816930226,"after":2984}}
{"time":1501816933590,"datetime":"2017-08-04T03:22:13.590Z","level":4,"component":"loguse:1","event":"loguse.client.hidden","info":{"clientid":"3d8acb40-737a-11e7-aab6-5bbd2ded9f8b","userid":1,"clienttime":1501816934832,"after":4606}}
{"time":1501816963058,"datetime":"2017-08-04T03:22:43.058Z","level":4,"component":"loguse:1","event":"loguse.client.visible","info":{"clientid":"3d8acb40-737a-11e7-aab6-5bbd2ded9f8b","userid":1,"clienttime":1501816964285,"after":29453}}
{"time":1501816980759,"datetime":"2017-08-04T03:23:00.759Z","level":4,"component":"loguse:1","event":"loguse.client.hidden","info":{"clientid":"3d8acb40-737a-11e7-aab6-5bbd2ded9f8b","userid":1,"clienttime":1501816981978,"after":17693}}
{"time":1501816995817,"datetime":"2017-08-04T03:23:15.817Z","level":4,"component":"loguse","event":"loguse.client.add","info":{"clientid":"3d8acb40-737a-11e7-aab6-5bbd2ded9f8b","userid":"1"}}
{"time":1501816995824,"datetime":"2017-08-04T03:23:15.824Z","level":4,"component":"loguse:1","event":"loguse.client.visible","info":{"clientid":"3d8acb40-737a-11e7-aab6-5bbd2ded9f8b","userid":"1","clienttime":1501816996986}}
{"time":1501816995825,"datetime":"2017-08-04T03:23:15.825Z","level":4,"component":"loguse:1","event":"loguse.client.view","info":{"userid":"1","clienttime":1501816996986,"path":"/","info":{}}}
{"time":1501817005901,"datetime":"2017-08-04T03:23:25.901Z","level":4,"component":"loguse","event":"loguse.client.add","info":{"clientid":"3d8acb40-737a-11e7-aab6-5bbd2ded9f8b","userid":"1"}}
{"time":1501817005906,"datetime":"2017-08-04T03:23:25.906Z","level":4,"component":"loguse:1","event":"loguse.client.visible","info":{"clientid":"3d8acb40-737a-11e7-aab6-5bbd2ded9f8b","userid":"1","clienttime":1501817007067}}
{"time":1501817005906,"datetime":"2017-08-04T03:23:25.906Z","level":4,"component":"loguse:1","event":"loguse.client.view","info":{"userid":"1","clienttime":1501817007067,"path":"/","info":{}}}
{"time":1501817013156,"datetime":"2017-08-04T03:23:33.156Z","level":4,"component":"loguse:1","event":"loguse.client.view","info":{"userid":"1","clienttime":1501817014359,"path":"/performance/","info":{}}}
{"time":1501817031627,"datetime":"2017-08-04T03:23:51.627Z","level":4,"component":"loguse:1","event":"loguse.client.view","info":{"userid":"1","clienttime":1501817032820,"path":"/","info":{}}}
{"time":1501817032882,"datetime":"2017-08-04T03:23:52.882Z","level":4,"component":"loguse:1","event":"loguse.client.view","info":{"userid":"1","clienttime":1501817034075,"path":"/performance/","info":{}}}
{"time":1501817034349,"datetime":"2017-08-04T03:23:54.349Z","level":4,"component":"loguse:1","event":"loguse.client.view","info":{"userid":"1","clienttime":1501817035541,"path":"/","info":{}}}
{"time":1501817036972,"datetime":"2017-08-04T03:23:56.972Z","level":4,"component":"loguse:1","event":"loguse.client.hidden","info":{"clientid":"3d8acb40-737a-11e7-aab6-5bbd2ded9f8b","userid":"1","clienttime":1501817038162,"after":31095}}
{"time":1501817040408,"datetime":"2017-08-04T03:24:00.408Z","level":4,"component":"loguse:1","event":"loguse.client.visible","info":{"clientid":"3d8acb40-737a-11e7-aab6-5bbd2ded9f8b","userid":"1","clienttime":1501817041597,"after":3435}}
{"time":1501817041767,"datetime":"2017-08-04T03:24:01.767Z","level":4,"component":"loguse:1","event":"loguse.client.hidden","info":{"clientid":"3d8acb40-737a-11e7-aab6-5bbd2ded9f8b","userid":"1","clienttime":1501817042956,"after":1359}}
{"time":1501817042342,"datetime":"2017-08-04T03:24:02.342Z","level":4,"component":"loguse","event":"loguse.client.add","info":{"clientid":"3d8acb40-737a-11e7-aab6-5bbd2ded9f8b","userid":"1"}}
{"time":1501817042349,"datetime":"2017-08-04T03:24:02.349Z","level":4,"component":"loguse:1","event":"loguse.client.visible","info":{"clientid":"3d8acb40-737a-11e7-aab6-5bbd2ded9f8b","userid":"1","clienttime":1501817043486}}
{"time":1501817042349,"datetime":"2017-08-04T03:24:02.349Z","level":4,"component":"loguse:1","event":"loguse.client.view","info":{"userid":"1","clienttime":1501817043486,"path":"/","info":{}}}
{"time":1501817043513,"datetime":"2017-08-04T03:24:03.513Z","level":4,"component":"loguse:1","event":"loguse.client.view","info":{"userid":"1","clienttime":1501817044701,"path":"/performance/","info":{}}}
{"time":1501817047070,"datetime":"2017-08-04T03:24:07.070Z","level":4,"component":"loguse:1","event":"loguse.client.view","info":{"userid":"1","clienttime":1501817048256,"path":"/performance/","info":{}}}
{"time":1501817049105,"datetime":"2017-08-04T03:24:09.105Z","level":4,"component":"loguse:1","event":"loguse.client.view","info":{"userid":"1","clienttime":1501817050289,"path":"/performance/","info":{}}}
{"time":1501817054986,"datetime":"2017-08-04T03:24:14.986Z","level":4,"component":"loguse:1","event":"loguse.client.hidden","info":{"clientid":"3d8acb40-737a-11e7-aab6-5bbd2ded9f8b","userid":"1","clienttime":1501817056167,"after":12681}}
{"time":1501817060075,"datetime":"2017-08-04T03:24:20.075Z","level":4,"component":"loguse:1","event":"loguse.client.visible","info":{"clientid":"3d8acb40-737a-11e7-aab6-5bbd2ded9f8b","userid":"1","clienttime":1501817061252,"after":5085}}
{"time":1501817062706,"datetime":"2017-08-04T03:24:22.706Z","level":4,"component":"loguse:1","event":"loguse.client.hidden","info":{"clientid":"3d8acb40-737a-11e7-aab6-5bbd2ded9f8b","userid":"1","clienttime":1501817063883,"after":2631}}
{"time":1501817081256,"datetime":"2017-08-04T03:24:41.256Z","level":4,"component":"loguse:1","event":"loguse.client.visible","info":{"clientid":"3d8acb40-737a-11e7-aab6-5bbd2ded9f8b","userid":"1","clienttime":1501817082424,"after":18541}}
{"time":1501817083336,"datetime":"2017-08-04T03:24:43.336Z","level":4,"component":"loguse:1","event":"loguse.client.hidden","info":{"clientid":"3d8acb40-737a-11e7-aab6-5bbd2ded9f8b","userid":"1","clienttime":1501817084503,"after":2079}}
{"time":1501817089862,"datetime":"2017-08-04T03:24:49.862Z","level":4,"component":"loguse:1","event":"loguse.client.visible","info":{"clientid":"3d8acb40-737a-11e7-aab6-5bbd2ded9f8b","userid":"1","clienttime":1501817091027,"after":6524}}
{"time":1501817091079,"datetime":"2017-08-04T03:24:51.079Z","level":4,"component":"loguse:1","event":"loguse.client.hidden","info":{"clientid":"3d8acb40-737a-11e7-aab6-5bbd2ded9f8b","userid":"1","clienttime":1501817092243,"after":1216}}
{"time":1501817091846,"datetime":"2017-08-04T03:24:51.846Z","level":4,"component":"loguse","event":"loguse.client.add","info":{"clientid":"3d8acb40-737a-11e7-aab6-5bbd2ded9f8b","userid":"1"}}
{"time":1501817091854,"datetime":"2017-08-04T03:24:51.854Z","level":4,"component":"loguse:1","event":"loguse.client.visible","info":{"clientid":"3d8acb40-737a-11e7-aab6-5bbd2ded9f8b","userid":"1","clienttime":1501817092783}}
{"time":1501817091855,"datetime":"2017-08-04T03:24:51.855Z","level":4,"component":"loguse:1","event":"loguse.client.view","info":{"userid":"1","clienttime":1501817092784,"path":"/performance/","info":{}}}
{"time":1501817095437,"datetime":"2017-08-04T03:24:55.437Z","level":4,"component":"loguse:1","event":"loguse.client.view","info":{"userid":"1","clienttime":1501817096598,"path":"/performance/","info":{}}}
{"time":1501817097494,"datetime":"2017-08-04T03:24:57.494Z","level":4,"component":"loguse:1","event":"loguse.client.view","info":{"userid":"1","clienttime":1501817098655,"path":"/performance/","info":{}}}
{"time":1501817104804,"datetime":"2017-08-04T03:25:04.804Z","level":4,"component":"loguse:1","event":"loguse.client.view","info":{"userid":"1","clienttime":1501817105960,"path":"/performance/","info":{}}}
{"time":1501817106078,"datetime":"2017-08-04T03:25:06.078Z","level":4,"component":"loguse:1","event":"loguse.client.view","info":{"userid":"1","clienttime":1501817107235,"path":"/performance/","info":{}}}
{"time":1501817110212,"datetime":"2017-08-04T03:25:10.212Z","level":4,"component":"loguse:1","event":"loguse.client.view","info":{"userid":"1","clienttime":1501817111366,"path":"/performance/","info":{}}}
{"time":1501817110922,"datetime":"2017-08-04T03:25:10.922Z","level":4,"component":"loguse:1","event":"loguse.client.hidden","info":{"clientid":"3d8acb40-737a-11e7-aab6-5bbd2ded9f8b","userid":"1","clienttime":1501817112075,"after":19292}}
{"time":1501817111759,"datetime":"2017-08-04T03:25:11.759Z","level":4,"component":"loguse:1","event":"loguse.client.visible","info":{"clientid":"3d8acb40-737a-11e7-aab6-5bbd2ded9f8b","userid":"1","clienttime":1501817112911,"after":836}}
{"time":1501817115044,"datetime":"2017-08-04T03:25:15.044Z","level":4,"component":"loguse:1","event":"loguse.client.hidden","info":{"clientid":"3d8acb40-737a-11e7-aab6-5bbd2ded9f8b","userid":"1","clienttime":1501817116193,"after":3282}}
{"time":1501817150516,"datetime":"2017-08-04T03:25:50.516Z","level":4,"component":"loguse:1","event":"loguse.client.visible","info":{"clientid":"3d8acb40-737a-11e7-aab6-5bbd2ded9f8b","userid":"1","clienttime":1501817151650,"after":35457}}
{"time":1501817151854,"datetime":"2017-08-04T03:25:51.854Z","level":4,"component":"loguse:1","event":"loguse.client.hidden","info":{"clientid":"3d8acb40-737a-11e7-aab6-5bbd2ded9f8b","userid":"1","clienttime":1501817152987,"after":1337}}
{"time":1501817152637,"datetime":"2017-08-04T03:25:52.637Z","level":4,"component":"loguse","event":"loguse.client.add","info":{"clientid":"3d8acb40-737a-11e7-aab6-5bbd2ded9f8b","userid":"1"}}
{"time":1501817152664,"datetime":"2017-08-04T03:25:52.664Z","level":4,"component":"loguse:1","event":"loguse.client.visible","info":{"clientid":"3d8acb40-737a-11e7-aab6-5bbd2ded9f8b","userid":"1","clienttime":1501817153535}}
{"time":1501817152665,"datetime":"2017-08-04T03:25:52.665Z","level":4,"component":"loguse:1","event":"loguse.client.view","info":{"userid":"1","clienttime":1501817153537,"path":"/performance/","info":{}}}
{"time":1501817155307,"datetime":"2017-08-04T03:25:55.307Z","level":4,"component":"loguse:1","event":"loguse.client.view","info":{"userid":"1","clienttime":1501817156438,"path":"/performance/","info":{}}}
{"time":1501817157373,"datetime":"2017-08-04T03:25:57.373Z","level":4,"component":"loguse:1","event":"loguse.client.view","info":{"userid":"1","clienttime":1501817158504,"path":"/performance/","info":{}}}
{"time":1501817158320,"datetime":"2017-08-04T03:25:58.320Z","level":4,"component":"loguse:1","event":"loguse.client.hidden","info":{"clientid":"3d8acb40-737a-11e7-aab6-5bbd2ded9f8b","userid":"1","clienttime":1501817159449,"after":5914}}
{"time":1501817159406,"datetime":"2017-08-04T03:25:59.406Z","level":4,"component":"loguse:1","event":"loguse.client.visible","info":{"clientid":"3d8acb40-737a-11e7-aab6-5bbd2ded9f8b","userid":"1","clienttime":1501817160536,"after":1087}}
{"time":1501817160354,"datetime":"2017-08-04T03:26:00.354Z","level":4,"component":"loguse:1","event":"loguse.client.hidden","info":{"clientid":"3d8acb40-737a-11e7-aab6-5bbd2ded9f8b","userid":"1","clienttime":1501817161483,"after":947}}
{"time":1501817167517,"datetime":"2017-08-04T03:26:07.517Z","level":4,"component":"loguse:1","event":"loguse.client.visible","info":{"clientid":"3d8acb40-737a-11e7-aab6-5bbd2ded9f8b","userid":"1","clienttime":1501817168642,"after":7159}}
{"time":1501817168917,"datetime":"2017-08-04T03:26:08.917Z","level":4,"component":"loguse:1","event":"loguse.client.hidden","info":{"clientid":"3d8acb40-737a-11e7-aab6-5bbd2ded9f8b","userid":"1","clienttime":1501817170042,"after":1400}}
{"time":1501817169684,"datetime":"2017-08-04T03:26:09.684Z","level":4,"component":"loguse","event":"loguse.client.add","info":{"clientid":"3d8acb40-737a-11e7-aab6-5bbd2ded9f8b","userid":"1"}}
{"time":1501817169695,"datetime":"2017-08-04T03:26:09.695Z","level":4,"component":"loguse:1","event":"loguse.client.visible","info":{"clientid":"3d8acb40-737a-11e7-aab6-5bbd2ded9f8b","userid":"1","clienttime":1501817170583}}
{"time":1501817169698,"datetime":"2017-08-04T03:26:09.698Z","level":4,"component":"loguse:1","event":"loguse.client.view","info":{"userid":"1","clienttime":1501817170584,"path":"/performance/","info":{}}}
{"time":1501817173352,"datetime":"2017-08-04T03:26:13.352Z","level":4,"component":"loguse:1","event":"loguse.client.view","info":{"userid":"1","clienttime":1501817174470,"path":"/performance/","info":{}}}
{"time":1501817174332,"datetime":"2017-08-04T03:26:14.332Z","level":4,"component":"loguse:1","event":"loguse.client.hidden","info":{"clientid":"3d8acb40-737a-11e7-aab6-5bbd2ded9f8b","userid":"1","clienttime":1501817175452,"after":4869}}
{"time":1501817181607,"datetime":"2017-08-04T03:26:21.607Z","level":4,"component":"loguse:1","event":"loguse.client.visible","info":{"clientid":"3d8acb40-737a-11e7-aab6-5bbd2ded9f8b","userid":"1","clienttime":1501817182725,"after":7273}}
{"time":1501817195980,"datetime":"2017-08-04T03:26:35.980Z","level":4,"component":"loguse:1","event":"loguse.client.hidden","info":{"clientid":"3d8acb40-737a-11e7-aab6-5bbd2ded9f8b","userid":"1","clienttime":1501817197088,"after":14363}}
{"time":1501817257571,"datetime":"2017-08-04T03:27:37.571Z","level":4,"component":"loguse:1","event":"loguse.client.visible","info":{"clientid":"3d8acb40-737a-11e7-aab6-5bbd2ded9f8b","userid":"1","clienttime":1501817258650,"after":61562}}
{"time":1501817258598,"datetime":"2017-08-04T03:27:38.598Z","level":4,"component":"loguse:1","event":"loguse.client.hidden","info":{"clientid":"3d8acb40-737a-11e7-aab6-5bbd2ded9f8b","userid":"1","clienttime":1501817259679,"after":1029}}
{"time":1501817259370,"datetime":"2017-08-04T03:27:39.370Z","level":4,"component":"loguse","event":"loguse.client.add","info":{"clientid":"3d8acb40-737a-11e7-aab6-5bbd2ded9f8b","userid":"1"}}
{"time":1501817259378,"datetime":"2017-08-04T03:27:39.378Z","level":4,"component":"loguse:1","event":"loguse.client.visible","info":{"clientid":"3d8acb40-737a-11e7-aab6-5bbd2ded9f8b","userid":"1","clienttime":1501817260225}}
{"time":1501817259379,"datetime":"2017-08-04T03:27:39.379Z","level":4,"component":"loguse:1","event":"loguse.client.view","info":{"userid":"1","clienttime":1501817260226,"path":"/performance/","info":{}}}
{"time":1501817261272,"datetime":"2017-08-04T03:27:41.272Z","level":4,"component":"loguse:1","event":"loguse.client.hidden","info":{"clientid":"3d8acb40-737a-11e7-aab6-5bbd2ded9f8b","userid":"1","clienttime":1501817262350,"after":2125}}
{"time":1501817298763,"datetime":"2017-08-04T03:28:18.763Z","level":4,"component":"loguse:1","event":"loguse.client.visible","info":{"clientid":"3d8acb40-737a-11e7-aab6-5bbd2ded9f8b","userid":"1","clienttime":1501817299823,"after":37473}}
{"time":1501817300156,"datetime":"2017-08-04T03:28:20.156Z","level":4,"component":"loguse:1","event":"loguse.client.hidden","info":{"clientid":"3d8acb40-737a-11e7-aab6-5bbd2ded9f8b","userid":"1","clienttime":1501817301216,"after":1393}}
{"time":1501817300949,"datetime":"2017-08-04T03:28:20.949Z","level":4,"component":"loguse","event":"loguse.client.add","info":{"clientid":"3d8acb40-737a-11e7-aab6-5bbd2ded9f8b","userid":"1"}}
{"time":1501817300960,"datetime":"2017-08-04T03:28:20.960Z","level":4,"component":"loguse:1","event":"loguse.client.visible","info":{"clientid":"3d8acb40-737a-11e7-aab6-5bbd2ded9f8b","userid":"1","clienttime":1501817301794}}
{"time":1501817300960,"datetime":"2017-08-04T03:28:20.960Z","level":4,"component":"loguse:1","event":"loguse.client.view","info":{"userid":"1","clienttime":1501817301795,"path":"/performance/","info":{}}}
{"time":1501817309303,"datetime":"2017-08-04T03:28:29.303Z","level":4,"component":"loguse:1","event":"loguse.client.hidden","info":{"clientid":"3d8acb40-737a-11e7-aab6-5bbd2ded9f8b","userid":"1","clienttime":1501817310357,"after":8563}}
{"time":1501817329636,"datetime":"2017-08-04T03:28:49.636Z","level":4,"component":"loguse:1","event":"loguse.client.visible","info":{"clientid":"3d8acb40-737a-11e7-aab6-5bbd2ded9f8b","userid":"1","clienttime":1501817330679,"after":20322}}
{"time":1501817330876,"datetime":"2017-08-04T03:28:50.876Z","level":4,"component":"loguse:1","event":"loguse.client.hidden","info":{"clientid":"3d8acb40-737a-11e7-aab6-5bbd2ded9f8b","userid":"1","clienttime":1501817331920,"after":1241}}
{"time":1501817331674,"datetime":"2017-08-04T03:28:51.674Z","level":4,"component":"loguse","event":"loguse.client.add","info":{"clientid":"3d8acb40-737a-11e7-aab6-5bbd2ded9f8b","userid":"1"}}
{"time":1501817331682,"datetime":"2017-08-04T03:28:51.682Z","level":4,"component":"loguse:1","event":"loguse.client.visible","info":{"clientid":"3d8acb40-737a-11e7-aab6-5bbd2ded9f8b","userid":"1","clienttime":1501817332502}}
{"time":1501817331683,"datetime":"2017-08-04T03:28:51.683Z","level":4,"component":"loguse:1","event":"loguse.client.view","info":{"userid":"1","clienttime":1501817332504,"path":"/performance/","info":{}}}
{"time":1501817342110,"datetime":"2017-08-04T03:29:02.110Z","level":4,"component":"loguse:1","event":"loguse.client.hidden","info":{"clientid":"3d8acb40-737a-11e7-aab6-5bbd2ded9f8b","userid":"1","clienttime":1501817343146,"after":10644}}
{"time":1501817364407,"datetime":"2017-08-04T03:29:24.407Z","level":4,"component":"loguse:1","event":"loguse.client.visible","info":{"clientid":"3d8acb40-737a-11e7-aab6-5bbd2ded9f8b","userid":"1","clienttime":1501817365434,"after":22288}}
{"time":1501817366020,"datetime":"2017-08-04T03:29:26.020Z","level":4,"component":"loguse:1","event":"loguse.client.hidden","info":{"clientid":"3d8acb40-737a-11e7-aab6-5bbd2ded9f8b","userid":"1","clienttime":1501817367047,"after":1613}}
{"time":1501817366816,"datetime":"2017-08-04T03:29:26.816Z","level":4,"component":"loguse","event":"loguse.client.add","info":{"clientid":"3d8acb40-737a-11e7-aab6-5bbd2ded9f8b","userid":"1"}}
{"time":1501817366837,"datetime":"2017-08-04T03:29:26.837Z","level":4,"component":"loguse:1","event":"loguse.client.visible","info":{"clientid":"3d8acb40-737a-11e7-aab6-5bbd2ded9f8b","userid":"1","clienttime":1501817367627}}
{"time":1501817366837,"datetime":"2017-08-04T03:29:26.837Z","level":4,"component":"loguse:1","event":"loguse.client.view","info":{"userid":"1","clienttime":1501817367628,"path":"/performance/","info":{}}}
{"time":1501817370197,"datetime":"2017-08-04T03:29:30.197Z","level":4,"component":"loguse:1","event":"loguse.client.hidden","info":{"clientid":"3d8acb40-737a-11e7-aab6-5bbd2ded9f8b","userid":"1","clienttime":1501817371219,"after":3592}}
{"time":1501817372130,"datetime":"2017-08-04T03:29:32.130Z","level":4,"component":"loguse:1","event":"loguse.client.visible","info":{"clientid":"3d8acb40-737a-11e7-aab6-5bbd2ded9f8b","userid":"1","clienttime":1501817373152,"after":1933}}
{"time":1501817373329,"datetime":"2017-08-04T03:29:33.329Z","level":4,"component":"loguse:1","event":"loguse.client.hidden","info":{"clientid":"3d8acb40-737a-11e7-aab6-5bbd2ded9f8b","userid":"1","clienttime":1501817374351,"after":1199}}
{"time":1501817374231,"datetime":"2017-08-04T03:29:34.231Z","level":4,"component":"loguse","event":"loguse.client.add","info":{"clientid":"3d8acb40-737a-11e7-aab6-5bbd2ded9f8b","userid":"1"}}
{"time":1501817374246,"datetime":"2017-08-04T03:29:34.246Z","level":4,"component":"loguse:1","event":"loguse.client.visible","info":{"clientid":"3d8acb40-737a-11e7-aab6-5bbd2ded9f8b","userid":"1","clienttime":1501817374927}}
{"time":1501817374246,"datetime":"2017-08-04T03:29:34.246Z","level":4,"component":"loguse:1","event":"loguse.client.view","info":{"userid":"1","clienttime":1501817374928,"path":"/performance/","info":{}}}
{"time":1501817378982,"datetime":"2017-08-04T03:29:38.982Z","level":4,"component":"loguse:1","event":"loguse.client.hidden","info":{"clientid":"3d8acb40-737a-11e7-aab6-5bbd2ded9f8b","userid":"1","clienttime":1501817380001,"after":5074}}
{"time":1501817531969,"datetime":"2017-08-04T03:32:11.969Z","level":4,"component":"loguse:1","event":"loguse.client.visible","info":{"clientid":"3d8acb40-737a-11e7-aab6-5bbd2ded9f8b","userid":"1","clienttime":1501817532911,"after":152910}}
{"time":1501817533230,"datetime":"2017-08-04T03:32:13.230Z","level":4,"component":"loguse:1","event":"loguse.client.hidden","info":{"clientid":"3d8acb40-737a-11e7-aab6-5bbd2ded9f8b","userid":"1","clienttime":1501817534174,"after":1263}}
{"time":1501817534014,"datetime":"2017-08-04T03:32:14.014Z","level":4,"component":"loguse","event":"loguse.client.add","info":{"clientid":"3d8acb40-737a-11e7-aab6-5bbd2ded9f8b","userid":"1"}}
{"time":1501817534040,"datetime":"2017-08-04T03:32:14.040Z","level":4,"component":"loguse:1","event":"loguse.client.visible","info":{"clientid":"3d8acb40-737a-11e7-aab6-5bbd2ded9f8b","userid":"1","clienttime":1501817534746}}
{"time":1501817534041,"datetime":"2017-08-04T03:32:14.041Z","level":4,"component":"loguse:1","event":"loguse.client.view","info":{"userid":"1","clienttime":1501817534747,"path":"/performance/","info":{}}}
{"time":1501817554057,"datetime":"2017-08-04T03:32:34.057Z","level":4,"component":"loguse:1","event":"loguse.client.view","info":{"userid":"1","clienttime":1501817554989,"path":"/performance/","info":{}}}
{"time":1501817558746,"datetime":"2017-08-04T03:32:38.746Z","level":4,"component":"loguse:1","event":"loguse.client.view","info":{"userid":"1","clienttime":1501817559675,"path":"/","info":{}}}
{"time":1501817559814,"datetime":"2017-08-04T03:32:39.814Z","level":4,"component":"loguse:1","event":"loguse.client.view","info":{"userid":"1","clienttime":1501817560744,"path":"/performance/","info":{}}}
{"time":1501817572929,"datetime":"2017-08-04T03:32:52.929Z","level":4,"component":"loguse:1","event":"loguse.client.view","info":{"userid":"1","clienttime":1501817573851,"path":"/performance/","info":{}}}
{"time":1501817586790,"datetime":"2017-08-04T03:33:06.790Z","level":4,"component":"loguse:1","event":"loguse.client.view","info":{"userid":"1","clienttime":1501817587706,"path":"/performance/","info":{}}}
{"time":1501817589887,"datetime":"2017-08-04T03:33:09.887Z","level":4,"component":"loguse:1","event":"loguse.client.hidden","info":{"clientid":"3d8acb40-737a-11e7-aab6-5bbd2ded9f8b","userid":"1","clienttime":1501817590801,"after":56055}}
{"time":1501817674230,"datetime":"2017-08-04T03:34:34.230Z","level":4,"component":"loguse:1","event":"loguse.client.visible","info":{"clientid":"3d8acb40-737a-11e7-aab6-5bbd2ded9f8b","userid":"1","clienttime":1501817675102,"after":84301}}
{"time":1501817675573,"datetime":"2017-08-04T03:34:35.573Z","level":4,"component":"loguse:1","event":"loguse.client.hidden","info":{"clientid":"3d8acb40-737a-11e7-aab6-5bbd2ded9f8b","userid":"1","clienttime":1501817676444,"after":1342}}
{"time":1501817676320,"datetime":"2017-08-04T03:34:36.320Z","level":4,"component":"loguse","event":"loguse.client.add","info":{"clientid":"3d8acb40-737a-11e7-aab6-5bbd2ded9f8b","userid":"1"}}
{"time":1501817676328,"datetime":"2017-08-04T03:34:36.328Z","level":4,"component":"loguse:1","event":"loguse.client.visible","info":{"clientid":"3d8acb40-737a-11e7-aab6-5bbd2ded9f8b","userid":"1","clienttime":1501817676977}}
{"time":1501817676329,"datetime":"2017-08-04T03:34:36.329Z","level":4,"component":"loguse:1","event":"loguse.client.view","info":{"userid":"1","clienttime":1501817676978,"path":"/performance/","info":{}}}
{"time":1501817682533,"datetime":"2017-08-04T03:34:42.533Z","level":4,"component":"loguse:1","event":"loguse.client.hidden","info":{"clientid":"3d8acb40-737a-11e7-aab6-5bbd2ded9f8b","userid":"1","clienttime":1501817683400,"after":6423}}
{"time":1501817687907,"datetime":"2017-08-04T03:34:47.907Z","level":4,"component":"loguse:1","event":"loguse.client.visible","info":{"clientid":"3d8acb40-737a-11e7-aab6-5bbd2ded9f8b","userid":"1","clienttime":1501817688773,"after":5373}}
{"time":1501817688806,"datetime":"2017-08-04T03:34:48.806Z","level":4,"component":"loguse:1","event":"loguse.client.hidden","info":{"clientid":"3d8acb40-737a-11e7-aab6-5bbd2ded9f8b","userid":"1","clienttime":1501817689669,"after":896}}
{"time":1501817746428,"datetime":"2017-08-04T03:35:46.428Z","level":4,"component":"loguse:1","event":"loguse.client.visible","info":{"clientid":"3d8acb40-737a-11e7-aab6-5bbd2ded9f8b","userid":"1","clienttime":1501817747264,"after":57595}}
{"time":1501817754829,"datetime":"2017-08-04T03:35:54.829Z","level":4,"component":"loguse:1","event":"loguse.client.hidden","info":{"clientid":"3d8acb40-737a-11e7-aab6-5bbd2ded9f8b","userid":"1","clienttime":1501817755661,"after":8397}}
{"time":1501817756188,"datetime":"2017-08-04T03:35:56.188Z","level":4,"component":"loguse:1","event":"loguse.client.visible","info":{"clientid":"3d8acb40-737a-11e7-aab6-5bbd2ded9f8b","userid":"1","clienttime":1501817757020,"after":1359}}
{"time":1501817773443,"datetime":"2017-08-04T03:36:13.443Z","level":4,"component":"loguse:1","event":"loguse.client.hidden","info":{"clientid":"3d8acb40-737a-11e7-aab6-5bbd2ded9f8b","userid":"1","clienttime":1501817774265,"after":17245}}
{"time":1501817878305,"datetime":"2017-08-04T03:37:58.305Z","level":4,"component":"loguse:1","event":"loguse.client.visible","info":{"clientid":"3d8acb40-737a-11e7-aab6-5bbd2ded9f8b","userid":"1","clienttime":1501817879075,"after":104810}}
{"time":1501817880415,"datetime":"2017-08-04T03:38:00.415Z","level":4,"component":"loguse","event":"loguse.client.add","info":{"clientid":"3d8acb40-737a-11e7-aab6-5bbd2ded9f8b","userid":"1"}}
{"time":1501817880423,"datetime":"2017-08-04T03:38:00.423Z","level":4,"component":"loguse:1","event":"loguse.client.visible","info":{"clientid":"3d8acb40-737a-11e7-aab6-5bbd2ded9f8b","userid":"1","clienttime":1501817880978}}
{"time":1501817880424,"datetime":"2017-08-04T03:38:00.424Z","level":4,"component":"loguse:1","event":"loguse.client.view","info":{"userid":"1","clienttime":1501817880979,"path":"/performance/","info":{}}}
{"time":1501817892842,"datetime":"2017-08-04T03:38:12.842Z","level":4,"component":"loguse:1","event":"loguse.client.hidden","info":{"clientid":"3d8acb40-737a-11e7-aab6-5bbd2ded9f8b","userid":"1","clienttime":1501817893603,"after":12625}}
{"time":1501817918726,"datetime":"2017-08-04T03:38:38.726Z","level":4,"component":"loguse:1","event":"loguse.client.visible","info":{"clientid":"3d8acb40-737a-11e7-aab6-5bbd2ded9f8b","userid":"1","clienttime":1501817919475,"after":25872}}
{"time":1501817919917,"datetime":"2017-08-04T03:38:39.917Z","level":4,"component":"loguse:1","event":"loguse.client.hidden","info":{"clientid":"3d8acb40-737a-11e7-aab6-5bbd2ded9f8b","userid":"1","clienttime":1501817920668,"after":1193}}
{"time":1501817920689,"datetime":"2017-08-04T03:38:40.689Z","level":4,"component":"loguse","event":"loguse.client.add","info":{"clientid":"3d8acb40-737a-11e7-aab6-5bbd2ded9f8b","userid":"1"}}
{"time":1501817920711,"datetime":"2017-08-04T03:38:40.711Z","level":4,"component":"loguse:1","event":"loguse.client.visible","info":{"clientid":"3d8acb40-737a-11e7-aab6-5bbd2ded9f8b","userid":"1","clienttime":1501817921222}}
{"time":1501817920712,"datetime":"2017-08-04T03:38:40.712Z","level":4,"component":"loguse:1","event":"loguse.client.view","info":{"userid":"1","clienttime":1501817921223,"path":"/performance/","info":{}}}
{"time":1501817928547,"datetime":"2017-08-04T03:38:48.547Z","level":4,"component":"loguse:1","event":"loguse.client.view","info":{"userid":"1","clienttime":1501817929292,"path":"/performance/","info":{}}}
{"time":1501817935413,"datetime":"2017-08-04T03:38:55.413Z","level":4,"component":"loguse:1","event":"loguse.client.view","info":{"userid":"1","clienttime":1501817936155,"path":"/performance/","info":{}}}
{"time":1501817940908,"datetime":"2017-08-04T03:39:00.908Z","level":4,"component":"loguse:1","event":"loguse.client.hidden","info":{"clientid":"3d8acb40-737a-11e7-aab6-5bbd2ded9f8b","userid":"1","clienttime":1501817941645,"after":20423}}
{"time":1501818116356,"datetime":"2017-08-04T03:41:56.356Z","level":4,"component":"loguse:1","event":"loguse.client.visible","info":{"clientid":"3d8acb40-737a-11e7-aab6-5bbd2ded9f8b","userid":"1","clienttime":1501818117007,"after":175362}}
{"time":1501818117769,"datetime":"2017-08-04T03:41:57.769Z","level":4,"component":"loguse:1","event":"loguse.client.hidden","info":{"clientid":"3d8acb40-737a-11e7-aab6-5bbd2ded9f8b","userid":"1","clienttime":1501818118420,"after":1413}}
{"time":1501818118534,"datetime":"2017-08-04T03:41:58.534Z","level":4,"component":"loguse","event":"loguse.client.add","info":{"clientid":"3d8acb40-737a-11e7-aab6-5bbd2ded9f8b","userid":"1"}}
{"time":1501818118550,"datetime":"2017-08-04T03:41:58.550Z","level":4,"component":"loguse:1","event":"loguse.client.visible","info":{"clientid":"3d8acb40-737a-11e7-aab6-5bbd2ded9f8b","userid":"1","clienttime":1501818118962}}
{"time":1501818118551,"datetime":"2017-08-04T03:41:58.551Z","level":4,"component":"loguse:1","event":"loguse.client.view","info":{"userid":"1","clienttime":1501818118963,"path":"/performance/","info":{}}}
{"time":1501818122661,"datetime":"2017-08-04T03:42:02.661Z","level":4,"component":"loguse:1","event":"loguse.client.hidden","info":{"clientid":"3d8acb40-737a-11e7-aab6-5bbd2ded9f8b","userid":"1","clienttime":1501818123306,"after":4344}}
{"time":1501818159618,"datetime":"2017-08-04T03:42:39.618Z","level":4,"component":"loguse:1","event":"loguse.client.visible","info":{"clientid":"3d8acb40-737a-11e7-aab6-5bbd2ded9f8b","userid":"1","clienttime":1501818160247,"after":36941}}
{"time":1501818160722,"datetime":"2017-08-04T03:42:40.722Z","level":4,"component":"loguse:1","event":"loguse.client.hidden","info":{"clientid":"3d8acb40-737a-11e7-aab6-5bbd2ded9f8b","userid":"1","clienttime":1501818161351,"after":1104}}
{"time":1501818846489,"datetime":"2017-08-04T03:54:06.489Z","level":4,"component":"loguse","event":"loguse.client.add","info":{"clientid":"3d8acb40-737a-11e7-aab6-5bbd2ded9f8b","userid":"1"}}
{"time":1501818846507,"datetime":"2017-08-04T03:54:06.507Z","level":4,"component":"loguse:1","event":"loguse.client.visible","info":{"clientid":"3d8acb40-737a-11e7-aab6-5bbd2ded9f8b","userid":"1","clienttime":1501818846775}}
{"time":1501818846508,"datetime":"2017-08-04T03:54:06.508Z","level":4,"component":"loguse:1","event":"loguse.client.view","info":{"userid":"1","clienttime":1501818846777,"path":"/performance/","info":{}}}
{"time":1501818850379,"datetime":"2017-08-04T03:54:10.379Z","level":4,"component":"loguse:1","event":"loguse.client.view","info":{"userid":"1","clienttime":1501818850663,"path":"/performance/","info":{}}}
{"time":1501818857677,"datetime":"2017-08-04T03:54:17.677Z","level":4,"component":"loguse:1","event":"loguse.client.hidden","info":{"clientid":"3d8acb40-737a-11e7-aab6-5bbd2ded9f8b","userid":"1","clienttime":1501818857958,"after":11183}}
{"time":1501818867554,"datetime":"2017-08-04T03:54:27.554Z","level":4,"component":"loguse:1","event":"loguse.client.visible","info":{"clientid":"3d8acb40-737a-11e7-aab6-5bbd2ded9f8b","userid":"1","clienttime":1501818867829,"after":9871}}
{"time":1501818872623,"datetime":"2017-08-04T03:54:32.623Z","level":4,"component":"loguse:1","event":"loguse.client.hidden","info":{"clientid":"3d8acb40-737a-11e7-aab6-5bbd2ded9f8b","userid":"1","clienttime":1501818872895,"after":5066}}
{"time":1501818910633,"datetime":"2017-08-04T03:55:10.633Z","level":4,"component":"loguse:1","event":"loguse.client.visible","info":{"clientid":"3d8acb40-737a-11e7-aab6-5bbd2ded9f8b","userid":"1","clienttime":1501818910887,"after":37992}}
{"time":1501818912223,"datetime":"2017-08-04T03:55:12.223Z","level":4,"component":"loguse:1","event":"loguse.client.hidden","info":{"clientid":"3d8acb40-737a-11e7-aab6-5bbd2ded9f8b","userid":"1","clienttime":1501818912477,"after":1590}}
{"time":1501818916421,"datetime":"2017-08-04T03:55:16.421Z","level":4,"component":"loguse","event":"loguse.client.add","info":{"clientid":"3d8acb40-737a-11e7-aab6-5bbd2ded9f8b","userid":"1"}}
{"time":1501818916442,"datetime":"2017-08-04T03:55:16.442Z","level":4,"component":"loguse:1","event":"loguse.client.visible","info":{"clientid":"3d8acb40-737a-11e7-aab6-5bbd2ded9f8b","userid":"1","clienttime":1501818916673}}
{"time":1501818916444,"datetime":"2017-08-04T03:55:16.444Z","level":4,"component":"loguse:1","event":"loguse.client.view","info":{"userid":"1","clienttime":1501818916674,"path":"/performance/","info":{}}}
{"time":1501818921652,"datetime":"2017-08-04T03:55:21.652Z","level":4,"component":"loguse:1","event":"loguse.client.view","info":{"userid":"1","clienttime":1501818921901,"path":"/performance/","info":{}}}
{"time":1501818937117,"datetime":"2017-08-04T03:55:37.117Z","level":4,"component":"loguse:1","event":"loguse.client.hidden","info":{"clientid":"3d8acb40-737a-11e7-aab6-5bbd2ded9f8b","userid":"1","clienttime":1501818937358,"after":20685}}
{"time":1501818945405,"datetime":"2017-08-04T03:55:45.405Z","level":4,"component":"loguse:1","event":"loguse.client.visible","info":{"clientid":"3d8acb40-737a-11e7-aab6-5bbd2ded9f8b","userid":"1","clienttime":1501818945641,"after":8283}}
{"time":1501818947822,"datetime":"2017-08-04T03:55:47.822Z","level":4,"component":"loguse:1","event":"loguse.client.hidden","info":{"clientid":"3d8acb40-737a-11e7-aab6-5bbd2ded9f8b","userid":"1","clienttime":1501818948056,"after":2415}}
{"time":1501818995257,"datetime":"2017-08-04T03:56:35.257Z","level":4,"component":"loguse:1","event":"loguse.client.visible","info":{"clientid":"3d8acb40-737a-11e7-aab6-5bbd2ded9f8b","userid":"1","clienttime":1501818995469,"after":47413}}
{"time":1501818996295,"datetime":"2017-08-04T03:56:36.295Z","level":4,"component":"loguse:1","event":"loguse.client.hidden","info":{"clientid":"3d8acb40-737a-11e7-aab6-5bbd2ded9f8b","userid":"1","clienttime":1501818996507,"after":1038}}
{"time":1501819001114,"datetime":"2017-08-04T03:56:41.114Z","level":4,"component":"loguse","event":"loguse.client.add","info":{"clientid":"3d8acb40-737a-11e7-aab6-5bbd2ded9f8b","userid":"1"}}
{"time":1501819001133,"datetime":"2017-08-04T03:56:41.133Z","level":4,"component":"loguse:1","event":"loguse.client.visible","info":{"clientid":"3d8acb40-737a-11e7-aab6-5bbd2ded9f8b","userid":"1","clienttime":1501819001323}}
{"time":1501819001133,"datetime":"2017-08-04T03:56:41.133Z","level":4,"component":"loguse:1","event":"loguse.client.view","info":{"userid":"1","clienttime":1501819001325,"path":"/performance/","info":{}}}
{"time":1501819005979,"datetime":"2017-08-04T03:56:45.979Z","level":4,"component":"loguse:1","event":"loguse.client.hidden","info":{"clientid":"3d8acb40-737a-11e7-aab6-5bbd2ded9f8b","userid":"1","clienttime":1501819006184,"after":4861}}
{"time":1501819016401,"datetime":"2017-08-04T03:56:56.401Z","level":4,"component":"loguse:1","event":"loguse.client.visible","info":{"clientid":"3d8acb40-737a-11e7-aab6-5bbd2ded9f8b","userid":"1","clienttime":1501819016602,"after":10418}}
{"time":1501819018757,"datetime":"2017-08-04T03:56:58.757Z","level":4,"component":"loguse:1","event":"loguse.client.hidden","info":{"clientid":"3d8acb40-737a-11e7-aab6-5bbd2ded9f8b","userid":"1","clienttime":1501819018957,"after":2355}}
{"time":1501819036902,"datetime":"2017-08-04T03:57:16.902Z","level":4,"component":"loguse","event":"loguse.client.add","info":{"clientid":"3d8acb40-737a-11e7-aab6-5bbd2ded9f8b","userid":"1"}}
{"time":1501819036909,"datetime":"2017-08-04T03:57:16.909Z","level":4,"component":"loguse:1","event":"loguse.client.visible","info":{"clientid":"3d8acb40-737a-11e7-aab6-5bbd2ded9f8b","userid":"1","clienttime":1501819037093}}
{"time":1501819036909,"datetime":"2017-08-04T03:57:16.909Z","level":4,"component":"loguse:1","event":"loguse.client.view","info":{"userid":"1","clienttime":1501819037093,"path":"/","info":{}}}
{"time":1501819038113,"datetime":"2017-08-04T03:57:18.113Z","level":4,"component":"loguse:1","event":"loguse.client.view","info":{"userid":"1","clienttime":1501819038303,"path":"/performance/","info":{}}}
{"time":1501819070752,"datetime":"2017-08-04T03:57:50.752Z","level":4,"component":"loguse:1","event":"loguse.client.hidden","info":{"clientid":"3d8acb40-737a-11e7-aab6-5bbd2ded9f8b","userid":"1","clienttime":1501819070926,"after":33833}}
{"time":1501819089536,"datetime":"2017-08-04T03:58:09.536Z","level":4,"component":"loguse:1","event":"loguse.client.visible","info":{"clientid":"3d8acb40-737a-11e7-aab6-5bbd2ded9f8b","userid":"1","clienttime":1501819089699,"after":18773}}
{"time":1501819090791,"datetime":"2017-08-04T03:58:10.791Z","level":4,"component":"loguse:1","event":"loguse.client.hidden","info":{"clientid":"3d8acb40-737a-11e7-aab6-5bbd2ded9f8b","userid":"1","clienttime":1501819090956,"after":1257}}
{"time":1501819091590,"datetime":"2017-08-04T03:58:11.590Z","level":4,"component":"loguse","event":"loguse.client.add","info":{"clientid":"3d8acb40-737a-11e7-aab6-5bbd2ded9f8b","userid":"1"}}
{"time":1501819091598,"datetime":"2017-08-04T03:58:11.598Z","level":4,"component":"loguse:1","event":"loguse.client.visible","info":{"clientid":"3d8acb40-737a-11e7-aab6-5bbd2ded9f8b","userid":"1","clienttime":1501819091516}}
{"time":1501819091598,"datetime":"2017-08-04T03:58:11.598Z","level":4,"component":"loguse:1","event":"loguse.client.view","info":{"userid":"1","clienttime":1501819091517,"path":"/performance/","info":{}}}
{"time":1501819101206,"datetime":"2017-08-04T03:58:21.206Z","level":4,"component":"loguse:1","event":"loguse.client.hidden","info":{"clientid":"3d8acb40-737a-11e7-aab6-5bbd2ded9f8b","userid":"1","clienttime":1501819101365,"after":9849}}
{"time":1501819133146,"datetime":"2017-08-04T03:58:53.146Z","level":4,"component":"loguse:1","event":"loguse.client.visible","info":{"clientid":"3d8acb40-737a-11e7-aab6-5bbd2ded9f8b","userid":"1","clienttime":1501819133288,"after":31923}}
{"time":1501819134813,"datetime":"2017-08-04T03:58:54.813Z","level":4,"component":"loguse:1","event":"loguse.client.hidden","info":{"clientid":"3d8acb40-737a-11e7-aab6-5bbd2ded9f8b","userid":"1","clienttime":1501819134956,"after":1668}}
{"time":1501819135619,"datetime":"2017-08-04T03:58:55.619Z","level":4,"component":"loguse","event":"loguse.client.add","info":{"clientid":"3d8acb40-737a-11e7-aab6-5bbd2ded9f8b","userid":"1"}}
{"time":1501819135627,"datetime":"2017-08-04T03:58:55.627Z","level":4,"component":"loguse:1","event":"loguse.client.visible","info":{"clientid":"3d8acb40-737a-11e7-aab6-5bbd2ded9f8b","userid":"1","clienttime":1501819135545}}
{"time":1501819135630,"datetime":"2017-08-04T03:58:55.630Z","level":4,"component":"loguse:1","event":"loguse.client.view","info":{"userid":"1","clienttime":1501819135546,"path":"/performance/","info":{}}}
{"time":1501819144970,"datetime":"2017-08-04T03:59:04.970Z","level":4,"component":"loguse:1","event":"loguse.client.hidden","info":{"clientid":"3d8acb40-737a-11e7-aab6-5bbd2ded9f8b","userid":"1","clienttime":1501819145106,"after":9561}}
{"time":1501819187336,"datetime":"2017-08-04T03:59:47.336Z","level":4,"component":"loguse:1","event":"loguse.client.visible","info":{"clientid":"3d8acb40-737a-11e7-aab6-5bbd2ded9f8b","userid":"1","clienttime":1501819187452,"after":42346}}
{"time":1501819188673,"datetime":"2017-08-04T03:59:48.673Z","level":4,"component":"loguse:1","event":"loguse.client.hidden","info":{"clientid":"3d8acb40-737a-11e7-aab6-5bbd2ded9f8b","userid":"1","clienttime":1501819188789,"after":1337}}
{"time":1501819189481,"datetime":"2017-08-04T03:59:49.481Z","level":4,"component":"loguse","event":"loguse.client.add","info":{"clientid":"3d8acb40-737a-11e7-aab6-5bbd2ded9f8b","userid":"1"}}
{"time":1501819189489,"datetime":"2017-08-04T03:59:49.489Z","level":4,"component":"loguse:1","event":"loguse.client.visible","info":{"clientid":"3d8acb40-737a-11e7-aab6-5bbd2ded9f8b","userid":"1","clienttime":1501819189386}}
{"time":1501819189490,"datetime":"2017-08-04T03:59:49.490Z","level":4,"component":"loguse:1","event":"loguse.client.view","info":{"userid":"1","clienttime":1501819189387,"path":"/performance/","info":{}}}
{"time":1501819194443,"datetime":"2017-08-04T03:59:54.443Z","level":4,"component":"loguse:1","event":"loguse.client.view","info":{"userid":"1","clienttime":1501819194556,"path":"/performance/","info":{}}}
{"time":1501819198305,"datetime":"2017-08-04T03:59:58.305Z","level":4,"component":"loguse:1","event":"loguse.client.hidden","info":{"clientid":"3d8acb40-737a-11e7-aab6-5bbd2ded9f8b","userid":"1","clienttime":1501819198414,"after":9028}}
